[
  {
    "name": "2D_Convolution",
    "state": "compile_error",
    "error_message": "-- The C compiler identification is GNU 11.4.0\n-- The CXX compiler identification is GNU 11.4.0\n-- Detecting C compiler ABI info\n-- Detecting C compiler ABI info - done\n-- Check for working C compiler: /usr/bin/cc - skipped\n-- Detecting C compile features\n-- Detecting C compile features - done\n-- Detecting CXX compiler ABI info\n-- Detecting CXX compiler ABI info - done\n-- Check for working CXX compiler: /usr/bin/c++ - skipped\n-- Detecting CXX compile features\n-- Detecting CXX compile features - done\n-- Configuring done\n-- Generating done\n-- Build files have been written to: /data/users/S113062628/project/chip_llm/.log/2D_Convolution/build\n[ 20%] Building CXX object CMakeFiles/test-dut.dir/Dut.cpp.o\n[ 40%] Building CXX object CMakeFiles/test-dut.dir/SystemPipeline.cpp.o\n[ 60%] Building CXX object CMakeFiles/test-dut.dir/Testbench.cpp.o\n/data/users/S113062628/project/chip_llm/.log/2D_Convolution/Testbench.cpp: In member function \u2018void Testbench::do_feed()\u2019:\n/data/users/S113062628/project/chip_llm/.log/2D_Convolution/Testbench.cpp:78:13: warning: unused variable \u2018in_w\u2019 [-Wunused-variable]\n   78 |         int in_w = in_h;\n      |             ^~~~\n/data/users/S113062628/project/chip_llm/.log/2D_Convolution/Testbench.cpp:80:13: warning: unused variable \u2018ker_w\u2019 [-Wunused-variable]\n   80 |         int ker_w = ker_h;\n      |             ^~~~~\n/data/users/S113062628/project/chip_llm/.log/2D_Convolution/Testbench.cpp: In member function \u2018void Testbench::do_fetch()\u2019:\n/data/users/S113062628/project/chip_llm/.log/2D_Convolution/Testbench.cpp:153:13: warning: unused variable \u2018ker_w\u2019 [-Wunused-variable]\n  153 |         int ker_w = ker_h;\n      |             ^~~~~\n[ 80%] Building CXX object CMakeFiles/test-dut.dir/main.cpp.o\n[100%] Linking CXX executable test-dut\n/usr/bin/ld: CMakeFiles/test-dut.dir/Dut.cpp.o: in function `Dut::do_compute()':\nDut.cpp:(.text+0xea): undefined reference to `Dut::conv2D(double const*, int, int, double const*, int, int, double*)'\ncollect2: error: ld returned 1 exit status\ngmake[2]: *** [CMakeFiles/test-dut.dir/build.make:145: test-dut] Error 1\ngmake[1]: *** [CMakeFiles/Makefile2:83: CMakeFiles/test-dut.dir/all] Error 2\ngmake: *** [Makefile:91: all] Error 2"
  },
  {
    "name": "AES_128",
    "state": "compile_error",
    "error_message": "-- The C compiler identification is GNU 11.4.0\n-- The CXX compiler identification is GNU 11.4.0\n-- Detecting C compiler ABI info\n-- Detecting C compiler ABI info - done\n-- Check for working C compiler: /usr/bin/cc - skipped\n-- Detecting C compile features\n-- Detecting C compile features - done\n-- Detecting CXX compiler ABI info\n-- Detecting CXX compiler ABI info - done\n-- Check for working CXX compiler: /usr/bin/c++ - skipped\n-- Detecting CXX compile features\n-- Detecting CXX compile features - done\n-- Configuring done\n-- Generating done\n-- Build files have been written to: /data/users/S113062628/project/chip_llm/.log/AES_128/build\n[ 20%] Building CXX object CMakeFiles/test-dut.dir/Dut.cpp.o\n[ 40%] Building CXX object CMakeFiles/test-dut.dir/SystemPipeline.cpp.o\n[ 60%] Building CXX object CMakeFiles/test-dut.dir/Testbench.cpp.o\n/data/users/S113062628/project/chip_llm/.log/AES_128/Testbench.cpp: In member function \u2018void Testbench::do_feed()\u2019:\n/data/users/S113062628/project/chip_llm/.log/AES_128/Testbench.cpp:22:22: error: variable \u2018std::ifstream fin\u2019 has initializer but incomplete type\n   22 |     std::ifstream fin(\"testcases.txt\");\n      |                      ^\n/data/users/S113062628/project/chip_llm/.log/AES_128/Testbench.cpp: In member function \u2018void Testbench::do_fetch()\u2019:\n/data/users/S113062628/project/chip_llm/.log/AES_128/Testbench.cpp:65:22: error: variable \u2018std::ifstream fin\u2019 has initializer but incomplete type\n   65 |     std::ifstream fin(\"expected_ciphertexts.txt\");\n      |                      ^\n/data/users/S113062628/project/chip_llm/.log/AES_128/Testbench.cpp:101:47: error: \u2018testcases\u2019 was not declared in this scope\n  101 |                 std::cout << static_cast<int>(testcases[idx].first[i]) << \" \";\n      |                                               ^~~~~~~~~\n/data/users/S113062628/project/chip_llm/.log/AES_128/Testbench.cpp:106:47: error: \u2018testcases\u2019 was not declared in this scope\n  106 |                 std::cout << static_cast<int>(testcases[idx].second[i]) << \" \";\n      |                                               ^~~~~~~~~\n/data/users/S113062628/project/chip_llm/.log/AES_128/Testbench.cpp:118:47: error: \u2018testcases\u2019 was not declared in this scope\n  118 |                 std::cerr << static_cast<int>(testcases[idx].first[i]) << \" \";\n      |                                               ^~~~~~~~~\n/data/users/S113062628/project/chip_llm/.log/AES_128/Testbench.cpp:123:47: error: \u2018testcases\u2019 was not declared in this scope\n  123 |                 std::cerr << static_cast<int>(testcases[idx].second[i]) << \" \";\n      |                                               ^~~~~~~~~\ngmake[2]: *** [CMakeFiles/test-dut.dir/build.make:104: CMakeFiles/test-dut.dir/Testbench.cpp.o] Error 1\ngmake[1]: *** [CMakeFiles/Makefile2:83: CMakeFiles/test-dut.dir/all] Error 2\ngmake: *** [Makefile:91: all] Error 2"
  },
  {
    "name": "AddTwoBinaryStrings",
    "state": "compile_error",
    "error_message": "-- The C compiler identification is GNU 11.4.0\n-- The CXX compiler identification is GNU 11.4.0\n-- Detecting C compiler ABI info\n-- Detecting C compiler ABI info - done\n-- Check for working C compiler: /usr/bin/cc - skipped\n-- Detecting C compile features\n-- Detecting C compile features - done\n-- Detecting CXX compiler ABI info\n-- Detecting CXX compiler ABI info - done\n-- Check for working CXX compiler: /usr/bin/c++ - skipped\n-- Detecting CXX compile features\n-- Detecting CXX compile features - done\n-- Configuring done\n-- Generating done\n-- Build files have been written to: /data/users/S113062628/project/chip_llm/.log/AddTwoBinaryStrings/build\n[ 20%] Building CXX object CMakeFiles/test-dut.dir/Dut.cpp.o\n/data/users/S113062628/project/chip_llm/.log/AddTwoBinaryStrings/Dut.cpp: In function \u2018std::string addBinary(std::string, std::string)\u2019:\n/data/users/S113062628/project/chip_llm/.log/AddTwoBinaryStrings/Dut.cpp:75:22: warning: comparison of integer expressions of different signedness: \u2018int\u2019 and \u2018std::__cxx11::basic_string<char>::size_type\u2019 {aka \u2018long unsigned int\u2019} [-Wsign-compare]\n   75 |     while (index + 1 < res.length() && res[index] == '0')\n      |            ~~~~~~~~~~^~~~~~~~~~~~~~\n[ 40%] Building CXX object CMakeFiles/test-dut.dir/SystemPipeline.cpp.o\n[ 60%] Building CXX object CMakeFiles/test-dut.dir/Testbench.cpp.o\n/data/users/S113062628/project/chip_llm/.log/AddTwoBinaryStrings/Testbench.cpp: In member function \u2018void Testbench::do_fetch()\u2019:\n/data/users/S113062628/project/chip_llm/.log/AddTwoBinaryStrings/Testbench.cpp:81:39: error: \u2018inputs\u2019 was not declared in this scope; did you mean \u2018puts\u2019?\n   81 |             std::cout << \"Input: \" << inputs[idx] << \"\\n\";\n      |                                       ^~~~~~\n      |                                       puts\n/data/users/S113062628/project/chip_llm/.log/AddTwoBinaryStrings/Testbench.cpp:85:39: error: \u2018inputs\u2019 was not declared in this scope; did you mean \u2018puts\u2019?\n   85 |             std::cerr << \"Input: \" << inputs[idx] << \"\\n\";\n      |                                       ^~~~~~\n      |                                       puts\ngmake[2]: *** [CMakeFiles/test-dut.dir/build.make:104: CMakeFiles/test-dut.dir/Testbench.cpp.o] Error 1\ngmake[1]: *** [CMakeFiles/Makefile2:83: CMakeFiles/test-dut.dir/all] Error 2\ngmake: *** [Makefile:91: all] Error 2"
  },
  {
    "name": "AddTwoMatrices",
    "state": "unit_test_pass",
    "error_message": ""
  },
  {
    "name": "ArrayRotation",
    "state": "compile_error",
    "error_message": "-- The C compiler identification is GNU 11.4.0\n-- The CXX compiler identification is GNU 11.4.0\n-- Detecting C compiler ABI info\n-- Detecting C compiler ABI info - done\n-- Check for working C compiler: /usr/bin/cc - skipped\n-- Detecting C compile features\n-- Detecting C compile features - done\n-- Detecting CXX compiler ABI info\n-- Detecting CXX compiler ABI info - done\n-- Check for working CXX compiler: /usr/bin/c++ - skipped\n-- Detecting CXX compile features\n-- Detecting CXX compile features - done\n-- Configuring done\n-- Generating done\n-- Build files have been written to: /data/users/S113062628/project/chip_llm/.log/ArrayRotation/build\n[ 20%] Building CXX object CMakeFiles/test-dut.dir/Dut.cpp.o\n[ 40%] Building CXX object CMakeFiles/test-dut.dir/SystemPipeline.cpp.o\n[ 60%] Building CXX object CMakeFiles/test-dut.dir/Testbench.cpp.o\n/data/users/S113062628/project/chip_llm/.log/ArrayRotation/Testbench.cpp:185:22: warning: missing terminating \" character\n  185 |         std::cout << \"All tests passed successfully.\\\" << std::endl;\n      |                      ^\n/data/users/S113062628/project/chip_llm/.log/ArrayRotation/Testbench.cpp:185:22: error: missing terminating \" character\n  185 |         std::cout << \"All tests passed successfully.\\\" << std::endl;\n      |                      ^~~~~~~~~~~~~~~~~~~~~~~~~~~~~~~~~~~~~~~~~~~~~~~\n/data/users/S113062628/project/chip_llm/.log/ArrayRotation/Testbench.cpp: In member function \u2018void Testbench::do_fetch()\u2019:\n/data/users/S113062628/project/chip_llm/.log/ArrayRotation/Testbench.cpp:186:5: error: expected primary-expression before \u2018}\u2019 token\n  186 |     }\n      |     ^\ngmake[2]: *** [CMakeFiles/test-dut.dir/build.make:104: CMakeFiles/test-dut.dir/Testbench.cpp.o] Error 1\ngmake[1]: *** [CMakeFiles/Makefile2:83: CMakeFiles/test-dut.dir/all] Error 2\ngmake: *** [Makefile:91: all] Error 2"
  },
  {
    "name": "BinarytoDecimalConversion",
    "state": "runtime_error",
    "error_message": "-- The C compiler identification is GNU 11.4.0\n-- The CXX compiler identification is GNU 11.4.0\n-- Detecting C compiler ABI info\n-- Detecting C compiler ABI info - done\n-- Check for working C compiler: /usr/bin/cc - skipped\n-- Detecting C compile features\n-- Detecting C compile features - done\n-- Detecting CXX compiler ABI info\n-- Detecting CXX compiler ABI info - done\n-- Check for working CXX compiler: /usr/bin/c++ - skipped\n-- Detecting CXX compile features\n-- Detecting CXX compile features - done\n-- Configuring done\n-- Generating done\n-- Build files have been written to: /data/users/S113062628/project/chip_llm/.log/BinarytoDecimalConversion/build\n[ 20%] Building CXX object CMakeFiles/test-dut.dir/Dut.cpp.o\n[ 40%] Building CXX object CMakeFiles/test-dut.dir/SystemPipeline.cpp.o\n[ 60%] Building CXX object CMakeFiles/test-dut.dir/Testbench.cpp.o\n[ 80%] Building CXX object CMakeFiles/test-dut.dir/main.cpp.o\n[100%] Linking CXX executable test-dut\n[100%] Built target test-dut\n\n        SystemC 2.3.3-Accellera --- Mar  4 2025 16:59:36\n        Copyright (c) 1996-2018 by all Contributors,\n        ALL RIGHTS RESERVED\n\nError: (E107) bind interface to port failed: interface already bound to port: port 'sys.tb.port_2' (sc_fifo_out)\nIn file: ../../../src/sysc/communication/sc_port.cpp:235"
  },
  {
    "name": "CheckWhetheraNumberCanbeExpressedasSumofTwoPrimeNumbers",
    "state": "unit_test_fail",
    "error_message": "-- The C compiler identification is GNU 11.4.0\n-- The CXX compiler identification is GNU 11.4.0\n-- Detecting C compiler ABI info\n-- Detecting C compiler ABI info - done\n-- Check for working C compiler: /usr/bin/cc - skipped\n-- Detecting C compile features\n-- Detecting C compile features - done\n-- Detecting CXX compiler ABI info\n-- Detecting CXX compiler ABI info - done\n-- Check for working CXX compiler: /usr/bin/c++ - skipped\n-- Detecting CXX compile features\n-- Detecting CXX compile features - done\n-- Configuring done\n-- Generating done\n-- Build files have been written to: /data/users/S113062628/project/chip_llm/.log/CheckWhetheraNumberCanbeExpressedasSumofTwoPrimeNumbers/build\n[ 20%] Building CXX object CMakeFiles/test-dut.dir/Dut.cpp.o\n[ 40%] Building CXX object CMakeFiles/test-dut.dir/SystemPipeline.cpp.o\n[ 60%] Building CXX object CMakeFiles/test-dut.dir/Testbench.cpp.o\n[ 80%] Building CXX object CMakeFiles/test-dut.dir/main.cpp.o\n[100%] Linking CXX executable test-dut\n[100%] Built target test-dut\n\n        SystemC 2.3.3-Accellera --- Mar  4 2025 16:59:36\n        Copyright (c) 1996-2018 by all Contributors,\n        ALL RIGHTS RESERVED\nTest case 1 failed.\nInput: N = 4474\nOutput: 0, Expected: 1\n\nTest case 2 failed.\nInput: N = 2224\nOutput: 0, Expected: 1\n\nTest case 3 passed.\nInput: N = 9711\nOutput: 0\n\nTest case 4 failed.\nInput: N = 8666\nOutput: 0, Expected: 1\n\nTest case 5 passed.\nInput: N = 9879\nOutput: 0\n\nTest case 6 failed.\nInput: N = 3456\nOutput: 0, Expected: 1\n\nTest case 7 passed.\nInput: N = 6575\nOutput: 0\n\nTest case 8 passed.\nInput: N = 2689\nOutput: 1\n\nTest case 9 failed.\nInput: N = 5118\nOutput: 0, Expected: 1\n\nTest case 10 failed.\nInput: N = 1195\nOutput: 0, Expected: 1\n\nTest case 11 passed.\nInput: N = 2713\nOutput: 1\n\nTest case 12 passed.\nInput: N = 2753\nOutput: 0\n\nTest case 13 failed.\nInput: N = 1348\nOutput: 0, Expected: 1\n\nTest case 14 failed.\nInput: N = 4944\nOutput: 0, Expected: 1\n\nTest case 15 failed.\nInput: N = 2628\nOutput: 0, Expected: 1\n\nTest case 16 failed.\nInput: N = 2330\nOutput: 0, Expected: 1\n\nTest case 17 failed.\nInput: N = 2019\nOutput: 0, Expected: 1\n\nTest case 18 failed.\nInput: N = 2413\nOutput: 0, Expected: 1\n\nTest case 19 passed.\nInput: N = 2073\nOutput: 0\n\nTest case 20 failed.\nInput: N = 9362\nOutput: 0, Expected: 1\n\nTest case 21 failed.\nInput: N = 8862\nOutput: 0, Expected: 1\n\nTest case 22 passed.\nInput: N = 1345\nOutput: 0\n\nTest case 23 passed.\nInput: N = 7023\nOutput: 0\n\nTest case 24 failed.\nInput: N = 2714\nOutput: 0, Expected: 1\n\nTest case 25 failed.\nInput: N = 1328\nOutput: 0, Expected: 1\n\nTest case 26 passed.\nInput: N = 9545\nOutput: 0\n\nTest case 27 failed.\nInput: N = 8922\nOutput: 0, Expected: 1\n\nTest case 28 failed.\nInput: N = 24\nOutput: 0, Expected: 1\n\nTest case 29 passed.\nInput: N = 3743\nOutput: 0\n\nTest case 30 failed.\nInput: N = 7848\nOutput: 0, Expected: 1\n\nTest case 31 failed.\nInput: N = 5672\nOutput: 0, Expected: 1\n\nTest case 32 passed.\nInput: N = 215\nOutput: 0\n\nTest case 33 failed.\nInput: N = 1160\nOutput: 0, Expected: 1\n\nTest case 34 failed.\nInput: N = 5954\nOutput: 0, Expected: 1\n\nTest case 35 passed.\nInput: N = 2991\nOutput: 0\n\nTest case 36 failed.\nInput: N = 2715\nOutput: 0, Expected: 1\n\nTest case 37 failed.\nInput: N = 7272\nOutput: 0, Expected: 1\n\nTest case 38 passed.\nInput: N = 8489\nOutput: 0\n\nTest case 39 passed.\nInput: N = 7227\nOutput: 0\n\nTest case 40 failed.\nInput: N = 5652\nOutput: 0, Expected: 1\n\nTest case 41 passed.\nInput: N = 3487\nOutput: 0\n\nTest case 42 passed.\nInput: N = 1397\nOutput: 0\n\nTest case 43 failed.\nInput: N = 9504\nOutput: 0, Expected: 1\n\nTest case 44 failed.\nInput: N = 4420\nOutput: 0, Expected: 1\n\nTest case 45 failed.\nInput: N = 5556\nOutput: 0, Expected: 1\n\nTest case 46 failed.\nInput: N = 2550\nOutput: 0, Expected: 1\n\nTest case 47 passed.\nInput: N = 8115\nOutput: 0\n\nTest case 48 failed.\nInput: N = 64\nOutput: 0, Expected: 1\n\nTest case 49 failed.\nInput: N = 9576\nOutput: 0, Expected: 1\n\nTest case 50 failed.\nInput: N = 3358\nOutput: 0, Expected: 1\n\nTest case 51 failed.\nInput: N = 4554\nOutput: 0, Expected: 1\n\nTest case 52 failed.\nInput: N = 6130\nOutput: 0, Expected: 1\n\nTest case 53 passed.\nInput: N = 2191\nOutput: 0\n\nTest case 54 failed.\nInput: N = 7248\nOutput: 0, Expected: 1\n\nTest case 55 failed.\nInput: N = 2769\nOutput: 0, Expected: 1\n\nTest case 56 failed.\nInput: N = 2252\nOutput: 0, Expected: 1\n\nTest case 57 failed.\nInput: N = 7042\nOutput: 0, Expected: 1\n\nTest case 58 passed.\nInput: N = 9457\nOutput: 0\n\nTest case 59 passed.\nInput: N = 6387\nOutput: 0\n\nTest case 60 passed.\nInput: N = 5163\nOutput: 0\n\nTest case 61 failed.\nInput: N = 6918\nOutput: 0, Expected: 1\n\nTest case 62 passed.\nInput: N = 6047\nOutput: 0\n\nTest case 63 passed.\nInput: N = 3007\nOutput: 0\n\nTest case 64 failed.\nInput: N = 490\nOutput: 0, Expected: 1\n\nTest case 65 failed.\nInput: N = 8296\nOutput: 0, Expected: 1\n\nTest case 66 failed.\nInput: N = 6735\nOutput: 0, Expected: 1\n\nTest case 67 failed.\nInput: N = 7609\nOutput: 0, Expected: 1\n\nTest case 68 passed.\nInput: N = 7969\nOutput: 0\n\nTest case 69 failed.\nInput: N = 8048\nOutput: 0, Expected: 1\n\nTest case 70 failed.\nInput: N = 2284\nOutput: 0, Expected: 1\n\nTest case 71 failed.\nInput: N = 8076\nOutput: 0, Expected: 1\n\nTest case 72 passed.\nInput: N = 3055\nOutput: 0\n\nTest case 73 passed.\nInput: N = 6593\nOutput: 0\n\nTest case 74 failed.\nInput: N = 5218\nOutput: 0, Expected: 1\n\nTest case 75 failed.\nInput: N = 4600\nOutput: 0, Expected: 1\n\nTest case 76 passed.\nInput: N = 8949\nOutput: 0\n\nTest case 77 failed.\nInput: N = 4434\nOutput: 0, Expected: 1\n\nTest case 78 failed.\nInput: N = 432\nOutput: 0, Expected: 1\n\nTest case 79 passed.\nInput: N = 4185\nOutput: 0\n\nTest case 80 passed.\nInput: N = 7089\nOutput: 0\n\nTest case 81 passed.\nInput: N = 6275\nOutput: 0\n\nTest case 82 passed.\nInput: N = 7649\nOutput: 0\n\nTest case 83 passed.\nInput: N = 5901\nOutput: 0\n\nTest case 84 failed.\nInput: N = 9244\nOutput: 0, Expected: 1\n\nTest case 85 passed.\nInput: N = 551\nOutput: 0\n\nTest case 86 failed.\nInput: N = 3232\nOutput: 0, Expected: 1\n\nTest case 87 passed.\nInput: N = 9407\nOutput: 0\n\nTest case 88 passed.\nInput: N = 1547\nOutput: 0\n\nTest case 89 passed.\nInput: N = 4363\nOutput: 0\n\nTest case 90 failed.\nInput: N = 3543\nOutput: 0, Expected: 1\n\nTest case 91 failed.\nInput: N = 9832\nOutput: 0, Expected: 1\n\nTest case 92 failed.\nInput: N = 5710\nOutput: 0, Expected: 1\n\nTest case 93 failed.\nInput: N = 85\nOutput: 0, Expected: 1\n\nTest case 94 passed.\nInput: N = 7859\nOutput: 0\n\nTest case 95 failed.\nInput: N = 2574\nOutput: 0, Expected: 1\n\nTest case 96 failed.\nInput: N = 2295\nOutput: 0, Expected: 1\n\nTest case 97 passed.\nInput: N = 5873\nOutput: 0\n\nTest case 98 failed.\nInput: N = 6056\nOutput: 0, Expected: 1\n\nTest case 99 failed.\nInput: N = 528\nOutput: 0, Expected: 1\n\nTest case 100 passed.\nInput: N = 3733\nOutput: 0\n\n\nFatal: Testbench: Some test cases failed.\nIn file: /data/users/S113062628/project/chip_llm/.log/CheckWhetheraNumberCanbeExpressedasSumofTwoPrimeNumbers/Testbench.cpp:139\nIn process: sys.tb.do_fetch @ 1050 ns\n\nInfo: (I99) simulation aborted"
  },
  {
    "name": "CheckWhetheraNumberisPrimeorNot",
    "state": "unit_test_pass",
    "error_message": ""
  },
  {
    "name": "CopyAlltheElementsofOneArraytoAnotherintheReverseOrder",
    "state": "unit_test_pass",
    "error_message": ""
  },
  {
    "name": "FFT",
    "state": "compile_error",
    "error_message": "-- The C compiler identification is GNU 11.4.0\n-- The CXX compiler identification is GNU 11.4.0\n-- Detecting C compiler ABI info\n-- Detecting C compiler ABI info - done\n-- Check for working C compiler: /usr/bin/cc - skipped\n-- Detecting C compile features\n-- Detecting C compile features - done\n-- Detecting CXX compiler ABI info\n-- Detecting CXX compiler ABI info - done\n-- Check for working CXX compiler: /usr/bin/c++ - skipped\n-- Detecting CXX compile features\n-- Detecting CXX compile features - done\n-- Configuring done\n-- Generating done\n-- Build files have been written to: /data/users/S113062628/project/chip_llm/.log/FFT/build\n[ 20%] Building CXX object CMakeFiles/test-dut.dir/Dut.cpp.o\n/data/users/S113062628/project/chip_llm/.log/FFT/Dut.cpp:6:14: error: redefinition of \u2018const double PI\u2019\n    6 | const double PI = 3.14159265358979323846;\n      |              ^~\nIn file included from /data/users/S113062628/project/chip_llm/.log/FFT/Dut.cpp:2:\n/data/users/S113062628/project/chip_llm/.log/FFT/Dut.h:23:14: note: \u2018const double PI\u2019 previously defined here\n   23 | const double PI = 3.14159265358979323846;\n      |              ^~\n/data/users/S113062628/project/chip_llm/.log/FFT/Dut.cpp:29:8: error: redefinition of \u2018struct Complex\u2019\n   29 | struct Complex {\n      |        ^~~~~~~\nIn file included from /data/users/S113062628/project/chip_llm/.log/FFT/Dut.cpp:2:\n/data/users/S113062628/project/chip_llm/.log/FFT/Dut.h:8:8: note: previous definition of \u2018struct Complex\u2019\n    8 | struct Complex {\n      |        ^~~~~~~\ngmake[2]: *** [CMakeFiles/test-dut.dir/build.make:76: CMakeFiles/test-dut.dir/Dut.cpp.o] Error 1\ngmake[1]: *** [CMakeFiles/Makefile2:83: CMakeFiles/test-dut.dir/all] Error 2\ngmake: *** [Makefile:91: all] Error 2"
  },
  {
    "name": "FibonacciNumber",
    "state": "unit_test_pass",
    "error_message": ""
  },
  {
    "name": "FindFactorialofaNumber",
    "state": "unit_test_pass",
    "error_message": ""
  },
  {
    "name": "FindGCD",
    "state": "unit_test_pass",
    "error_message": ""
  },
  {
    "name": "FindLCM",
    "state": "compile_error",
    "error_message": "-- The C compiler identification is GNU 11.4.0\n-- The CXX compiler identification is GNU 11.4.0\n-- Detecting C compiler ABI info\n-- Detecting C compiler ABI info - done\n-- Check for working C compiler: /usr/bin/cc - skipped\n-- Detecting C compile features\n-- Detecting C compile features - done\n-- Detecting CXX compiler ABI info\n-- Detecting CXX compiler ABI info - done\n-- Check for working CXX compiler: /usr/bin/c++ - skipped\n-- Detecting CXX compile features\n-- Detecting CXX compile features - done\n-- Configuring done\n-- Generating done\n-- Build files have been written to: /data/users/S113062628/project/chip_llm/.log/FindLCM/build\n[ 20%] Building CXX object CMakeFiles/test-dut.dir/Dut.cpp.o\n/data/users/S113062628/project/chip_llm/.log/FindLCM/Dut.cpp: In function \u2018void find_lcm(int, int)\u2019:\n/data/users/S113062628/project/chip_llm/.log/FindLCM/Dut.cpp:15:13: error: \u2018cout\u2019 was not declared in this scope; did you mean \u2018std::cout\u2019?\n   15 |             cout << \"LCM of \" << a << \" and \" << b << \" is \"\n      |             ^~~~\n      |             std::cout\nIn file included from /usr/local/systemc-2.3.3/include/sysc/kernel/sc_object.h:34,\n                 from /usr/local/systemc-2.3.3/include/sysc/kernel/sc_process.h:35,\n                 from /usr/local/systemc-2.3.3/include/sysc/kernel/sc_module.h:35,\n                 from /usr/local/systemc-2.3.3/include/systemc:74,\n                 from /data/users/S113062628/project/chip_llm/.log/FindLCM/Dut.h:5,\n                 from /data/users/S113062628/project/chip_llm/.log/FindLCM/Dut.cpp:2:\n/usr/include/c++/11/iostream:61:18: note: \u2018std::cout\u2019 declared here\n   61 |   extern ostream cout;          /// Linked to standard output\n      |                  ^~~~\ngmake[2]: *** [CMakeFiles/test-dut.dir/build.make:76: CMakeFiles/test-dut.dir/Dut.cpp.o] Error 1\ngmake[1]: *** [CMakeFiles/Makefile2:83: CMakeFiles/test-dut.dir/all] Error 2\ngmake: *** [Makefile:91: all] Error 2"
  },
  {
    "name": "FindPowerWithoutUsingMultiplicationAndDivisionOperators",
    "state": "compile_error",
    "error_message": "-- The C compiler identification is GNU 11.4.0\n-- The CXX compiler identification is GNU 11.4.0\n-- Detecting C compiler ABI info\n-- Detecting C compiler ABI info - done\n-- Check for working C compiler: /usr/bin/cc - skipped\n-- Detecting C compile features\n-- Detecting C compile features - done\n-- Detecting CXX compiler ABI info\n-- Detecting CXX compiler ABI info - done\n-- Check for working CXX compiler: /usr/bin/c++ - skipped\n-- Detecting CXX compile features\n-- Detecting CXX compile features - done\n-- Configuring done\n-- Generating done\n-- Build files have been written to: /data/users/S113062628/project/chip_llm/.log/FindPowerWithoutUsingMultiplicationAndDivisionOperators/build\n[ 20%] Building CXX object CMakeFiles/test-dut.dir/Dut.cpp.o\n[ 40%] Building CXX object CMakeFiles/test-dut.dir/SystemPipeline.cpp.o\n[ 60%] Building CXX object CMakeFiles/test-dut.dir/Testbench.cpp.o\n/data/users/S113062628/project/chip_llm/.log/FindPowerWithoutUsingMultiplicationAndDivisionOperators/Testbench.cpp:138:22: warning: missing terminating \" character\n  138 |         std::cout << \"All tests passed successfully.\\\" << std::endl;\n      |                      ^\n/data/users/S113062628/project/chip_llm/.log/FindPowerWithoutUsingMultiplicationAndDivisionOperators/Testbench.cpp:138:22: error: missing terminating \" character\n  138 |         std::cout << \"All tests passed successfully.\\\" << std::endl;\n      |                      ^~~~~~~~~~~~~~~~~~~~~~~~~~~~~~~~~~~~~~~~~~~~~~~\n/data/users/S113062628/project/chip_llm/.log/FindPowerWithoutUsingMultiplicationAndDivisionOperators/Testbench.cpp: In member function \u2018void Testbench::do_fetch()\u2019:\n/data/users/S113062628/project/chip_llm/.log/FindPowerWithoutUsingMultiplicationAndDivisionOperators/Testbench.cpp:139:5: error: expected primary-expression before \u2018}\u2019 token\n  139 |     }\n      |     ^\ngmake[2]: *** [CMakeFiles/test-dut.dir/build.make:104: CMakeFiles/test-dut.dir/Testbench.cpp.o] Error 1\ngmake[1]: *** [CMakeFiles/Makefile2:83: CMakeFiles/test-dut.dir/all] Error 2\ngmake: *** [Makefile:91: all] Error 2"
  },
  {
    "name": "FindtheDeterminantofaMatrix",
    "state": "compile_error",
    "error_message": "-- The C compiler identification is GNU 11.4.0\n-- The CXX compiler identification is GNU 11.4.0\n-- Detecting C compiler ABI info\n-- Detecting C compiler ABI info - done\n-- Check for working C compiler: /usr/bin/cc - skipped\n-- Detecting C compile features\n-- Detecting C compile features - done\n-- Detecting CXX compiler ABI info\n-- Detecting CXX compiler ABI info - done\n-- Check for working CXX compiler: /usr/bin/c++ - skipped\n-- Detecting CXX compile features\n-- Detecting CXX compile features - done\n-- Configuring done\n-- Generating done\n-- Build files have been written to: /data/users/S113062628/project/chip_llm/.log/FindtheDeterminantofaMatrix/build\n[ 20%] Building CXX object CMakeFiles/test-dut.dir/Dut.cpp.o\n[ 40%] Building CXX object CMakeFiles/test-dut.dir/SystemPipeline.cpp.o\nIn file included from /data/users/S113062628/project/chip_llm/.log/FindtheDeterminantofaMatrix/SystemPipeline.cpp:1:\n/data/users/S113062628/project/chip_llm/.log/FindtheDeterminantofaMatrix/SystemPipeline.h:12:8: error: redefinition of \u2018struct Testcase\u2019\n   12 | struct Testcase {\n      |        ^~~~~~~~\nIn file included from /data/users/S113062628/project/chip_llm/.log/FindtheDeterminantofaMatrix/SystemPipeline.h:7,\n                 from /data/users/S113062628/project/chip_llm/.log/FindtheDeterminantofaMatrix/SystemPipeline.cpp:1:\n/data/users/S113062628/project/chip_llm/.log/FindtheDeterminantofaMatrix/Testbench.h:9:8: note: previous definition of \u2018struct Testcase\u2019\n    9 | struct Testcase {\n      |        ^~~~~~~~\ngmake[2]: *** [CMakeFiles/test-dut.dir/build.make:90: CMakeFiles/test-dut.dir/SystemPipeline.cpp.o] Error 1\ngmake[1]: *** [CMakeFiles/Makefile2:83: CMakeFiles/test-dut.dir/all] Error 2\ngmake: *** [Makefile:91: all] Error 2"
  },
  {
    "name": "Gaussian_Blur",
    "state": "compile_error",
    "error_message": "-- The C compiler identification is GNU 11.4.0\n-- The CXX compiler identification is GNU 11.4.0\n-- Detecting C compiler ABI info\n-- Detecting C compiler ABI info - done\n-- Check for working C compiler: /usr/bin/cc - skipped\n-- Detecting C compile features\n-- Detecting C compile features - done\n-- Detecting CXX compiler ABI info\n-- Detecting CXX compiler ABI info - done\n-- Check for working CXX compiler: /usr/bin/c++ - skipped\n-- Detecting CXX compile features\n-- Detecting CXX compile features - done\n-- Configuring done\n-- Generating done\n-- Build files have been written to: /data/users/S113062628/project/chip_llm/.log/Gaussian_Blur/build\n[ 20%] Building CXX object CMakeFiles/test-dut.dir/Dut.cpp.o\n[ 40%] Building CXX object CMakeFiles/test-dut.dir/SystemPipeline.cpp.o\n[ 60%] Building CXX object CMakeFiles/test-dut.dir/Testbench.cpp.o\n/data/users/S113062628/project/chip_llm/.log/Gaussian_Blur/Testbench.cpp: In member function \u2018void Testbench::do_fetch()\u2019:\n/data/users/S113062628/project/chip_llm/.log/Gaussian_Blur/Testbench.cpp:89:26: error: \u2018expected\u2019 was not declared in this scope\n   89 |         if (output[i] != expected[i]) {\n      |                          ^~~~~~~~\ngmake[2]: *** [CMakeFiles/test-dut.dir/build.make:104: CMakeFiles/test-dut.dir/Testbench.cpp.o] Error 1\ngmake[1]: *** [CMakeFiles/Makefile2:83: CMakeFiles/test-dut.dir/all] Error 2\ngmake: *** [Makefile:91: all] Error 2"
  },
  {
    "name": "InterchangeElementsofFirstAndLastRowsinMatrix",
    "state": "compile_error",
    "error_message": "-- The C compiler identification is GNU 11.4.0\n-- The CXX compiler identification is GNU 11.4.0\n-- Detecting C compiler ABI info\n-- Detecting C compiler ABI info - done\n-- Check for working C compiler: /usr/bin/cc - skipped\n-- Detecting C compile features\n-- Detecting C compile features - done\n-- Detecting CXX compiler ABI info\n-- Detecting CXX compiler ABI info - done\n-- Check for working CXX compiler: /usr/bin/c++ - skipped\n-- Detecting CXX compile features\n-- Detecting CXX compile features - done\n-- Configuring done\n-- Generating done\n-- Build files have been written to: /data/users/S113062628/project/chip_llm/.log/InterchangeElementsofFirstAndLastRowsinMatrix/build\n[ 20%] Building CXX object CMakeFiles/test-dut.dir/Dut.cpp.o\nIn file included from /data/users/S113062628/project/chip_llm/.log/InterchangeElementsofFirstAndLastRowsinMatrix/Dut.cpp:2:\n/data/users/S113062628/project/chip_llm/.log/InterchangeElementsofFirstAndLastRowsinMatrix/Dut.h:15:23: error: \u2018N\u2019 was not declared in this scope\n   15 |   sc_fifo_in<int> i_m[N*N];\n      |                       ^\n/data/users/S113062628/project/chip_llm/.log/InterchangeElementsofFirstAndLastRowsinMatrix/Dut.h:15:25: error: \u2018N\u2019 was not declared in this scope\n   15 |   sc_fifo_in<int> i_m[N*N];\n      |                         ^\n/data/users/S113062628/project/chip_llm/.log/InterchangeElementsofFirstAndLastRowsinMatrix/Dut.h:16:29: error: \u2018N\u2019 was not declared in this scope\n   16 |   sc_fifo_out<int> o_result[N*N];\n      |                             ^\n/data/users/S113062628/project/chip_llm/.log/InterchangeElementsofFirstAndLastRowsinMatrix/Dut.h:16:31: error: \u2018N\u2019 was not declared in this scope\n   16 |   sc_fifo_out<int> o_result[N*N];\n      |                               ^\n/data/users/S113062628/project/chip_llm/.log/InterchangeElementsofFirstAndLastRowsinMatrix/Dut.cpp: In member function \u2018void Dut::do_compute()\u2019:\n/data/users/S113062628/project/chip_llm/.log/InterchangeElementsofFirstAndLastRowsinMatrix/Dut.cpp:32:27: error: \u2018i_m\u2019 was not declared in this scope\n   32 |                 m[i][j] = i_m[i*N+j].read();\n      |                           ^~~\n/data/users/S113062628/project/chip_llm/.log/InterchangeElementsofFirstAndLastRowsinMatrix/Dut.cpp:45:17: error: \u2018o_result\u2019 was not declared in this scope\n   45 |                 o_result[i*N+j].write(m[i][j]);\n      |                 ^~~~~~~~\ngmake[2]: *** [CMakeFiles/test-dut.dir/build.make:76: CMakeFiles/test-dut.dir/Dut.cpp.o] Error 1\ngmake[1]: *** [CMakeFiles/Makefile2:83: CMakeFiles/test-dut.dir/all] Error 2\ngmake: *** [Makefile:91: all] Error 2"
  },
  {
    "name": "KNN",
    "state": "unit_test_pass",
    "error_message": ""
  },
  {
    "name": "MLP_FF",
    "state": "format_error",
    "error_message": "Project directory is empty \u2013 likely extraction/formatting failure."
  },
  {
    "name": "Max_Pooling",
    "state": "format_error",
    "error_message": "Project directory is empty \u2013 likely extraction/formatting failure."
  },
  {
    "name": "Median_Filter",
    "state": "unit_test_fail",
    "error_message": "-- The C compiler identification is GNU 11.4.0\n-- The CXX compiler identification is GNU 11.4.0\n-- Detecting C compiler ABI info\n-- Detecting C compiler ABI info - done\n-- Check for working C compiler: /usr/bin/cc - skipped\n-- Detecting C compile features\n-- Detecting C compile features - done\n-- Detecting CXX compiler ABI info\n-- Detecting CXX compiler ABI info - done\n-- Check for working CXX compiler: /usr/bin/c++ - skipped\n-- Detecting CXX compile features\n-- Detecting CXX compile features - done\n-- Configuring done\n-- Generating done\n-- Build files have been written to: /data/users/S113062628/project/chip_llm/.log/Median_Filter/build\n[ 20%] Building CXX object CMakeFiles/test-dut.dir/Dut.cpp.o\n[ 40%] Building CXX object CMakeFiles/test-dut.dir/SystemPipeline.cpp.o\n[ 60%] Building CXX object CMakeFiles/test-dut.dir/Testbench.cpp.o\n[ 80%] Building CXX object CMakeFiles/test-dut.dir/main.cpp.o\n[100%] Linking CXX executable test-dut\n[100%] Built target test-dut\n\n        SystemC 2.3.3-Accellera --- Mar  4 2025 16:59:36\n        Copyright (c) 1996-2018 by all Contributors,\n        ALL RIGHTS RESERVED\nTest case failed at row 0 col 0. Expected: 2, got: 7\nTest case failed at row 0 col 1. Expected: 3, got: 7\nTest case failed at row 0 col 2. Expected: 4, got: 8\nTest case failed at row 0 col 3. Expected: 5, got: 9\nTest case failed at row 0 col 4. Expected: 6, got: 10\nTest case failed at row 0 col 5. Expected: 7, got: 11\nTest case failed at row 1 col 1. Expected: 9, got: 8\nTest case failed at row 1 col 2. Expected: 10, got: 9\nTest case failed at row 1 col 3. Expected: 11, got: 10\nTest case failed at row 1 col 4. Expected: 12, got: 11\nTest case failed at row 1 col 5. Expected: 13, got: 12\nTest case failed at row 2 col 1. Expected: 15, got: 14\nTest case failed at row 2 col 2. Expected: 16, got: 15\nTest case failed at row 2 col 3. Expected: 17, got: 16\nTest case failed at row 2 col 4. Expected: 18, got: 17\nTest case failed at row 2 col 5. Expected: 19, got: 18\nTest case failed at row 3 col 1. Expected: 21, got: 20\nTest case failed at row 3 col 2. Expected: 22, got: 21\nTest case failed at row 3 col 3. Expected: 23, got: 22\nTest case failed at row 3 col 4. Expected: 24, got: 23\nTest case failed at row 3 col 5. Expected: 25, got: 24\nTest case failed at row 4 col 0. Expected: 26, got: 25\nTest case failed at row 4 col 1. Expected: 27, got: 25\nTest case failed at row 4 col 2. Expected: 28, got: 26\nTest case failed at row 4 col 3. Expected: 29, got: 27\nTest case failed at row 4 col 4. Expected: 30, got: 28\nTest case failed at row 4 col 5. Expected: 31, got: 29\n\nFatal: Testbench: Some test cases failed.\nIn file: /data/users/S113062628/project/chip_llm/.log/Median_Filter/Testbench.cpp:71\nIn process: sys.tb.do_fetch @ 60 ns\n\nInfo: (I99) simulation aborted"
  },
  {
    "name": "MergeSort",
    "state": "compile_error",
    "error_message": "-- The C compiler identification is GNU 11.4.0\n-- The CXX compiler identification is GNU 11.4.0\n-- Detecting C compiler ABI info\n-- Detecting C compiler ABI info - done\n-- Check for working C compiler: /usr/bin/cc - skipped\n-- Detecting C compile features\n-- Detecting C compile features - done\n-- Detecting CXX compiler ABI info\n-- Detecting CXX compiler ABI info - done\n-- Check for working CXX compiler: /usr/bin/c++ - skipped\n-- Detecting CXX compile features\n-- Detecting CXX compile features - done\n-- Configuring done\n-- Generating done\n-- Build files have been written to: /data/users/S113062628/project/chip_llm/.log/MergeSort/build\n[ 20%] Building CXX object CMakeFiles/test-dut.dir/Dut.cpp.o\n/data/users/S113062628/project/chip_llm/.log/MergeSort/Dut.cpp: In member function \u2018void Dut::do_compute()\u2019:\n/data/users/S113062628/project/chip_llm/.log/MergeSort/Dut.cpp:86:19: error: invalid initialization of reference of type \u2018std::vector<int>&\u2019 from expression of type \u2018int [6]\u2019\n   86 |         mergeSort(vec, 0, 5);\n      |                   ^~~\n/data/users/S113062628/project/chip_llm/.log/MergeSort/Dut.cpp:51:29: note: in passing argument 1 of \u2018void mergeSort(std::vector<int>&, int, int)\u2019\n   51 | void mergeSort(vector<int>& vec, int left, int right) {\n      |                ~~~~~~~~~~~~~^~~\ngmake[2]: *** [CMakeFiles/test-dut.dir/build.make:76: CMakeFiles/test-dut.dir/Dut.cpp.o] Error 1\ngmake[1]: *** [CMakeFiles/Makefile2:83: CMakeFiles/test-dut.dir/all] Error 2\ngmake: *** [Makefile:91: all] Error 2"
  },
  {
    "name": "MultiplyTwoMatrices",
    "state": "runtime_error",
    "error_message": "-- The C compiler identification is GNU 11.4.0\n-- The CXX compiler identification is GNU 11.4.0\n-- Detecting C compiler ABI info\n-- Detecting C compiler ABI info - done\n-- Check for working C compiler: /usr/bin/cc - skipped\n-- Detecting C compile features\n-- Detecting C compile features - done\n-- Detecting CXX compiler ABI info\n-- Detecting CXX compiler ABI info - done\n-- Check for working CXX compiler: /usr/bin/c++ - skipped\n-- Detecting CXX compile features\n-- Detecting CXX compile features - done\n-- Configuring done\n-- Generating done\n-- Build files have been written to: /data/users/S113062628/project/chip_llm/.log/MultiplyTwoMatrices/build\n[ 20%] Building CXX object CMakeFiles/test-dut.dir/Dut.cpp.o\n[ 40%] Building CXX object CMakeFiles/test-dut.dir/SystemPipeline.cpp.o\n[ 60%] Building CXX object CMakeFiles/test-dut.dir/Testbench.cpp.o\n[ 80%] Building CXX object CMakeFiles/test-dut.dir/main.cpp.o\n[100%] Linking CXX executable test-dut\n[100%] Built target test-dut\n\n        SystemC 2.3.3-Accellera --- Mar  4 2025 16:59:36\n        Copyright (c) 1996-2018 by all Contributors,\n        ALL RIGHTS RESERVED\nTest case 1 failed.\nInput: mat1 = [10 -29 11 -12 -8 63 15 34 -97 26 ]\nInput: mat2 = [-55 25 -78 4 28 20 -32 -80 10 30 ]\nOutput: -666, Expected: -1066\n\nTest case 2 failed.\nInput: mat1 = [-10 83 10 38 89 -43 45 -71 -89 21 ]\nInput: mat2 = [-25 -25 22 -92 -91 -81 -48 -31 -32 71 ]\nOutput: -562, Expected: 3443\n\nTest case 3 failed.\nInput: mat1 = [-91 -93 4 -32 -58 -54 1 90 81 -73 ]\nInput: mat2 = [-30 45 68 73 -53 9 -80 -79 -45 58 ]\nOutput: -1360, Expected: -604\n\nTest case 4 failed.\nInput: mat1 = [-21 -31 43 -36 -79 -11 -100 -27 -32 -69 ]\nInput: mat2 = [58 -41 -52 6 -21 -9 69 82 -1 -49 ]\nOutput: -653, Expected: -496\n\nTest case 5 failed.\nInput: mat1 = [-98 -61 -2 36 -11 -49 -46 64 -3 -83 ]\nInput: mat2 = [22 -1 -88 33 -84 9 19 32 -58 -6 ]\nOutput: -61, Expected: 1857\n\nTest case 6 failed.\nInput: mat1 = [88 16 30 38 -19 23 -14 -25 -68 41 ]\nInput: mat2 = [60 64 21 57 -19 -24 -42 99 95 29 ]\nOutput: -1098, Expected: -147\n\nTest case 7 failed.\nInput: mat1 = [-15 -66 54 0 59 39 -91 73 13 77 ]\nInput: mat2 = [28 75 -5 -64 -65 -48 -80 53 11 -81 ]\nOutput: 2146, Expected: -3540\n\nTest case 8 failed.\nInput: mat1 = [39 41 -16 -20 -10 -73 56 -30 -56 -98 ]\nInput: mat2 = [51 59 -54 -57 29 29 62 63 -15 79 ]\nOutput: -935, Expected: -850\n\nTest case 9 failed.\nInput: mat1 = [-1 -29 -63 -83 75 2 6 -36 25 -88 ]\nInput: mat2 = [-63 95 -14 64 -16 50 -64 74 41 71 ]\nOutput: -1655, Expected: 2510\n\nTest case 10 failed.\nInput: mat1 = [81 -26 88 -11 60 -89 73 -47 -7 -70 ]\nInput: mat2 = [-93 93 -70 20 -58 17 -62 -32 -87 6 ]\nOutput: 540, Expected: -2504\n\nTest case 11 failed.\nInput: mat1 = [-93 11 33 93 6 98 66 21 -66 39 ]\nInput: mat2 = [63 36 42 -21 -39 1 47 26 -15 -63 ]\nOutput: -2050, Expected: -1520\n\nTest case 12 failed.\nInput: mat1 = [25 -84 -48 -64 88 50 57 92 -21 -28 ]\nInput: mat2 = [-61 59 0 -56 22 -99 59 91 8 -90 ]\nOutput: -700, Expected: 2616\n\nTest case 13 failed.\nInput: mat1 = [-13 16 66 -45 86 -21 66 -32 -1 82 ]\nInput: mat2 = [92 100 -65 -39 44 -28 -70 -55 19 -83 ]\nOutput: -4240, Expected: -6783\n\nTest case 14 failed.\nInput: mat1 = [41 3 79 80 -30 42 46 -4 93 63 ]\nInput: mat2 = [79 33 -7 77 -93 45 -23 -86 -10 -66 ]\nOutput: 7676, Expected: -6957\n\nTest case 15 failed.\nInput: mat1 = [-80 47 37 56 -90 -57 -82 -18 44 -86 ]\nInput: mat2 = [-6 94 6 16 -36 8 -12 -89 -12 0 ]\nOutput: 8021, Expected: 1293\n\nTest case 16 failed.\nInput: mat1 = [72 -99 -4 -39 -43 92 -28 -38 -48 -48 ]\nInput: mat2 = [-100 -23 -10 81 -4 -69 96 -17 89 95 ]\nOutput: -6943, Expected: -1808\n\nTest case 17 failed.\nInput: mat1 = [-89 -23 -17 18 -49 63 -4 -66 60 -18 ]\nInput: mat2 = [98 79 77 25 -10 -7 -97 88 -82 -53 ]\nOutput: -3064, Expected: -3812\n\nTest case 18 failed.\nInput: mat1 = [-84 -53 25 72 43 83 -69 23 64 -62 ]\nInput: mat2 = [95 19 13 -76 20 84 -98 -54 -47 3 ]\nOutput: -1663, Expected: 1248\n\nTest case 19 failed.\nInput: mat1 = [70 -41 85 65 -32 -11 -81 -20 3 -68 ]\nInput: mat2 = [17 -17 -95 15 52 -55 100 85 100 -44 ]\nOutput: 1390, Expected: 3050\n\nTest case 20 failed.\nInput: mat1 = [-25 4 -44 40 -16 61 -66 -26 68 -31 ]\nInput: mat2 = [-23 -92 -61 4 -48 -54 91 -86 -100 25 ]\nOutput: 3294, Expected: 2825\n\nTest case 21 failed.\nInput: mat1 = [93 1 8 -67 5 -54 -95 -19 -7 -52 ]\nInput: mat2 = [-54 -58 -17 96 85 49 -37 -90 -73 -77 ]\nOutput: 2474, Expected: -575\n\nTest case 22 failed.\nInput: mat1 = [72 -67 -60 -55 -15 46 -8 -83 -52 85 ]\nInput: mat2 = [30 -47 -61 47 -57 59 15 -56 53 -31 ]\nOutput: -4783, Expected: 850\n\nTest case 23 failed.\nInput: mat1 = [65 -18 33 -67 -14 -66 3 -85 -88 52 ]\nInput: mat2 = [2 -74 -78 57 60 4 -85 -70 -2 -100 ]\nOutput: 3395, Expected: 1162\n\nTest case 24 failed.\nInput: mat1 = [52 -48 65 -43 -55 -91 -85 92 57 -6 ]\nInput: mat2 = [100 62 -53 -92 -16 54 71 20 28 52 ]\nOutput: -5809, Expected: -7588\n\nTest case 25 failed.\nInput: mat1 = [-45 -37 -62 12 -63 16 -44 51 99 -81 ]\nInput: mat2 = [-96 75 -75 -62 96 50 74 100 -69 -20 ]\nOutput: 3224, Expected: -3092\n\nTest case 26 failed.\nInput: mat1 = [-48 56 -94 -82 95 -64 -9 -6 -32 93 ]\nInput: mat2 = [-28 37 -60 0 -87 90 22 -98 -36 -24 ]\nOutput: 3600, Expected: -2619\n\nTest case 27 failed.\nInput: mat1 = [43 83 40 -37 -65 -89 -90 95 91 2 ]\nInput: mat2 = [-58 -88 -67 -5 -20 57 65 -1 8 -90 ]\nOutput: -7718, Expected: 6698\n\nTest case 28 failed.\nInput: mat1 = [-43 -26 41 81 26 5 -19 59 -24 -17 ]\nInput: mat2 = [46 65 53 -50 15 -68 14 -19 45 -48 ]\nOutput: 3058, Expected: -3112\n\nTest case 29 failed.\nInput: mat1 = [59 6 -53 -40 -7 67 83 -41 -15 17 ]\nInput: mat2 = [-49 49 90 -48 95 9 -93 97 66 74 ]\nOutput: -1746, Expected: -2808\n\nTest case 30 failed.\nInput: mat1 = [71 54 -56 -39 66 84 -12 21 34 39 ]\nInput: mat2 = [69 -1 -27 42 -60 89 56 61 49 74 ]\nOutput: 8338, Expected: 2340\n\nTest case 31 failed.\nInput: mat1 = [87 4 -22 -15 -15 98 -49 -54 71 40 ]\nInput: mat2 = [-12 -89 -54 -35 86 -69 -87 -28 60 12 ]\nOutput: -5836, Expected: -1965\n\nTest case 32 failed.\nInput: mat1 = [45 99 -70 16 50 -2 -17 -50 -13 59 ]\nInput: mat2 = [65 -82 -57 -26 43 -16 -46 94 -60 -1 ]\nOutput: 5684, Expected: -2295\n\nTest case 33 failed.\nInput: mat1 = [66 -24 -92 -91 93 -57 94 -9 83 43 ]\nInput: mat2 = [24 67 -77 33 -10 54 -56 -41 6 -53 ]\nOutput: 5569, Expected: 5010\n\nTest case 34 failed.\nInput: mat1 = [-97 -38 -31 70 59 96 -74 -14 -30 91 ]\nInput: mat2 = [-32 -25 9 -41 87 12 1 -51 -84 67 ]\nOutput: 40, Expected: -9371\n\nTest case 35 failed.\nInput: mat1 = [-63 9 35 -86 44 83 -78 36 8 2 ]\nInput: mat2 = [49 -95 -41 -58 -3 -64 89 -33 -73 39 ]\nOutput: 508, Expected: -2673\n\nTest case 36 failed.\nInput: mat1 = ["
  },
  {
    "name": "NumberofUniqueTripletsWhoseXORisZero",
    "state": "unit_test_pass",
    "error_message": ""
  },
  {
    "name": "RotateMatrixElementsofaMatrix",
    "state": "format_error",
    "error_message": "Project directory is empty \u2013 likely extraction/formatting failure."
  },
  {
    "name": "SVM",
    "state": "compile_error",
    "error_message": "-- The C compiler identification is GNU 11.4.0\n-- The CXX compiler identification is GNU 11.4.0\n-- Detecting C compiler ABI info\n-- Detecting C compiler ABI info - done\n-- Check for working C compiler: /usr/bin/cc - skipped\n-- Detecting C compile features\n-- Detecting C compile features - done\n-- Detecting CXX compiler ABI info\n-- Detecting CXX compiler ABI info - done\n-- Check for working CXX compiler: /usr/bin/c++ - skipped\n-- Detecting CXX compile features\n-- Detecting CXX compile features - done\n-- Configuring done\n-- Generating done\n-- Build files have been written to: /data/users/S113062628/project/chip_llm/.log/SVM/build\n[ 20%] Building CXX object CMakeFiles/test-dut.dir/Dut.cpp.o\n[ 40%] Building CXX object CMakeFiles/test-dut.dir/SystemPipeline.cpp.o\n[ 60%] Building CXX object CMakeFiles/test-dut.dir/Testbench.cpp.o\n/data/users/S113062628/project/chip_llm/.log/SVM/Testbench.cpp: In member function \u2018void Testbench::do_feed()\u2019:\n/data/users/S113062628/project/chip_llm/.log/SVM/Testbench.cpp:22:18: error: \u2018N\u2019 was not declared in this scope\n   22 |         double X[N * D];\n      |                  ^\n/data/users/S113062628/project/chip_llm/.log/SVM/Testbench.cpp:22:22: error: \u2018D\u2019 was not declared in this scope\n   22 |         double X[N * D];\n      |                      ^\n/data/users/S113062628/project/chip_llm/.log/SVM/Testbench.cpp:47:23: error: \u2018struct Testbench::do_feed()::Testcase\u2019 has no member named \u2018X\u2019\n   47 |             iss >> tc.X[i];\n      |                       ^\n/data/users/S113062628/project/chip_llm/.log/SVM/Testbench.cpp:50:23: error: \u2018struct Testbench::do_feed()::Testcase\u2019 has no member named \u2018y\u2019\n   50 |             iss >> tc.y[i];\n      |                       ^\n/data/users/S113062628/project/chip_llm/.log/SVM/Testbench.cpp:54:23: error: \u2018struct Testbench::do_feed()::Testcase\u2019 has no member named \u2018w\u2019\n   54 |             iss >> tc.w[i];\n      |                       ^\n/data/users/S113062628/project/chip_llm/.log/SVM/Testbench.cpp:74:26: error: \u2018const struct Testbench::do_feed()::Testcase\u2019 has no member named \u2018X\u2019\n   74 |             o_X.write(tc.X[i]);\n      |                          ^\n/data/users/S113062628/project/chip_llm/.log/SVM/Testbench.cpp:77:26: error: \u2018const struct Testbench::do_feed()::Testcase\u2019 has no member named \u2018y\u2019\n   77 |             o_y.write(tc.y[i]);\n      |                          ^\n/data/users/S113062628/project/chip_llm/.log/SVM/Testbench.cpp:85:26: error: \u2018const struct Testbench::do_feed()::Testcase\u2019 has no member named \u2018w\u2019\n   85 |             o_w.write(tc.w[i]);\n      |                          ^\n/data/users/S113062628/project/chip_llm/.log/SVM/Testbench.cpp: In member function \u2018void Testbench::do_fetch()\u2019:\n/data/users/S113062628/project/chip_llm/.log/SVM/Testbench.cpp:96:18: error: \u2018N\u2019 was not declared in this scope\n   96 |         double X[N * D];\n      |                  ^\n/data/users/S113062628/project/chip_llm/.log/SVM/Testbench.cpp:96:22: error: \u2018D\u2019 was not declared in this scope\n   96 |         double X[N * D];\n      |                      ^\n/data/users/S113062628/project/chip_llm/.log/SVM/Testbench.cpp:121:23: error: \u2018struct Testbench::do_fetch()::Testcase\u2019 has no member named \u2018X\u2019\n  121 |             iss >> tc.X[i];\n      |                       ^\n/data/users/S113062628/project/chip_llm/.log/SVM/Testbench.cpp:124:23: error: \u2018struct Testbench::do_fetch()::Testcase\u2019 has no member named \u2018y\u2019\n  124 |             iss >> tc.y[i];\n      |                       ^\n/data/users/S113062628/project/chip_llm/.log/SVM/Testbench.cpp:128:23: error: \u2018struct Testbench::do_fetch()::Testcase\u2019 has no member named \u2018w\u2019\n  128 |             iss >> tc.w[i];\n      |                       ^\ngmake[2]: *** [CMakeFiles/test-dut.dir/build.make:104: CMakeFiles/test-dut.dir/Testbench.cpp.o] Error 1\ngmake[1]: *** [CMakeFiles/Makefile2:83: CMakeFiles/test-dut.dir/all] Error 2\ngmake: *** [Makefile:91: all] Error 2"
  },
  {
    "name": "SearchanElementinanArray_BinarySearch",
    "state": "compile_error",
    "error_message": "-- The C compiler identification is GNU 11.4.0\n-- The CXX compiler identification is GNU 11.4.0\n-- Detecting C compiler ABI info\n-- Detecting C compiler ABI info - done\n-- Check for working C compiler: /usr/bin/cc - skipped\n-- Detecting C compile features\n-- Detecting C compile features - done\n-- Detecting CXX compiler ABI info\n-- Detecting CXX compiler ABI info - done\n-- Check for working CXX compiler: /usr/bin/c++ - skipped\n-- Detecting CXX compile features\n-- Detecting CXX compile features - done\n-- Configuring done\n-- Generating done\n-- Build files have been written to: /data/users/S113062628/project/chip_llm/.log/SearchanElementinanArray_BinarySearch/build\n[ 20%] Building CXX object CMakeFiles/test-dut.dir/Dut.cpp.o\n[ 40%] Building CXX object CMakeFiles/test-dut.dir/SystemPipeline.cpp.o\n[ 60%] Building CXX object CMakeFiles/test-dut.dir/Testbench.cpp.o\n/data/users/S113062628/project/chip_llm/.log/SearchanElementinanArray_BinarySearch/Testbench.cpp:173:22: warning: missing terminating \" character\n  173 |         std::cout << \"All tests passed successfully.\\\" << std::endl;\n      |                      ^\n/data/users/S113062628/project/chip_llm/.log/SearchanElementinanArray_BinarySearch/Testbench.cpp:173:22: error: missing terminating \" character\n  173 |         std::cout << \"All tests passed successfully.\\\" << std::endl;\n      |                      ^~~~~~~~~~~~~~~~~~~~~~~~~~~~~~~~~~~~~~~~~~~~~~~\n/data/users/S113062628/project/chip_llm/.log/SearchanElementinanArray_BinarySearch/Testbench.cpp: In member function \u2018void Testbench::do_fetch()\u2019:\n/data/users/S113062628/project/chip_llm/.log/SearchanElementinanArray_BinarySearch/Testbench.cpp:174:5: error: expected primary-expression before \u2018}\u2019 token\n  174 |     } else {\n      |     ^\ngmake[2]: *** [CMakeFiles/test-dut.dir/build.make:104: CMakeFiles/test-dut.dir/Testbench.cpp.o] Error 1\ngmake[1]: *** [CMakeFiles/Makefile2:83: CMakeFiles/test-dut.dir/all] Error 2\ngmake: *** [Makefile:91: all] Error 2"
  },
  {
    "name": "Sobel_Edge_Detection",
    "state": "compile_error",
    "error_message": "-- The C compiler identification is GNU 11.4.0\n-- The CXX compiler identification is GNU 11.4.0\n-- Detecting C compiler ABI info\n-- Detecting C compiler ABI info - done\n-- Check for working C compiler: /usr/bin/cc - skipped\n-- Detecting C compile features\n-- Detecting C compile features - done\n-- Detecting CXX compiler ABI info\n-- Detecting CXX compiler ABI info - done\n-- Check for working CXX compiler: /usr/bin/c++ - skipped\n-- Detecting CXX compile features\n-- Detecting CXX compile features - done\n-- Configuring done\n-- Generating done\n-- Build files have been written to: /data/users/S113062628/project/chip_llm/.log/Sobel_Edge_Detection/build\n[ 20%] Building CXX object CMakeFiles/test-dut.dir/Dut.cpp.o\n[ 40%] Building CXX object CMakeFiles/test-dut.dir/SystemPipeline.cpp.o\n/data/users/S113062628/project/chip_llm/.log/Sobel_Edge_Detection/SystemPipeline.cpp: In constructor \u2018SystemPipeline::SystemPipeline(sc_core::sc_module_name)\u2019:\n/data/users/S113062628/project/chip_llm/.log/Sobel_Edge_Detection/SystemPipeline.cpp:19:9: error: \u2018class Dut\u2019 has no member named \u2018i_output\u2019; did you mean \u2018o_output\u2019?\n   19 |     dut.i_output(channel_output);\n      |         ^~~~~~~~\n      |         o_output\ngmake[2]: *** [CMakeFiles/test-dut.dir/build.make:90: CMakeFiles/test-dut.dir/SystemPipeline.cpp.o] Error 1\ngmake[1]: *** [CMakeFiles/Makefile2:83: CMakeFiles/test-dut.dir/all] Error 2\ngmake: *** [Makefile:91: all] Error 2"
  },
  {
    "name": "Softmax",
    "state": "unit_test_fail",
    "error_message": "-- The C compiler identification is GNU 11.4.0\n-- The CXX compiler identification is GNU 11.4.0\n-- Detecting C compiler ABI info\n-- Detecting C compiler ABI info - done\n-- Check for working C compiler: /usr/bin/cc - skipped\n-- Detecting C compile features\n-- Detecting C compile features - done\n-- Detecting CXX compiler ABI info\n-- Detecting CXX compiler ABI info - done\n-- Check for working CXX compiler: /usr/bin/c++ - skipped\n-- Detecting CXX compile features\n-- Detecting CXX compile features - done\n-- Configuring done\n-- Generating done\n-- Build files have been written to: /data/users/S113062628/project/chip_llm/.log/Softmax/build\n[ 20%] Building CXX object CMakeFiles/test-dut.dir/Dut.cpp.o\n[ 40%] Building CXX object CMakeFiles/test-dut.dir/SystemPipeline.cpp.o\n[ 60%] Building CXX object CMakeFiles/test-dut.dir/Testbench.cpp.o\n[ 80%] Building CXX object CMakeFiles/test-dut.dir/main.cpp.o\n[100%] Linking CXX executable test-dut\n[100%] Built target test-dut\n\n        SystemC 2.3.3-Accellera --- Mar  4 2025 16:59:36\n        Copyright (c) 1996-2018 by all Contributors,\n        ALL RIGHTS RESERVED\nTest case 1 passed.\nInput: [-4.85433 -5.32311 9.27125 -9.13507 5.08297 ]\nOutput: [7.22434e-07 4.52074e-07 0.985053 9.99301e-09 0.0149456 ]\nTest case 2 passed.\nInput: [-6.30959 -3.39584 -3.42425 -4.15271 5.61097 ]\nOutput: [6.65019e-06 0.000122535 0.000119103 5.7485e-05 0.999694 ]\nTest case 3 passed.\nInput: [-8.91808 -1.75606 -2.37299 -0.982376 2.33909 ]\nOutput: [1.21633e-05 0.0156847 0.00846343 0.0340003 0.941839 ]\nTest case 4 passed.\nInput: [-9.83702 6.38869 -9.07181 5.48092 -7.15194 ]\nOutput: [6.39845e-08 0.712543 1.37531e-07 0.287456 9.37972e-07 ]\nTest case 5 passed.\nInput: [-5.14256 -7.54985 0.337793 9.58804 9.8931 ]\nOutput: [1.69925e-07 1.53033e-08 4.07704e-05 0.424304 0.575655 ]\nTest case 6 failed.\nInput: [-7.90557 -8.59749 -7.6539 -1.37746 -0.650687 ]\nOutput: [0.000475763 0.000238173 0.000611912 0.325471 0.673203 ]\nExpected: [0.000475762 0.000238174 0.000611916 0.325471 0.673204 ]\nTest case 7 failed.\nInput: [4.6389 -0.738842 3.66589 4.37285 -3.34591 ]\nOutput: [0.465267 0.00214871 0.175845 0.356581 0.000158469 ]\nExpected: [0.465268 0.00214872 0.175844 0.35658 0.000158468 ]\nTest case 8 passed.\nInput: [0.0953627 8.39974 6.53286 -2.08629 -3.05899 ]\nOutput: [0.000214246 0.865882 0.13387 2.41788e-05 9.14104e-06 ]\nTest case 9 passed.\nInput: [-1.50836 -5.66527 6.8225 -3.2228 -6.49722 ]\nOutput: [0.000240895 3.77142e-06 0.99971 4.33766e-05 1.64132e-06 ]\nTest case 10 passed.\nInput: [-7.07806 0.587527 6.30672 8.12232 2.75836 ]\nOutput: [2.14354e-07 0.000457356 0.139338 0.856196 0.00400899 ]\nTest case 11 failed.\nInput: [-7.39662 4.83716 2.13875 -8.5407 4.38707 ]\nOutput: [2.8526e-06 0.586548 0.039482 9.086e-07 0.373966 ]\nExpected: [2.85258e-06 0.586549 0.0394821 9.08602e-07 0.373965 ]\nTest case 12 passed.\nInput: [-3.31562 -5.02578 4.73203 5.36523 7.39245 ]\nOutput: [1.86109e-05 3.36554e-06 0.0581859 0.109601 0.832192 ]\nTest case 13 passed.\nInput: [7.96031 1.86495 -8.81963 -1.68955 4.90603 ]\nOutput: [0.952858 0.00214707 4.91578e-08 6.1397e-05 0.0449336 ]\nTest case 14 passed.\nInput: [-4.91477 -7.15451 -8.33904 -1.54966 5.15052 ]\nOutput: [4.24761e-05 4.52312e-06 1.38358e-06 0.00122912 0.998722 ]\nTest case 15 passed.\nInput: [-6.26938 1.78992 3.40989 1.27027 -8.16904 ]\nOutput: [4.75551e-05 0.15042 0.760065 0.0894594 7.11518e-06 ]\nTest case 16 failed.\nInput: [-3.66832 5.84571 -3.87925 0.123917 5.91832 ]\nOutput: [3.5507e-05 0.481066 2.87546e-05 0.00157493 0.517295 ]\nExpected: [3.5507e-05 0.481066 2.87546e-05 0.00157493 0.517294 ]\nTest case 17 failed.\nInput: [-9.04222 -1.08127 -1.52333 5.40884 5.26588 ]\nOutput: [2.83341e-07 0.00081228 0.000522061 0.534964 0.463701 ]\nExpected: [2.8334e-07 0.000812283 0.000522061 0.534966 0.463699 ]\nTest case 18 passed.\nInput: [8.60414 5.75315 9.00759 1.65978 6.39975 ]\nOutput: [0.375087 0.0216752 0.561498 0.000361605 0.0413788 ]\nTest case 19 passed.\nInput: [-1.06567 -7.64393 3.40323 0.679751 6.5315 ]\nOutput: [0.000479262 6.66302e-07 0.0418208 0.00274537 0.954954 ]\nTest case 20 passed.\nInput: [-5.88958 5.4 -4.00802 7.43578 -3.84636 ]\nOutput: [1.44397e-06 0.115495 9.47786e-06 0.884483 1.11409e-05 ]\nTest case 21 passed.\nInput: [3.53836 -9.28697 2.46149 6.98864 0.134647 ]\nOutput: [0.0304107 8.18572e-08 0.0103597 0.958218 0.00101114 ]\nTest case 22 failed.\nInput: [5.87297 5.10507 -2.67643 -8.43227 -9.89777 ]\nOutput: [0.682976 0.316891 0.000132266 4.18522e-07 9.66629e-08 ]\nExpected: [0.682974 0.316893 0.000132266 4.18524e-07 9.66632e-08 ]\nTest case 23 passed.\nInput: [-2.4477 -5.38307 -2.83736 6.50464 -4.38924 ]\nOutput: [0.000129403 6.87271e-06 8.76427e-05 0.999758 1.8567e-05 ]\nTest case 24 passed.\nInput: [-5.96674 5.29452 -6.88803 4.59038 7.03527 ]\nOutput: [1.78729e-06 0.138963 7.11352e-07 0.0687218 0.792313 ]\nTest case 25 passed.\nInput: [8.92709 -3.49793 2.5742 -6.34496 -4.66027 ]\nOutput: [0.998256 4.00981e-06 0.00173867 2.32635e-07 1.25408e-06 ]\nTest case 26 passed.\nInput: [5.37519 -5.27831 1.13652 9.6304 -6.3679 ]\nOutput: [0.0139887 3.30387e-07 0.000201812 0.985809 1.11127e-07 ]\nTest case 27 passed.\nInput: [-3.56848 -1.81971 6.20777 -2.22012 1.8111 ]\nOutput: [5.606e-05 0.000322207 0.987245 0.000215893 0.0121612 ]\nTest case 28 passed.\nInput: [8.71109 -2.54868 -5.16628 -8.37204 4.78751 ]\nOutput: [0.9806 1.26309e-05 9.21778e-07 3.73579e-08 0.0193866 ]\nTest case 29 passed.\nInput: [-4.15652 -1.32945 -9.7622 -3.75459 -2.85411 ]\nOutput: [0.0433418 0.732298 0.000159364 0.0647833 0.159418 ]\nTest case 30 failed.\nInput: [-4.78649 2.80043 -0.4817 6.85816 5.83464 ]\nOutput: [6.36462e-06 0.0125525 0.000471323 0.726072 0.260898 ]\nExpected: [6.36458e-06 0.0125524 0.000471322 0.726073 0.260897 ]\nTest case 31 passed.\nInput: [3.5597 -4.47146 6.12833 8.4824 -3.22655 ]\nOutput: [0.00660404 2.14744e-06 0.0861691 0.907217 7.45725e-06 ]\nTest case 32 passed.\nInput: [-9.61104 5.43492 -0.77484 9.64325 -4.73249 ]\nOutput: [4.28099e-09 0.0146528 2.94481e-05 0.985317 5.62693e-07 ]\nTest case 33 passed.\nInput: [5.98636 8.5967 -0.814826 3.54981 2.87331 ]\nOutput: [0.0678577 0.923115 7.54887e-05 0.00593498 0.0030173 ]\nTest case 34 passed.\nInput: [6.92349 4.11645 -3.70951 4.20404 6.81458 ]\nOutput: [0.494284 0.0298466 1.19158e-05 0.0325787 0.443279 ]\nTest case 35 passed.\nInput: [-2.47799 3.92791 3.7738 -4.92474 3.66167 ]\nOutput: [0.000629196 0.380919 0.326516 5.44723e-05 0.291881 ]\nTest case 36 passed.\nInput: [9.45742 -1.16616 -2.6952 5.74061 0.168558 ]\nOutput: [0.976149 2.37549e-05 5.14873e-06 0.0237316 9.02433e-05 ]\nTest case 37 passed.\nInput: [6.01126 4.84942 -8.40603 5.81612 -4.20606 ]\nOutput: [0.468238 0.146516 2.56518e-07 0.385228 1.71057e-05 ]\nTest case 38 passed.\nInput: [-3.93398 -5.27889 -1.19459 -0.660963 4.81187 ]\nOutput: [0.000158036 4.11783e-05 0.002446 0.0041707 0.993184 ]\nTest case 39 failed.\nInput: [8.87031 8.56884 4.86326 -3.32329 -2.94099 ]\nOutput: [0.568851 0.420796 0.0103457 2.87995e-06 4.22101e-06 ]\nExpected: [0.56885 0.420797 0.0103457 2.87995e-06 4.221e-06 ]\nTest case 40 passed.\nInput: [-1.9737 -2.46474 2.62608 5.83989 -1.38869 ]\nOutput: [0.000388068 0.000237494 0.0385982 0.96008 0.000696586 ]\nTest case 41 passed.\nInput: [-3.95886 -5.1002 2.38508 -8.478 -7.88733 ]\nOutput: [0.00175321 0.000559958 0.997633 1.91071e-05 3.44921e-05 ]\nTest case 42 passed.\nInput: [2.19686 -0.234112 -0.939869 7.73558 -0.824682 ]\nOutput: [0.0039134 0.000344189 0.000169938 0.995382 0.000190684 ]\nTest case 43 passed.\nInput: [-9.11954 -3.08816 -2.25276 -2.01871 -6.80704 ]\nOutput: [0.000384584 0.160098 0.369144 0.46649 0.00388416 ]\nTest case 44 passed.\nInput: [-8.32389 -1.02906 0.647683 0.44596 -2.37919 ]\nOutput: [6.18484e-05 0.091082 0.487116 0.398131 0.0236091 ]\nTest case 45 passed.\nInput: [4.15496 7.04987 3.2303 7.94156 0.280215 ]\nOutput: [0.0157219 0.284282 0.00623635 0.693434 0.000326381 ]\nTest case 46 passed.\nInput: [2.82345 4.18287 -5.44137 4.36887 -3.85576 ]\nOutput: [0.104325 0.406236 2.6855e-05 0.48928 0.000131113 ]\nTest case 47 passed.\nInput: [-1.07754 -2.14147 0.0451062 -1.76097 -9.49577 ]\nOutput: [0.203121 0.0700964 0.624186 0.102552 4.48501e-05 ]\nTest case 48 passed.\nInput: [-7.57491 9.50787 -8.75321 -5.77477 -4.7905 ]\nOutput: [3.81103e-08 0.999999 1.17304e-08 2.30586e-07 6.17016e-07 ]\nTest case 49 passed.\nInput: [1.77854 -6.41232 -8.24637 -1.43922 4.52969 ]\nOutput: [0.0598767 1.65963e-05 2.65152e-06 0.00239774 0.937706 ]\nTest case 50 passed.\nInput: [2.24635 7.16681 -2.72335 -7.01086 1.35586 ]\nOutput: [0.0072211 0.989764 5.01522e-05 6.89045e-07 0.00296393 ]\nTest case 51 passed.\nInput: [7.27393 -4.03537 5.4084 8.44346 -0.513607 ]\nOutput: [0.228534 2.80146e-06 0.0353803 0.735988 9.48126e-05 ]\nTest case 52 passed.\nInput: [-8.34693 -7.56422 8.1228 -9.97201 -3.49353 ]\nOutput: [7.03531e-08 1.5389e-07 0.999991 1.38522e-08 9.01754e-06 ]\nTest case 53 passed.\nInput: [-8.71815 6.44446 -1.93462 -0.903089 6.33138 ]\nOutput: [1.37275e-07 0.527996 0.000121239 0.000340119 0.471542 ]\nTest case 54 passed.\nInput: [-4.40458 -0.395642 -7.90037 -3.80192 4.21864 ]\nOutput: [0.000178025 0.00980707 5.39855e-06 0.000325246 0.989684 ]\nTest case 55 passed.\nInput: [-6.7097 -5.51827 -3.19239 -9.14846 -1.30585 ]\nOutput: [0.00384123 0.0126445 0.129425 0.00033522 0.853754 ]\nTest case 56 passed.\nInput: [2.28434 -8.60068 -4.96639 4.38688 -8.26692 ]\nOutput: [0.108841 2.03934e-06 7.72399e-05 0.891077 2.84734e-06 ]\nTest case 57 passed.\nInput: [0.595828 -9.53897 -1.88025 9.00624 -7.497 ]\nOutput: [0.000222484 8.82699e-09 1.87048e-05 0.999759 6.80188e-08 ]\nTest case 58 passed.\nInput: [-0.182295 -6.54435 -4.0181 -0.39128 3.42519 ]\nOutput: [0.0258345 4.45856e-05 0.000557611 0.0209623 0.952601 ]\nTest case 59 failed.\nInput: [2.51428 8.09968 2.96846 8.36993 2.81551 ]\nOutput: [0.00161385 0.430103 0.00254163 0.56356 0.00218116 ]\nExpected: [0.00161385 0.430104 0.00254163 0.563559 0.00218115 ]\nTest case 60 passed.\nInput: [-3.16776 -7.48143 -2.29398 -5.06747 1.66309 ]\nOutput: [0.00775937 0.000103854 0.0185911 0.0011609 0.972385 ]\nTest case 61 passed.\nInput: [1.0985 2.49568 1.4099 0.287422 0.910976 ]\nOutput: [0.130166 0.526362 0.17772 0.057843 0.107909 ]\nTest case 62 passed.\nInput: [-0.485693 -0.0804189 -1.12826 -5.71661 -1.53594 ]\nOutput: [0.295783 0.44359 0.155564 0.00158203 0.10348 ]\nTest case 63 passed.\nInput: [0.778379 -3.22508 1.99582 6.75073 3.30131 ]\nOutput: [0.00244326 4.45954e-05 0.00825463 0.958802 0.0304554 ]\nTest case 64 passed.\nInput: [-0.120619 8.89651 -7.62387 -2.89777 -0.918755 ]\nOutput: [0.000121292 0.999816 6.68668e-08 7.54622e-06 5.46015e-05 ]\nTest case 65 passed.\nInput: [-8.88568 5.40026 3.01482 -0.419781 -2.09515 ]\nOutput: [5.70235e-07 0.912765 0.0840186 0.00270862 0.000507159 ]\nTest case 66 passed.\nInput: [6.26459 -5.86513 -6.15466 -2.03339 -7.45594 ]\nOutput: [0.999741 5.39532e-06 4.03902e-06 0.000248955 1.09935e-06 ]\nTest case 67 passed.\nInput: [0.0601682 -9.97649 -4.49715 7.17203 2.56077 ]\nOutput: [0.000806693 3.53055e-08 8.46233e-06 0.989351 0.00983345 ]\nTest case 68 passed.\nInput: [1.29789 7.2878 1.44753 -2.49185 2.60442 ]\nOutput: [0.00246758 0.985497 0.00286588 5.57709e-05 0.00911359 ]\nTest case 69 passed.\nInput: [1.43444 -9.09074 3.50822 1.58226 0.309083 ]\nOutput: [0.0957973 2.57233e-06 0.762052 0.111058 0.0310897 ]\nTest case 70 failed.\nInput: [-6.89204 2.8603 -2.82247 -5.56445 3.24734 ]\nOutput: [2.3486e-05 0.403829 0.00137468 8.8588e-05 0.594684 ]\nExpected: [2.34861e-05 0.40383 0.00137469 8.85883e-05 0.594683 ]\nTest case 71 passed.\nInput: [-9.4796 5.6721 -9.9385 -6.8627 -5.02237 ]\nOutput: [2.62838e-07 0.999973 1.66108e-07 3.5991e-06 2.26694e-05 ]\nTest case 72 passed.\nInput: [8.52486 4.79418 1.05519 5.66415 7.84563 ]\nOutput: [0.629413 0.0150911 0.000358839 0.0360201 0.319117 ]\nTest case 73 passed.\nInput: [5.82007 2.13458 -3.87089 2.6928 -0.605429 ]\nOutput: [0.934052 0.0234306 5.77618e-05 0.0409463 0.00151291 ]\nTest case 74 passed.\nInput: [-5.51224 0.189997 -9.71153 3.56477 -3.05715 ]\nOutput: [0.000110327 0.033047 1.65559e-06 0.965556 0.00128503 ]\nTest case 75 passed.\nInput: [-3.43446 -5.27206 5.65522 -2.24915 7.04051 ]\nOutput: [2.25807e-05 3.59483e-06 0.200141 7.38773e-05 0.799759 ]\nTest case 76 passed.\nInput: [-9.03089 -5.1509 7.6997 3.8722 4.54263 ]\nOutput: [5.09244e-08 2.46595e-06 0.93957 0.0204488 0.0399789 ]\nTest case 77 passed.\nInput: [-3.62743 5.25807 -9.0917 -6.66849 -4.40922 ]\nOutput: [0.000138352 0.999791 5.85981e-07 6.61104e-06 6.3308e-05 ]\nTest case 78 passed.\nInput: [7.89697 2.26084 -5.05863 -5.36139 -1.23338 ]\nOutput: [0.996334 0.00355357 2.35429e-06 1.73929e-06 0.000107931 ]\nTest case 79 passed.\nInput: [5.24741 6.8329 -2.39107 7.81576 5.12335 ]\nOutput: [0.0504801 0.246428 2.43092e-05 0.658477 0.0445905 ]\nTest case 80 passed.\nInput: [-8.39126 -9.70985 7.72306 -5.05316 8.5903 ]\nOutput: [2.96948e-08 7.94371e-09 0.295829 8.3637e-07 0.70417 ]\nTest case 81 failed.\nInput: [-1.26227 -6.38324 7.32318 5.80968 3.18071 ]\nOutput: [0.00015111 9.02164e-07 0.808924 0.178075 0.0128486 ]\nExpected: [0.00015111 9.02158e-07 0.808925 0.178074 0.0128485 ]\nTest case 82 failed.\nInput: [-4.12003 -8.62298 -8.2448 1.75572 1.33171 ]\nOutput: [0.00169353 1.8758e-05 2.73797e-05 0.603391 0.394869 ]\nExpected: [0.00169353 1.8758e-05 2.73798e-05 0.603392 0.394868 ]\nTest case 83 passed.\nInput: [-6.41478 -4.46252 -2.92079 6.13096 7.52596 ]\nOutput: [7.07041e-07 4.98081e-06 2.32737e-05 0.198605 0.801366 ]\nTest case 84 failed.\nInput: [1.00336 0.371128 -5.85038 -6.13507 -5.78962 ]\nOutput: [0.651731 0.346333 0.000687902 0.000517473 0.000730995 ]\nExpected: [0.65173 0.346334 0.000687904 0.000517472 0.000730995 ]\nTest case 85 passed.\nInput: [-9.19299 5.31138 -6.13068 -7.28418 1.34952 ]\nOutput: [4.92765e-07 0.981314 1.05338e-05 3.32373e-06 0.0186721 ]\nTest case 86 passed.\nInput: [1.00193 6.24161 -0.0433317 0.352343 3.23926 ]\nOutput: [0.00500371 0.943748 0.0017593 0.00261324 0.0468761 ]\nTest case 87 passed.\nInput: [-0.136925 -8.85693 2.16867 4.38328 8.27811 ]\nOutput: [0.000216576 3.53639e-08 0.00217229 0.0198935 0.977718 ]\nTest case 88 passed.\nInput: [5.06549 -7.75484 -8.39059 -4.07488 7.71439 ]\nOutput: [0.0660564 1.78696e-07 9.46266e-08 7.08439e-06 0.933936 ]\nTest case 89 passed.\nInput: [-1.34365 8.16434 3.188 6.27088 4.96712 ]\nOutput: [6.19628e-05 0.834446 0.00575707 0.125626 0.0341086 ]\nTest case 90 passed.\nInput: [-4.41105 -0.791117 -0.436267 9.65216 3.67636 ]\nOutput: [7.78562e-07 2.90677e-05 4.14495e-05 0.997396 0.00253286 ]\nTest case 91 passed.\nInput: [9.15984 6.80535 -8.01877 0.547697 -2.32651 ]\nOutput: [0.91313 0.0866943 3.16197e-08 0.000166084 9.37722e-06 ]\nTest case 92 failed.\nInput: [-7.25001 -1.78723 -3.47494 -6.25224 -2.86865 ]\nOutput: [0.00275473 0.649434 0.120108 0.00747147 0.220232 ]\nExpected: [0.00275474 0.649435 0.120107 0.00747145 0.220231 ]\nTest case 93 passed.\nInput: [-1.97629 1.53816 -7.8621 -5.66864 -2.01608 ]\nOutput: [0.0281008 0.944116 7.80808e-05 0.000700087 0.0270047 ]\nTest case 94 passed.\nInput: [3.6508 -1.54857 0.476297 4.19595 6.38983 ]\nOutput: [0.054812 0.000302565 0.00229196 0.0945435 0.84805 ]\nTest case 95 failed.\nInput: [-9.80687 9.10974 9.71593 -2.94873 -3.89766 ]\nOutput: [2.14935e-09 0.352928 0.647069 2.04531e-06 7.91852e-07 ]\nExpected: [2.14935e-09 0.352927 0.647071 2.04529e-06 7.91847e-07 ]\nTest case 96 passed.\nInput: [9.47201 -7.67093 5.11743 7.8929 -7.10439 ]\nOutput: [0.82034 2.94381e-08 0.0105396 0.16912 5.18746e-08 ]\nTest case 97 passed.\nInput: [0.781244 0.363944 0.480476 -8.68543 4.87207 ]\nOutput: [0.0160802 0.010594 0.0119033 1.24442e-06 0.961421 ]\nTest case 98 passed.\nInput: [-2.10105 5.72066 -9.94134 -1.15176 -5.58889 ]\nOutput: [0.000400355 0.998553 1.57562e-07 0.00103447 1.22376e-05 ]\nTest case 99 passed.\nInput: [0.395745 6.5237 7.5009 0.86255 -9.85395 ]\nOutput: [0.000595478 0.273025 0.72543 0.000949722 2.1061e-08 ]\nTest case 100 passed.\nInput: [-8.76285 -6.66369 6.80662 -9.83204 2.7657 ]\nOutput: [1.70096e-07 1.38787e-06 0.982721 5.83918e-08 0.0172775 ]\n\nFatal: Testbench: Some test cases failed.\nIn file: /data/users/S113062628/project/chip_llm/.log/Softmax/Testbench.cpp:168\nIn process: sys.tb.do_fetch @ 1050 ns\n\nInfo: (I99) simulation aborted"
  },
  {
    "name": "SortanArray_BubbleSort",
    "state": "compile_error",
    "error_message": "-- The C compiler identification is GNU 11.4.0\n-- The CXX compiler identification is GNU 11.4.0\n-- Detecting C compiler ABI info\n-- Detecting C compiler ABI info - done\n-- Check for working C compiler: /usr/bin/cc - skipped\n-- Detecting C compile features\n-- Detecting C compile features - done\n-- Detecting CXX compiler ABI info\n-- Detecting CXX compiler ABI info - done\n-- Check for working CXX compiler: /usr/bin/c++ - skipped\n-- Detecting CXX compile features\n-- Detecting CXX compile features - done\n-- Configuring done\n-- Generating done\n-- Build files have been written to: /data/users/S113062628/project/chip_llm/.log/SortanArray_BubbleSort/build\n[ 20%] Building CXX object CMakeFiles/test-dut.dir/Dut.cpp.o\n[ 40%] Building CXX object CMakeFiles/test-dut.dir/SystemPipeline.cpp.o\n<command-line>: error: expected unqualified-id before numeric constant\n/data/users/S113062628/project/chip_llm/.log/SortanArray_BubbleSort/SystemPipeline.h:10:14: note: in expansion of macro \u2018CLOCK_PERIOD\u2019\n   10 | const double CLOCK_PERIOD = 10.0;\n      |              ^~~~~~~~~~~~\ngmake[2]: *** [CMakeFiles/test-dut.dir/build.make:90: CMakeFiles/test-dut.dir/SystemPipeline.cpp.o] Error 1\ngmake[1]: *** [CMakeFiles/Makefile2:83: CMakeFiles/test-dut.dir/all] Error 2\ngmake: *** [Makefile:91: all] Error 2"
  }
]