[
  {
    "name": "AddTwoBinaryStrings",
    "state": "compile_error",
    "error_message": "-- The C compiler identification is GNU 11.4.0\n-- The CXX compiler identification is GNU 11.4.0\n-- Detecting C compiler ABI info\n-- Detecting C compiler ABI info - done\n-- Check for working C compiler: /usr/bin/cc - skipped\n-- Detecting C compile features\n-- Detecting C compile features - done\n-- Detecting CXX compiler ABI info\n-- Detecting CXX compiler ABI info - done\n-- Check for working CXX compiler: /usr/bin/c++ - skipped\n-- Detecting CXX compile features\n-- Detecting CXX compile features - done\n-- Configuring done\n-- Generating done\n-- Build files have been written to: /data/users/S113062628/project/chip_llm/.log/AddTwoBinaryStrings/build\n[ 20%] Building CXX object CMakeFiles/test-dut.dir/Dut.cpp.o\n/data/users/S113062628/project/chip_llm/.log/AddTwoBinaryStrings/Dut.cpp: In member function \u2018void Dut::do_compute()\u2019:\n/data/users/S113062628/project/chip_llm/.log/AddTwoBinaryStrings/Dut.cpp:29:27: error: \u2018addBinary\u2019 was not declared in this scope\n   29 |         std::string res = addBinary(A, B);\n      |                           ^~~~~~~~~\n/data/users/S113062628/project/chip_llm/.log/AddTwoBinaryStrings/Dut.cpp: In function \u2018std::string addBinary(std::string, std::string)\u2019:\n/data/users/S113062628/project/chip_llm/.log/AddTwoBinaryStrings/Dut.cpp:82:22: warning: comparison of integer expressions of different signedness: \u2018int\u2019 and \u2018std::__cxx11::basic_string<char>::size_type\u2019 {aka \u2018long unsigned int\u2019} [-Wsign-compare]\n   82 |     while (index + 1 < res.length() && res[index] == '0')\n      |            ~~~~~~~~~~^~~~~~~~~~~~~~\ngmake[2]: *** [CMakeFiles/test-dut.dir/build.make:76: CMakeFiles/test-dut.dir/Dut.cpp.o] Error 1\ngmake[1]: *** [CMakeFiles/Makefile2:83: CMakeFiles/test-dut.dir/all] Error 2\ngmake: *** [Makefile:91: all] Error 2"
  },
  {
    "name": "AddTwoMatrices",
    "state": "compile_error",
    "error_message": "-- The C compiler identification is GNU 11.4.0\n-- The CXX compiler identification is GNU 11.4.0\n-- Detecting C compiler ABI info\n-- Detecting C compiler ABI info - done\n-- Check for working C compiler: /usr/bin/cc - skipped\n-- Detecting C compile features\n-- Detecting C compile features - done\n-- Detecting CXX compiler ABI info\n-- Detecting CXX compiler ABI info - done\n-- Check for working CXX compiler: /usr/bin/c++ - skipped\n-- Detecting CXX compile features\n-- Detecting CXX compile features - done\n-- Configuring done\n-- Generating done\n-- Build files have been written to: /data/users/S113062628/project/chip_llm/.log/AddTwoMatrices/build\n[ 20%] Building CXX object CMakeFiles/test-dut.dir/Dut.cpp.o\n[ 40%] Building CXX object CMakeFiles/test-dut.dir/SystemPipeline.cpp.o\n[ 60%] Building CXX object CMakeFiles/test-dut.dir/Testbench.cpp.o\n/data/users/S113062628/project/chip_llm/.log/AddTwoMatrices/Testbench.cpp: In member function \u2018void Testbench::do_feed()\u2019:\n/data/users/S113062628/project/chip_llm/.log/AddTwoMatrices/Testbench.cpp:41:34: error: \u2018N\u2019 was not declared in this scope\n   41 |         if (tokens.size() != 2 * N * N) {\n      |                                  ^\n/data/users/S113062628/project/chip_llm/.log/AddTwoMatrices/Testbench.cpp:47:54: error: \u2018N\u2019 was not declared in this scope\n   47 |         tc.A.assign(tokens.begin(), tokens.begin() + N * N);\n      |                                                      ^\n/data/users/S113062628/project/chip_llm/.log/AddTwoMatrices/Testbench.cpp:59:29: error: \u2018N\u2019 was not declared in this scope\n   59 |         for (int i = 0; i < N * N; ++i) o_a.write(tc.A[i]);\n      |                             ^\n/data/users/S113062628/project/chip_llm/.log/AddTwoMatrices/Testbench.cpp:60:29: error: \u2018N\u2019 was not declared in this scope\n   60 |         for (int i = 0; i < N * N; ++i) o_b.write(tc.B[i]);\n      |                             ^\n/data/users/S113062628/project/chip_llm/.log/AddTwoMatrices/Testbench.cpp: In member function \u2018void Testbench::do_fetch()\u2019:\n/data/users/S113062628/project/chip_llm/.log/AddTwoMatrices/Testbench.cpp:91:34: error: \u2018N\u2019 was not declared in this scope\n   91 |         if (tokens.size() != 2 * N * N) {\n      |                                  ^\n/data/users/S113062628/project/chip_llm/.log/AddTwoMatrices/Testbench.cpp:97:54: error: \u2018N\u2019 was not declared in this scope\n   97 |         tc.A.assign(tokens.begin(), tokens.begin() + N * N);\n      |                                                      ^\n/data/users/S113062628/project/chip_llm/.log/AddTwoMatrices/Testbench.cpp:119:28: error: \u2018N\u2019 was not declared in this scope\n  119 |         if (vals.size() != N * N) {\n      |                            ^\n/data/users/S113062628/project/chip_llm/.log/AddTwoMatrices/Testbench.cpp:133:24: error: \u2018N\u2019 was not declared in this scope\n  133 |         result.reserve(N * N);\n      |                        ^\ngmake[2]: *** [CMakeFiles/test-dut.dir/build.make:104: CMakeFiles/test-dut.dir/Testbench.cpp.o] Error 1\ngmake[1]: *** [CMakeFiles/Makefile2:83: CMakeFiles/test-dut.dir/all] Error 2\ngmake: *** [Makefile:91: all] Error 2"
  },
  {
    "name": "ArrayRotation",
    "state": "compile_error",
    "error_message": "-- The C compiler identification is GNU 11.4.0\n-- The CXX compiler identification is GNU 11.4.0\n-- Detecting C compiler ABI info\n-- Detecting C compiler ABI info - done\n-- Check for working C compiler: /usr/bin/cc - skipped\n-- Detecting C compile features\n-- Detecting C compile features - done\n-- Detecting CXX compiler ABI info\n-- Detecting CXX compiler ABI info - done\n-- Check for working CXX compiler: /usr/bin/c++ - skipped\n-- Detecting CXX compile features\n-- Detecting CXX compile features - done\n-- Configuring done\n-- Generating done\n-- Build files have been written to: /data/users/S113062628/project/chip_llm/.log/ArrayRotation/build\n[ 20%] Building CXX object CMakeFiles/test-dut.dir/Dut.cpp.o\n/data/users/S113062628/project/chip_llm/.log/ArrayRotation/Dut.cpp: In function \u2018void PrintTheArray(int*, int)\u2019:\n/data/users/S113062628/project/chip_llm/.log/ArrayRotation/Dut.cpp:26:9: error: \u2018cout\u2019 was not declared in this scope; did you mean \u2018std::cout\u2019?\n   26 |         cout << arr[i] << \" \";\n      |         ^~~~\n      |         std::cout\nIn file included from /usr/local/systemc-2.3.3/include/sysc/kernel/sc_object.h:34,\n                 from /usr/local/systemc-2.3.3/include/sysc/kernel/sc_process.h:35,\n                 from /usr/local/systemc-2.3.3/include/sysc/kernel/sc_module.h:35,\n                 from /usr/local/systemc-2.3.3/include/systemc:74,\n                 from /data/users/S113062628/project/chip_llm/.log/ArrayRotation/Dut.h:5,\n                 from /data/users/S113062628/project/chip_llm/.log/ArrayRotation/Dut.cpp:2:\n/usr/include/c++/11/iostream:61:18: note: \u2018std::cout\u2019 declared here\n   61 |   extern ostream cout;          /// Linked to standard output\n      |                  ^~~~\ngmake[2]: *** [CMakeFiles/test-dut.dir/build.make:76: CMakeFiles/test-dut.dir/Dut.cpp.o] Error 1\ngmake[1]: *** [CMakeFiles/Makefile2:83: CMakeFiles/test-dut.dir/all] Error 2\ngmake: *** [Makefile:91: all] Error 2"
  },
  {
    "name": "BinarytoDecimalConversion",
    "state": "format_error",
    "error_message": "Project directory is empty \u2013 likely extraction/formatting failure."
  },
  {
    "name": "CheckWhetheraNumberCanbeExpressedasSumofTwoPrimeNumbers",
    "state": "unit_test_pass",
    "error_message": ""
  },
  {
    "name": "CheckWhetheraNumberisPrimeorNot",
    "state": "unit_test_pass",
    "error_message": ""
  },
  {
    "name": "CopyAlltheElementsofOneArraytoAnotherintheReverseOrder",
    "state": "compile_error",
    "error_message": "-- The C compiler identification is GNU 11.4.0\n-- The CXX compiler identification is GNU 11.4.0\n-- Detecting C compiler ABI info\n-- Detecting C compiler ABI info - done\n-- Check for working C compiler: /usr/bin/cc - skipped\n-- Detecting C compile features\n-- Detecting C compile features - done\n-- Detecting CXX compiler ABI info\n-- Detecting CXX compiler ABI info - done\n-- Check for working CXX compiler: /usr/bin/c++ - skipped\n-- Detecting CXX compile features\n-- Detecting CXX compile features - done\n-- Configuring done\n-- Generating done\n-- Build files have been written to: /data/users/S113062628/project/chip_llm/.log/CopyAlltheElementsofOneArraytoAnotherintheReverseOrder/build\n[ 20%] Building CXX object CMakeFiles/test-dut.dir/Dut.cpp.o\n[ 40%] Building CXX object CMakeFiles/test-dut.dir/SystemPipeline.cpp.o\n[ 60%] Building CXX object CMakeFiles/test-dut.dir/Testbench.cpp.o\n/data/users/S113062628/project/chip_llm/.log/CopyAlltheElementsofOneArraytoAnotherintheReverseOrder/Testbench.cpp: In member function \u2018void Testbench::do_feed()\u2019:\n/data/users/S113062628/project/chip_llm/.log/CopyAlltheElementsofOneArraytoAnotherintheReverseOrder/Testbench.cpp:39:30: error: \u2018N\u2019 was not declared in this scope\n   39 |         if (tokens.size() != N) {\n      |                              ^\n/data/users/S113062628/project/chip_llm/.log/CopyAlltheElementsofOneArraytoAnotherintheReverseOrder/Testbench.cpp:56:29: error: \u2018N\u2019 was not declared in this scope\n   56 |         for (int i = 0; i < N; ++i) o_original_arr.write(tc.original_arr[i]);\n      |                             ^\n/data/users/S113062628/project/chip_llm/.log/CopyAlltheElementsofOneArraytoAnotherintheReverseOrder/Testbench.cpp: In member function \u2018void Testbench::do_fetch()\u2019:\n/data/users/S113062628/project/chip_llm/.log/CopyAlltheElementsofOneArraytoAnotherintheReverseOrder/Testbench.cpp:82:30: error: \u2018N\u2019 was not declared in this scope\n   82 |         if (tokens.size() != N) {\n      |                              ^\n/data/users/S113062628/project/chip_llm/.log/CopyAlltheElementsofOneArraytoAnotherintheReverseOrder/Testbench.cpp:109:28: error: \u2018N\u2019 was not declared in this scope\n  109 |         if (vals.size() != N) {\n      |                            ^\n/data/users/S113062628/project/chip_llm/.log/CopyAlltheElementsofOneArraytoAnotherintheReverseOrder/Testbench.cpp:123:24: error: \u2018N\u2019 was not declared in this scope\n  123 |         result.reserve(N);\n      |                        ^\ngmake[2]: *** [CMakeFiles/test-dut.dir/build.make:104: CMakeFiles/test-dut.dir/Testbench.cpp.o] Error 1\ngmake[1]: *** [CMakeFiles/Makefile2:83: CMakeFiles/test-dut.dir/all] Error 2\ngmake: *** [Makefile:91: all] Error 2"
  },
  {
    "name": "FibonacciNumber",
    "state": "compile_error",
    "error_message": "-- The C compiler identification is GNU 11.4.0\n-- The CXX compiler identification is GNU 11.4.0\n-- Detecting C compiler ABI info\n-- Detecting C compiler ABI info - done\n-- Check for working C compiler: /usr/bin/cc - skipped\n-- Detecting C compile features\n-- Detecting C compile features - done\n-- Detecting CXX compiler ABI info\n-- Detecting CXX compiler ABI info - done\n-- Check for working CXX compiler: /usr/bin/c++ - skipped\n-- Detecting CXX compile features\n-- Detecting CXX compile features - done\n-- Configuring done\n-- Generating done\n-- Build files have been written to: /data/users/S113062628/project/chip_llm/.log/FibonacciNumber/build\n[ 20%] Building CXX object CMakeFiles/test-dut.dir/Dut.cpp.o\n[ 40%] Building CXX object CMakeFiles/test-dut.dir/SystemPipeline.cpp.o\n[ 60%] Building CXX object CMakeFiles/test-dut.dir/Testbench.cpp.o\n/data/users/S113062628/project/chip_llm/.log/FibonacciNumber/Testbench.cpp: In member function \u2018void Testbench::do_fetch()\u2019:\n/data/users/S113062628/project/chip_llm/.log/FibonacciNumber/Testbench.cpp:85:43: error: \u2018test_cases\u2019 was not declared in this scope\n   85 |             std::cerr << \"Input: n = \" << test_cases[idx] << \"\\n\";\n      |                                           ^~~~~~~~~~\ngmake[2]: *** [CMakeFiles/test-dut.dir/build.make:104: CMakeFiles/test-dut.dir/Testbench.cpp.o] Error 1\ngmake[1]: *** [CMakeFiles/Makefile2:83: CMakeFiles/test-dut.dir/all] Error 2\ngmake: *** [Makefile:91: all] Error 2"
  },
  {
    "name": "FindFactorialofaNumber",
    "state": "unit_test_pass",
    "error_message": ""
  },
  {
    "name": "FindGCD",
    "state": "unit_test_pass",
    "error_message": ""
  },
  {
    "name": "FindLCM",
    "state": "unit_test_pass",
    "error_message": ""
  },
  {
    "name": "FindPowerWithoutUsingMultiplicationAndDivisionOperators",
    "state": "unit_test_pass",
    "error_message": ""
  },
  {
    "name": "FindtheDeterminantofaMatrix",
    "state": "compile_error",
    "error_message": "-- The C compiler identification is GNU 11.4.0\n-- The CXX compiler identification is GNU 11.4.0\n-- Detecting C compiler ABI info\n-- Detecting C compiler ABI info - done\n-- Check for working C compiler: /usr/bin/cc - skipped\n-- Detecting C compile features\n-- Detecting C compile features - done\n-- Detecting CXX compiler ABI info\n-- Detecting CXX compiler ABI info - done\n-- Check for working CXX compiler: /usr/bin/c++ - skipped\n-- Detecting CXX compile features\n-- Detecting CXX compile features - done\n-- Configuring done\n-- Generating done\n-- Build files have been written to: /data/users/S113062628/project/chip_llm/.log/FindtheDeterminantofaMatrix/build\n[ 20%] Building CXX object CMakeFiles/test-dut.dir/Dut.cpp.o\nIn file included from /data/users/S113062628/project/chip_llm/.log/FindtheDeterminantofaMatrix/Dut.cpp:2:\n/data/users/S113062628/project/chip_llm/.log/FindtheDeterminantofaMatrix/Dut.h:15:26: error: \u2018N\u2019 was not declared in this scope\n   15 |   sc_fifo_in<double> i_a[N*N];\n      |                          ^\n/data/users/S113062628/project/chip_llm/.log/FindtheDeterminantofaMatrix/Dut.h:15:28: error: \u2018N\u2019 was not declared in this scope\n   15 |   sc_fifo_in<double> i_a[N*N];\n      |                            ^\n/data/users/S113062628/project/chip_llm/.log/FindtheDeterminantofaMatrix/Dut.cpp: In member function \u2018void Dut::do_compute()\u2019:\n/data/users/S113062628/project/chip_llm/.log/FindtheDeterminantofaMatrix/Dut.cpp:53:27: error: \u2018i_a\u2019 was not declared in this scope\n   53 |                 a[i][j] = i_a[i*N + j].read();\n      |                           ^~~\ngmake[2]: *** [CMakeFiles/test-dut.dir/build.make:76: CMakeFiles/test-dut.dir/Dut.cpp.o] Error 1\ngmake[1]: *** [CMakeFiles/Makefile2:83: CMakeFiles/test-dut.dir/all] Error 2\ngmake: *** [Makefile:91: all] Error 2"
  },
  {
    "name": "InterchangeElementsofFirstAndLastRowsinMatrix",
    "state": "compile_error",
    "error_message": "-- The C compiler identification is GNU 11.4.0\n-- The CXX compiler identification is GNU 11.4.0\n-- Detecting C compiler ABI info\n-- Detecting C compiler ABI info - done\n-- Check for working C compiler: /usr/bin/cc - skipped\n-- Detecting C compile features\n-- Detecting C compile features - done\n-- Detecting CXX compiler ABI info\n-- Detecting CXX compiler ABI info - done\n-- Check for working CXX compiler: /usr/bin/c++ - skipped\n-- Detecting CXX compile features\n-- Detecting CXX compile features - done\n-- Configuring done\n-- Generating done\n-- Build files have been written to: /data/users/S113062628/project/chip_llm/.log/InterchangeElementsofFirstAndLastRowsinMatrix/build\n[ 20%] Building CXX object CMakeFiles/test-dut.dir/Dut.cpp.o\nIn file included from /data/users/S113062628/project/chip_llm/.log/InterchangeElementsofFirstAndLastRowsinMatrix/Dut.cpp:2:\n/data/users/S113062628/project/chip_llm/.log/InterchangeElementsofFirstAndLastRowsinMatrix/Dut.h:14:23: error: \u2018N\u2019 was not declared in this scope\n   14 |   sc_fifo_in<int> i_m[N*N];\n      |                       ^\n/data/users/S113062628/project/chip_llm/.log/InterchangeElementsofFirstAndLastRowsinMatrix/Dut.h:14:25: error: \u2018N\u2019 was not declared in this scope\n   14 |   sc_fifo_in<int> i_m[N*N];\n      |                         ^\n/data/users/S113062628/project/chip_llm/.log/InterchangeElementsofFirstAndLastRowsinMatrix/Dut.h:15:29: error: \u2018N\u2019 was not declared in this scope\n   15 |   sc_fifo_out<int> o_result[N*N];\n      |                             ^\n/data/users/S113062628/project/chip_llm/.log/InterchangeElementsofFirstAndLastRowsinMatrix/Dut.h:15:31: error: \u2018N\u2019 was not declared in this scope\n   15 |   sc_fifo_out<int> o_result[N*N];\n      |                               ^\n/data/users/S113062628/project/chip_llm/.log/InterchangeElementsofFirstAndLastRowsinMatrix/Dut.cpp: In member function \u2018void Dut::do_compute()\u2019:\n/data/users/S113062628/project/chip_llm/.log/InterchangeElementsofFirstAndLastRowsinMatrix/Dut.cpp:32:27: error: \u2018i_m\u2019 was not declared in this scope\n   32 |                 m[i][j] = i_m[i*N+j].read();\n      |                           ^~~\n/data/users/S113062628/project/chip_llm/.log/InterchangeElementsofFirstAndLastRowsinMatrix/Dut.cpp:45:17: error: \u2018o_result\u2019 was not declared in this scope\n   45 |                 o_result[i*N+j].write(m[i][j]);\n      |                 ^~~~~~~~\ngmake[2]: *** [CMakeFiles/test-dut.dir/build.make:76: CMakeFiles/test-dut.dir/Dut.cpp.o] Error 1\ngmake[1]: *** [CMakeFiles/Makefile2:83: CMakeFiles/test-dut.dir/all] Error 2\ngmake: *** [Makefile:91: all] Error 2"
  },
  {
    "name": "MergeSort",
    "state": "compile_error",
    "error_message": "-- The C compiler identification is GNU 11.4.0\n-- The CXX compiler identification is GNU 11.4.0\n-- Detecting C compiler ABI info\n-- Detecting C compiler ABI info - done\n-- Check for working C compiler: /usr/bin/cc - skipped\n-- Detecting C compile features\n-- Detecting C compile features - done\n-- Detecting CXX compiler ABI info\n-- Detecting CXX compiler ABI info - done\n-- Check for working CXX compiler: /usr/bin/c++ - skipped\n-- Detecting CXX compile features\n-- Detecting CXX compile features - done\n-- Configuring done\n-- Generating done\n-- Build files have been written to: /data/users/S113062628/project/chip_llm/.log/MergeSort/build\n[ 20%] Building CXX object CMakeFiles/test-dut.dir/Dut.cpp.o\n[ 40%] Building CXX object CMakeFiles/test-dut.dir/SystemPipeline.cpp.o\n[ 60%] Building CXX object CMakeFiles/test-dut.dir/Testbench.cpp.o\n/data/users/S113062628/project/chip_llm/.log/MergeSort/Testbench.cpp: In member function \u2018void Testbench::do_feed()\u2019:\n/data/users/S113062628/project/chip_llm/.log/MergeSort/Testbench.cpp:39:30: error: \u2018N\u2019 was not declared in this scope\n   39 |         if (tokens.size() != N) {\n      |                              ^\n/data/users/S113062628/project/chip_llm/.log/MergeSort/Testbench.cpp:54:29: error: \u2018N\u2019 was not declared in this scope\n   54 |         for (int i = 0; i < N; ++i) o_a.write(tc.input[i]);\n      |                             ^\n/data/users/S113062628/project/chip_llm/.log/MergeSort/Testbench.cpp: In member function \u2018void Testbench::do_fetch()\u2019:\n/data/users/S113062628/project/chip_llm/.log/MergeSort/Testbench.cpp:80:30: error: \u2018N\u2019 was not declared in this scope\n   80 |         if (tokens.size() != N) {\n      |                              ^\n/data/users/S113062628/project/chip_llm/.log/MergeSort/Testbench.cpp:105:28: error: \u2018N\u2019 was not declared in this scope\n  105 |         if (vals.size() != N) {\n      |                            ^\n/data/users/S113062628/project/chip_llm/.log/MergeSort/Testbench.cpp:119:24: error: \u2018N\u2019 was not declared in this scope\n  119 |         result.reserve(N);\n      |                        ^\ngmake[2]: *** [CMakeFiles/test-dut.dir/build.make:104: CMakeFiles/test-dut.dir/Testbench.cpp.o] Error 1\ngmake[1]: *** [CMakeFiles/Makefile2:83: CMakeFiles/test-dut.dir/all] Error 2\ngmake: *** [Makefile:91: all] Error 2"
  },
  {
    "name": "MultiplyTwoMatrices",
    "state": "unit_test_pass",
    "error_message": ""
  },
  {
    "name": "NumberofUniqueTripletsWhoseXORisZero",
    "state": "compile_error",
    "error_message": "-- The C compiler identification is GNU 11.4.0\n-- The CXX compiler identification is GNU 11.4.0\n-- Detecting C compiler ABI info\n-- Detecting C compiler ABI info - done\n-- Check for working C compiler: /usr/bin/cc - skipped\n-- Detecting C compile features\n-- Detecting C compile features - done\n-- Detecting CXX compiler ABI info\n-- Detecting CXX compiler ABI info - done\n-- Check for working CXX compiler: /usr/bin/c++ - skipped\n-- Detecting CXX compile features\n-- Detecting CXX compile features - done\n-- Configuring done\n-- Generating done\n-- Build files have been written to: /data/users/S113062628/project/chip_llm/.log/NumberofUniqueTripletsWhoseXORisZero/build\n[ 20%] Building CXX object CMakeFiles/test-dut.dir/Dut.cpp.o\n[ 40%] Building CXX object CMakeFiles/test-dut.dir/SystemPipeline.cpp.o\n[ 60%] Building CXX object CMakeFiles/test-dut.dir/Testbench.cpp.o\n/data/users/S113062628/project/chip_llm/.log/NumberofUniqueTripletsWhoseXORisZero/Testbench.cpp: In member function \u2018void Testbench::do_feed()\u2019:\n/data/users/S113062628/project/chip_llm/.log/NumberofUniqueTripletsWhoseXORisZero/Testbench.cpp:39:30: error: \u2018N\u2019 was not declared in this scope\n   39 |         if (tokens.size() != N) {\n      |                              ^\n/data/users/S113062628/project/chip_llm/.log/NumberofUniqueTripletsWhoseXORisZero/Testbench.cpp:56:29: error: \u2018N\u2019 was not declared in this scope\n   56 |         for (int i = 0; i < N; ++i) o_a.write(tc.a[i]);\n      |                             ^\n/data/users/S113062628/project/chip_llm/.log/NumberofUniqueTripletsWhoseXORisZero/Testbench.cpp: In member function \u2018void Testbench::do_fetch()\u2019:\n/data/users/S113062628/project/chip_llm/.log/NumberofUniqueTripletsWhoseXORisZero/Testbench.cpp:82:30: error: \u2018N\u2019 was not declared in this scope\n   82 |         if (tokens.size() != N) {\n      |                              ^\n/data/users/S113062628/project/chip_llm/.log/NumberofUniqueTripletsWhoseXORisZero/Testbench.cpp:131:33: error: \u2018N\u2019 was not declared in this scope\n  131 |             for (int i = 0; i < N; ++i) {\n      |                                 ^\ngmake[2]: *** [CMakeFiles/test-dut.dir/build.make:104: CMakeFiles/test-dut.dir/Testbench.cpp.o] Error 1\ngmake[1]: *** [CMakeFiles/Makefile2:83: CMakeFiles/test-dut.dir/all] Error 2\ngmake: *** [Makefile:91: all] Error 2"
  },
  {
    "name": "RotateMatrixElementsofaMatrix",
    "state": "compile_error",
    "error_message": "-- The C compiler identification is GNU 11.4.0\n-- The CXX compiler identification is GNU 11.4.0\n-- Detecting C compiler ABI info\n-- Detecting C compiler ABI info - done\n-- Check for working C compiler: /usr/bin/cc - skipped\n-- Detecting C compile features\n-- Detecting C compile features - done\n-- Detecting CXX compiler ABI info\n-- Detecting CXX compiler ABI info - done\n-- Check for working CXX compiler: /usr/bin/c++ - skipped\n-- Detecting CXX compile features\n-- Detecting CXX compile features - done\n-- Configuring done\n-- Generating done\n-- Build files have been written to: /data/users/S113062628/project/chip_llm/.log/RotateMatrixElementsofaMatrix/build\n[ 20%] Building CXX object CMakeFiles/test-dut.dir/Dut.cpp.o\nIn file included from /data/users/S113062628/project/chip_llm/.log/RotateMatrixElementsofaMatrix/Dut.cpp:2:\n/data/users/S113062628/project/chip_llm/.log/RotateMatrixElementsofaMatrix/Dut.h:14:25: error: \u2018R\u2019 was not declared in this scope\n   14 |   sc_fifo_in<int> i_mat[R*C];\n      |                         ^\n/data/users/S113062628/project/chip_llm/.log/RotateMatrixElementsofaMatrix/Dut.h:14:27: error: \u2018C\u2019 was not declared in this scope\n   14 |   sc_fifo_in<int> i_mat[R*C];\n      |                           ^\n/data/users/S113062628/project/chip_llm/.log/RotateMatrixElementsofaMatrix/Dut.h:15:29: error: \u2018R\u2019 was not declared in this scope\n   15 |   sc_fifo_out<int> o_result[R*C];\n      |                             ^\n/data/users/S113062628/project/chip_llm/.log/RotateMatrixElementsofaMatrix/Dut.h:15:31: error: \u2018C\u2019 was not declared in this scope\n   15 |   sc_fifo_out<int> o_result[R*C];\n      |                               ^\n/data/users/S113062628/project/chip_llm/.log/RotateMatrixElementsofaMatrix/Dut.cpp: In member function \u2018void Dut::do_compute()\u2019:\n/data/users/S113062628/project/chip_llm/.log/RotateMatrixElementsofaMatrix/Dut.cpp:69:29: error: \u2018i_mat\u2019 was not declared in this scope; did you mean \u2018mat\u2019?\n   69 |                 mat[i][j] = i_mat[i*C + j].read();\n      |                             ^~~~~\n      |                             mat\n/data/users/S113062628/project/chip_llm/.log/RotateMatrixElementsofaMatrix/Dut.cpp:82:17: error: \u2018o_result\u2019 was not declared in this scope\n   82 |                 o_result[i*C + j].write(mat[i][j]);\n      |                 ^~~~~~~~\ngmake[2]: *** [CMakeFiles/test-dut.dir/build.make:76: CMakeFiles/test-dut.dir/Dut.cpp.o] Error 1\ngmake[1]: *** [CMakeFiles/Makefile2:83: CMakeFiles/test-dut.dir/all] Error 2\ngmake: *** [Makefile:91: all] Error 2"
  },
  {
    "name": "SearchanElementinanArray_BinarySearch",
    "state": "compile_error",
    "error_message": "-- The C compiler identification is GNU 11.4.0\n-- The CXX compiler identification is GNU 11.4.0\n-- Detecting C compiler ABI info\n-- Detecting C compiler ABI info - done\n-- Check for working C compiler: /usr/bin/cc - skipped\n-- Detecting C compile features\n-- Detecting C compile features - done\n-- Detecting CXX compiler ABI info\n-- Detecting CXX compiler ABI info - done\n-- Check for working CXX compiler: /usr/bin/c++ - skipped\n-- Detecting CXX compile features\n-- Detecting CXX compile features - done\n-- Configuring done\n-- Generating done\n-- Build files have been written to: /data/users/S113062628/project/chip_llm/.log/SearchanElementinanArray_BinarySearch/build\n[ 20%] Building CXX object CMakeFiles/test-dut.dir/Dut.cpp.o\n[ 40%] Building CXX object CMakeFiles/test-dut.dir/SystemPipeline.cpp.o\n[ 60%] Building CXX object CMakeFiles/test-dut.dir/Testbench.cpp.o\n/data/users/S113062628/project/chip_llm/.log/SearchanElementinanArray_BinarySearch/Testbench.cpp: In member function \u2018void Testbench::do_feed()\u2019:\n/data/users/S113062628/project/chip_llm/.log/SearchanElementinanArray_BinarySearch/Testbench.cpp:44:30: error: \u2018N\u2019 was not declared in this scope\n   44 |         if (tokens.size() != N + 1) {\n      |                              ^\n/data/users/S113062628/project/chip_llm/.log/SearchanElementinanArray_BinarySearch/Testbench.cpp:64:29: error: \u2018N\u2019 was not declared in this scope\n   64 |         for (int i = 0; i < N; ++i) o_a.write(tc.v[i]);\n      |                             ^\n/data/users/S113062628/project/chip_llm/.log/SearchanElementinanArray_BinarySearch/Testbench.cpp: In member function \u2018void Testbench::do_fetch()\u2019:\n/data/users/S113062628/project/chip_llm/.log/SearchanElementinanArray_BinarySearch/Testbench.cpp:96:30: error: \u2018N\u2019 was not declared in this scope\n   96 |         if (tokens.size() != N + 1) {\n      |                              ^\n/data/users/S113062628/project/chip_llm/.log/SearchanElementinanArray_BinarySearch/Testbench.cpp:123:33: error: \u2018N\u2019 was not declared in this scope\n  123 |             for (int i = 0; i < N; ++i) {\n      |                                 ^\ngmake[2]: *** [CMakeFiles/test-dut.dir/build.make:104: CMakeFiles/test-dut.dir/Testbench.cpp.o] Error 1\ngmake[1]: *** [CMakeFiles/Makefile2:83: CMakeFiles/test-dut.dir/all] Error 2\ngmake: *** [Makefile:91: all] Error 2"
  },
  {
    "name": "SortanArray_BubbleSort",
    "state": "compile_error",
    "error_message": "-- The C compiler identification is GNU 11.4.0\n-- The CXX compiler identification is GNU 11.4.0\n-- Detecting C compiler ABI info\n-- Detecting C compiler ABI info - done\n-- Check for working C compiler: /usr/bin/cc - skipped\n-- Detecting C compile features\n-- Detecting C compile features - done\n-- Detecting CXX compiler ABI info\n-- Detecting CXX compiler ABI info - done\n-- Check for working CXX compiler: /usr/bin/c++ - skipped\n-- Detecting CXX compile features\n-- Detecting CXX compile features - done\n-- Configuring done\n-- Generating done\n-- Build files have been written to: /data/users/S113062628/project/chip_llm/.log/SortanArray_BubbleSort/build\n[ 20%] Building CXX object CMakeFiles/test-dut.dir/Dut.cpp.o\n[ 40%] Building CXX object CMakeFiles/test-dut.dir/SystemPipeline.cpp.o\n[ 60%] Building CXX object CMakeFiles/test-dut.dir/Testbench.cpp.o\n/data/users/S113062628/project/chip_llm/.log/SortanArray_BubbleSort/Testbench.cpp: In member function \u2018void Testbench::do_feed()\u2019:\n/data/users/S113062628/project/chip_llm/.log/SortanArray_BubbleSort/Testbench.cpp:38:30: error: \u2018N\u2019 was not declared in this scope\n   38 |         if (tokens.size() != N) {\n      |                              ^\n/data/users/S113062628/project/chip_llm/.log/SortanArray_BubbleSort/Testbench.cpp:55:29: error: \u2018N\u2019 was not declared in this scope\n   55 |         for (int i = 0; i < N; ++i) o_a.write(tc.input[i]);\n      |                             ^\n/data/users/S113062628/project/chip_llm/.log/SortanArray_BubbleSort/Testbench.cpp: In member function \u2018void Testbench::do_fetch()\u2019:\n/data/users/S113062628/project/chip_llm/.log/SortanArray_BubbleSort/Testbench.cpp:81:30: error: \u2018N\u2019 was not declared in this scope\n   81 |         if (tokens.size() != N) {\n      |                              ^\n/data/users/S113062628/project/chip_llm/.log/SortanArray_BubbleSort/Testbench.cpp:108:28: error: \u2018N\u2019 was not declared in this scope\n  108 |         if (vals.size() != N) {\n      |                            ^\n/data/users/S113062628/project/chip_llm/.log/SortanArray_BubbleSort/Testbench.cpp:122:24: error: \u2018N\u2019 was not declared in this scope\n  122 |         result.reserve(N);\n      |                        ^\ngmake[2]: *** [CMakeFiles/test-dut.dir/build.make:104: CMakeFiles/test-dut.dir/Testbench.cpp.o] Error 1\ngmake[1]: *** [CMakeFiles/Makefile2:83: CMakeFiles/test-dut.dir/all] Error 2\ngmake: *** [Makefile:91: all] Error 2"
  }
]