"v1: compilation error"
main.cpp:37:24: error: ‘Complex’ does not name a type
   37 |     bool isEqual(const Complex& c1, const Complex& c2) {
      |                        ^~~~~~~
main.cpp:37:43: error: ‘Complex’ does not name a type
   37 |     bool isEqual(const Complex& c1, const Complex& c2) {
      |                                           ^~~~~~~
main.cpp: In member function ‘void ComplexAdder::test_addition()’:
main.cpp:12:9: error: ‘Complex’ was not declared in this scope
   12 |         Complex a(1.5, 2.5);
      |         ^~~~~~~
main.cpp:13:17: error: expected ‘;’ before ‘b’
   13 |         Complex b(3.5, 4.5);
      |                 ^
main.cpp:14:17: error: expected ‘;’ before ‘result’
   14 |         Complex result = a + b;
      |                 ^~~~~~
main.cpp:15:17: error: expected ‘;’ before ‘expected’
   15 |         Complex expected(5.0, 7.0);
      |                 ^~~~~~~~
In file included from /usr/include/c++/11/cassert:44,
                 from /usr/local/systemc-2.3.3/include/sysc/kernel/sc_cmnhdr.h:157,
                 from /usr/local/systemc-2.3.3/include/systemc:70,
                 from /usr/local/systemc-2.3.3/include/systemc.h:219,
                 from main.cpp:1:
main.cpp:16:24: error: ‘result’ was not declared in this scope
   16 |         assert(isEqual(result, expected));
      |                        ^~~~~~
main.cpp:16:32: error: ‘expected’ was not declared in this scope
   16 |         assert(isEqual(result, expected));
      |                                ^~~~~~~~
main.cpp:19:17: error: expected ‘;’ before ‘c’
   19 |         Complex c(-1, 3);
      |                 ^
main.cpp:20:17: error: expected ‘;’ before ‘d’
   20 |         Complex d(1, -3);
      |                 ^
main.cpp:21:17: error: expected ‘;’ before ‘expected2’
   21 |         Complex expected2(0, 0);
      |                 ^~~~~~~~~
In file included from /usr/include/c++/11/cassert:44,
                 from /usr/local/systemc-2.3.3/include/sysc/kernel/sc_cmnhdr.h:157,
                 from /usr/local/systemc-2.3.3/include/systemc:70,
                 from /usr/local/systemc-2.3.3/include/systemc.h:219,
                 from main.cpp:1:
main.cpp:22:24: error: ‘c’ was not declared in this scope
   22 |         assert(isEqual(c + d, expected2));
      |                        ^
main.cpp:22:28: error: ‘d’ was not declared in this scope
   22 |         assert(isEqual(c + d, expected2));
      |                            ^
main.cpp:22:31: error: ‘expected2’ was not declared in this scope
   22 |         assert(isEqual(c + d, expected2));
      |                               ^~~~~~~~~
main.cpp:25:17: error: expected ‘;’ before ‘e’
   25 |         Complex e(0, 0);
      |                 ^
main.cpp:26:17: error: expected ‘;’ before ‘f’
   26 |         Complex f(2.3, -4.5);
      |                 ^
main.cpp:27:17: error: expected ‘;’ before ‘expected3’
   27 |         Complex expected3(2.3, -4.5);
      |                 ^~~~~~~~~
In file included from /usr/include/c++/11/cassert:44,
                 from /usr/local/systemc-2.3.3/include/sysc/kernel/sc_cmnhdr.h:157,
                 from /usr/local/systemc-2.3.3/include/systemc:70,
                 from /usr/local/systemc-2.3.3/include/systemc.h:219,
                 from main.cpp:1:
main.cpp:28:24: error: ‘e’ was not declared in this scope
   28 |         assert(isEqual(e + f, expected3));
      |                        ^
main.cpp:28:28: error: ‘f’ was not declared in this scope
   28 |         assert(isEqual(e + f, expected3));
      |                            ^
main.cpp:28:31: error: ‘expected3’ was not declared in this scope
   28 |         assert(isEqual(e + f, expected3));
      |                               ^~~~~~~~~
main.cpp: In member function ‘bool ComplexAdder::isEqual(const int&, const int&)’:
main.cpp:39:30: error: request for member ‘real’ in ‘c1’, which is of non-class type ‘const int’
   39 |         return (std::fabs(c1.real - c2.real) < epsilon) && (std::fabs(c1.imag - c2.imag) < epsilon);
      |                              ^~~~
main.cpp:39:40: error: request for member ‘real’ in ‘c2’, which is of non-class type ‘const int’
   39 |         return (std::fabs(c1.real - c2.real) < epsilon) && (std::fabs(c1.imag - c2.imag) < epsilon);
      |                                        ^~~~
main.cpp:39:74: error: request for member ‘imag’ in ‘c1’, which is of non-class type ‘const int’
   39 |         return (std::fabs(c1.real - c2.real) < epsilon) && (std::fabs(c1.imag - c2.imag) < epsilon);
      |                                                                          ^~~~
main.cpp:39:84: error: request for member ‘imag’ in ‘c2’, which is of non-class type ‘const int’
   39 |         return (std::fabs(c1.real - c2.real) < epsilon) && (std::fabs(c1.imag - c2.imag) < epsilon);
      |   

"v2: success(decrease complexity of original c++ code)"