[
  {
    "name": "2D_Convolution",
    "state": "compile_error",
    "error_message": "-- The C compiler identification is GNU 11.4.0\n-- The CXX compiler identification is GNU 11.4.0\n-- Detecting C compiler ABI info\n-- Detecting C compiler ABI info - done\n-- Check for working C compiler: /usr/bin/cc - skipped\n-- Detecting C compile features\n-- Detecting C compile features - done\n-- Detecting CXX compiler ABI info\n-- Detecting CXX compiler ABI info - done\n-- Check for working CXX compiler: /usr/bin/c++ - skipped\n-- Detecting CXX compile features\n-- Detecting CXX compile features - done\n-- Configuring done\n-- Generating done\n-- Build files have been written to: /data/users/S113062628/project/chip_llm/.log/2D_Convolution/build\n[ 20%] Building CXX object CMakeFiles/test-dut.dir/Dut.cpp.o\n[ 40%] Building CXX object CMakeFiles/test-dut.dir/SystemPipeline.cpp.o\n[ 60%] Building CXX object CMakeFiles/test-dut.dir/Testbench.cpp.o\n/data/users/S113062628/project/chip_llm/.log/2D_Convolution/Testbench.cpp: In member function \u2018void Testbench::do_feed()\u2019:\n/data/users/S113062628/project/chip_llm/.log/2D_Convolution/Testbench.cpp:21:22: error: variable \u2018std::ifstream fin\u2019 has initializer but incomplete type\n   21 |     std::ifstream fin(\"testcases.txt\");\n      |                      ^\n/data/users/S113062628/project/chip_llm/.log/2D_Convolution/Testbench.cpp:30:36: error: variable \u2018std::istringstream iss\u2019 has initializer but incomplete type\n   30 |         std::istringstream iss(line);\n      |                                    ^\n/data/users/S113062628/project/chip_llm/.log/2D_Convolution/Testbench.cpp: In member function \u2018void Testbench::do_fetch()\u2019:\n/data/users/S113062628/project/chip_llm/.log/2D_Convolution/Testbench.cpp:75:22: error: variable \u2018std::ifstream fin\u2019 has initializer but incomplete type\n   75 |     std::ifstream fin(\"testcases.txt\");\n      |                      ^\n/data/users/S113062628/project/chip_llm/.log/2D_Convolution/Testbench.cpp:84:36: error: variable \u2018std::istringstream iss\u2019 has initializer but incomplete type\n   84 |         std::istringstream iss(line);\n      |                                    ^\n/data/users/S113062628/project/chip_llm/.log/2D_Convolution/Testbench.cpp:104:26: error: variable \u2018std::ifstream fin\u2019 has initializer but incomplete type\n  104 |         std::ifstream fin(\"golden.txt\");\n      |                          ^\n/data/users/S113062628/project/chip_llm/.log/2D_Convolution/Testbench.cpp:113:40: error: variable \u2018std::istringstream iss\u2019 has initializer but incomplete type\n  113 |             std::istringstream iss(line);\n      |                                        ^\ngmake[2]: *** [CMakeFiles/test-dut.dir/build.make:104: CMakeFiles/test-dut.dir/Testbench.cpp.o] Error 1\ngmake[1]: *** [CMakeFiles/Makefile2:83: CMakeFiles/test-dut.dir/all] Error 2\ngmake: *** [Makefile:91: all] Error 2"
  },
  {
    "name": "AES_128",
    "state": "format_error",
    "error_message": "Project directory is empty \u2013 likely extraction/formatting failure."
  },
  {
    "name": "AddTwoBinaryStrings",
    "state": "compile_error",
    "error_message": "-- The C compiler identification is GNU 11.4.0\n-- The CXX compiler identification is GNU 11.4.0\n-- Detecting C compiler ABI info\n-- Detecting C compiler ABI info - done\n-- Check for working C compiler: /usr/bin/cc - skipped\n-- Detecting C compile features\n-- Detecting C compile features - done\n-- Detecting CXX compiler ABI info\n-- Detecting CXX compiler ABI info - done\n-- Check for working CXX compiler: /usr/bin/c++ - skipped\n-- Detecting CXX compile features\n-- Detecting CXX compile features - done\n-- Configuring done\n-- Generating done\n-- Build files have been written to: /data/users/S113062628/project/chip_llm/.log/AddTwoBinaryStrings/build\n[ 20%] Building CXX object CMakeFiles/test-dut.dir/Dut.cpp.o\n/data/users/S113062628/project/chip_llm/.log/AddTwoBinaryStrings/Dut.cpp: In function \u2018std::string addBinary(std::string, std::string)\u2019:\n/data/users/S113062628/project/chip_llm/.log/AddTwoBinaryStrings/Dut.cpp:42:22: warning: comparison of integer expressions of different signedness: \u2018int\u2019 and \u2018std::__cxx11::basic_string<char>::size_type\u2019 {aka \u2018long unsigned int\u2019} [-Wsign-compare]\n   42 |     while (index + 1 < res.length() && res[index] == '0')\n      |            ~~~~~~~~~~^~~~~~~~~~~~~~\n[ 40%] Building CXX object CMakeFiles/test-dut.dir/SystemPipeline.cpp.o\n[ 60%] Building CXX object CMakeFiles/test-dut.dir/Testbench.cpp.o\n/data/users/S113062628/project/chip_llm/.log/AddTwoBinaryStrings/Testbench.cpp: In member function \u2018void Testbench::do_feed()\u2019:\n/data/users/S113062628/project/chip_llm/.log/AddTwoBinaryStrings/Testbench.cpp:18:22: error: variable \u2018std::ifstream fin\u2019 has initializer but incomplete type\n   18 |     std::ifstream fin(\"testcases.txt\");\n      |                      ^\n/data/users/S113062628/project/chip_llm/.log/AddTwoBinaryStrings/Testbench.cpp:27:36: error: variable \u2018std::istringstream iss\u2019 has initializer but incomplete type\n   27 |         std::istringstream iss(line);\n      |                                    ^\n/data/users/S113062628/project/chip_llm/.log/AddTwoBinaryStrings/Testbench.cpp: In member function \u2018void Testbench::do_fetch()\u2019:\n/data/users/S113062628/project/chip_llm/.log/AddTwoBinaryStrings/Testbench.cpp:65:22: error: variable \u2018std::ifstream fin\u2019 has initializer but incomplete type\n   65 |     std::ifstream fin(\"testcases.txt\");\n      |                      ^\n/data/users/S113062628/project/chip_llm/.log/AddTwoBinaryStrings/Testbench.cpp:74:36: error: variable \u2018std::istringstream iss\u2019 has initializer but incomplete type\n   74 |         std::istringstream iss(line);\n      |                                    ^\n/data/users/S113062628/project/chip_llm/.log/AddTwoBinaryStrings/Testbench.cpp:88:26: error: variable \u2018std::ifstream fin\u2019 has initializer but incomplete type\n   88 |         std::ifstream fin(\"golden.txt\");\n      |                          ^\n/data/users/S113062628/project/chip_llm/.log/AddTwoBinaryStrings/Testbench.cpp:97:40: error: variable \u2018std::istringstream iss\u2019 has initializer but incomplete type\n   97 |             std::istringstream iss(line);\n      |                                        ^\ngmake[2]: *** [CMakeFiles/test-dut.dir/build.make:104: CMakeFiles/test-dut.dir/Testbench.cpp.o] Error 1\ngmake[1]: *** [CMakeFiles/Makefile2:83: CMakeFiles/test-dut.dir/all] Error 2\ngmake: *** [Makefile:91: all] Error 2"
  },
  {
    "name": "AddTwoMatrices",
    "state": "compile_error",
    "error_message": "-- The C compiler identification is GNU 11.4.0\n-- The CXX compiler identification is GNU 11.4.0\n-- Detecting C compiler ABI info\n-- Detecting C compiler ABI info - done\n-- Check for working C compiler: /usr/bin/cc - skipped\n-- Detecting C compile features\n-- Detecting C compile features - done\n-- Detecting CXX compiler ABI info\n-- Detecting CXX compiler ABI info - done\n-- Check for working CXX compiler: /usr/bin/c++ - skipped\n-- Detecting CXX compile features\n-- Detecting CXX compile features - done\n-- Configuring done\n-- Generating done\n-- Build files have been written to: /data/users/S113062628/project/chip_llm/.log/AddTwoMatrices/build\n[ 20%] Building CXX object CMakeFiles/test-dut.dir/Dut.cpp.o\n[ 40%] Building CXX object CMakeFiles/test-dut.dir/SystemPipeline.cpp.o\n[ 60%] Building CXX object CMakeFiles/test-dut.dir/Testbench.cpp.o\n/data/users/S113062628/project/chip_llm/.log/AddTwoMatrices/Testbench.cpp: In member function \u2018void Testbench::do_feed()\u2019:\n/data/users/S113062628/project/chip_llm/.log/AddTwoMatrices/Testbench.cpp:21:22: error: variable \u2018std::ifstream fin\u2019 has initializer but incomplete type\n   21 |     std::ifstream fin(\"testcases.txt\");\n      |                      ^\n/data/users/S113062628/project/chip_llm/.log/AddTwoMatrices/Testbench.cpp:30:36: error: variable \u2018std::istringstream iss\u2019 has initializer but incomplete type\n   30 |         std::istringstream iss(line);\n      |                                    ^\n/data/users/S113062628/project/chip_llm/.log/AddTwoMatrices/Testbench.cpp: In member function \u2018void Testbench::do_fetch()\u2019:\n/data/users/S113062628/project/chip_llm/.log/AddTwoMatrices/Testbench.cpp:81:22: error: variable \u2018std::ifstream fin\u2019 has initializer but incomplete type\n   81 |     std::ifstream fin(\"testcases.txt\");\n      |                      ^\n/data/users/S113062628/project/chip_llm/.log/AddTwoMatrices/Testbench.cpp:90:36: error: variable \u2018std::istringstream iss\u2019 has initializer but incomplete type\n   90 |         std::istringstream iss(line);\n      |                                    ^\n/data/users/S113062628/project/chip_llm/.log/AddTwoMatrices/Testbench.cpp:116:26: error: variable \u2018std::ifstream fin\u2019 has initializer but incomplete type\n  116 |         std::ifstream fin(\"golden.txt\");\n      |                          ^\n/data/users/S113062628/project/chip_llm/.log/AddTwoMatrices/Testbench.cpp:125:40: error: variable \u2018std::istringstream iss\u2019 has initializer but incomplete type\n  125 |             std::istringstream iss(line);\n      |                                        ^\ngmake[2]: *** [CMakeFiles/test-dut.dir/build.make:104: CMakeFiles/test-dut.dir/Testbench.cpp.o] Error 1\ngmake[1]: *** [CMakeFiles/Makefile2:83: CMakeFiles/test-dut.dir/all] Error 2\ngmake: *** [Makefile:91: all] Error 2"
  },
  {
    "name": "ArrayRotation",
    "state": "compile_error",
    "error_message": "-- The C compiler identification is GNU 11.4.0\n-- The CXX compiler identification is GNU 11.4.0\n-- Detecting C compiler ABI info\n-- Detecting C compiler ABI info - done\n-- Check for working C compiler: /usr/bin/cc - skipped\n-- Detecting C compile features\n-- Detecting C compile features - done\n-- Detecting CXX compiler ABI info\n-- Detecting CXX compiler ABI info - done\n-- Check for working CXX compiler: /usr/bin/c++ - skipped\n-- Detecting CXX compile features\n-- Detecting CXX compile features - done\n-- Configuring done\n-- Generating done\n-- Build files have been written to: /data/users/S113062628/project/chip_llm/.log/ArrayRotation/build\n[ 20%] Building CXX object CMakeFiles/test-dut.dir/Dut.cpp.o\n/data/users/S113062628/project/chip_llm/.log/ArrayRotation/Dut.cpp: In function \u2018void PrintTheArray(int*, int)\u2019:\n/data/users/S113062628/project/chip_llm/.log/ArrayRotation/Dut.cpp:26:9: error: \u2018cout\u2019 was not declared in this scope; did you mean \u2018std::cout\u2019?\n   26 |         cout << arr[i] << \" \";\n      |         ^~~~\n      |         std::cout\nIn file included from /usr/local/systemc-2.3.3/include/sysc/kernel/sc_object.h:34,\n                 from /usr/local/systemc-2.3.3/include/sysc/kernel/sc_process.h:35,\n                 from /usr/local/systemc-2.3.3/include/sysc/kernel/sc_module.h:35,\n                 from /usr/local/systemc-2.3.3/include/systemc:74,\n                 from /data/users/S113062628/project/chip_llm/.log/ArrayRotation/Dut.h:5,\n                 from /data/users/S113062628/project/chip_llm/.log/ArrayRotation/Dut.cpp:2:\n/usr/include/c++/11/iostream:61:18: note: \u2018std::cout\u2019 declared here\n   61 |   extern ostream cout;          /// Linked to standard output\n      |                  ^~~~\ngmake[2]: *** [CMakeFiles/test-dut.dir/build.make:76: CMakeFiles/test-dut.dir/Dut.cpp.o] Error 1\ngmake[1]: *** [CMakeFiles/Makefile2:83: CMakeFiles/test-dut.dir/all] Error 2\ngmake: *** [Makefile:91: all] Error 2"
  },
  {
    "name": "BinarytoDecimalConversion",
    "state": "compile_error",
    "error_message": "-- The C compiler identification is GNU 11.4.0\n-- The CXX compiler identification is GNU 11.4.0\n-- Detecting C compiler ABI info\n-- Detecting C compiler ABI info - done\n-- Check for working C compiler: /usr/bin/cc - skipped\n-- Detecting C compile features\n-- Detecting C compile features - done\n-- Detecting CXX compiler ABI info\n-- Detecting CXX compiler ABI info - done\n-- Check for working CXX compiler: /usr/bin/c++ - skipped\n-- Detecting CXX compile features\n-- Detecting CXX compile features - done\n-- Configuring done\n-- Generating done\n-- Build files have been written to: /data/users/S113062628/project/chip_llm/.log/BinarytoDecimalConversion/build\n[ 20%] Building CXX object CMakeFiles/test-dut.dir/Dut.cpp.o\n[ 40%] Building CXX object CMakeFiles/test-dut.dir/SystemPipeline.cpp.o\n[ 60%] Building CXX object CMakeFiles/test-dut.dir/Testbench.cpp.o\n/data/users/S113062628/project/chip_llm/.log/BinarytoDecimalConversion/Testbench.cpp: In member function \u2018void Testbench::do_feed()\u2019:\n/data/users/S113062628/project/chip_llm/.log/BinarytoDecimalConversion/Testbench.cpp:18:22: error: variable \u2018std::ifstream fin\u2019 has initializer but incomplete type\n   18 |     std::ifstream fin(\"testcases.txt\");\n      |                      ^\n/data/users/S113062628/project/chip_llm/.log/BinarytoDecimalConversion/Testbench.cpp:27:36: error: variable \u2018std::istringstream iss\u2019 has initializer but incomplete type\n   27 |         std::istringstream iss(line);\n      |                                    ^\n/data/users/S113062628/project/chip_llm/.log/BinarytoDecimalConversion/Testbench.cpp: In member function \u2018void Testbench::do_fetch()\u2019:\n/data/users/S113062628/project/chip_llm/.log/BinarytoDecimalConversion/Testbench.cpp:63:22: error: variable \u2018std::ifstream fin\u2019 has initializer but incomplete type\n   63 |     std::ifstream fin(\"testcases.txt\");\n      |                      ^\n/data/users/S113062628/project/chip_llm/.log/BinarytoDecimalConversion/Testbench.cpp:72:36: error: variable \u2018std::istringstream iss\u2019 has initializer but incomplete type\n   72 |         std::istringstream iss(line);\n      |                                    ^\n/data/users/S113062628/project/chip_llm/.log/BinarytoDecimalConversion/Testbench.cpp:86:26: error: variable \u2018std::ifstream fin\u2019 has initializer but incomplete type\n   86 |         std::ifstream fin(\"golden.txt\");\n      |                          ^\n/data/users/S113062628/project/chip_llm/.log/BinarytoDecimalConversion/Testbench.cpp:95:40: error: variable \u2018std::istringstream iss\u2019 has initializer but incomplete type\n   95 |             std::istringstream iss(line);\n      |                                        ^\ngmake[2]: *** [CMakeFiles/test-dut.dir/build.make:104: CMakeFiles/test-dut.dir/Testbench.cpp.o] Error 1\ngmake[1]: *** [CMakeFiles/Makefile2:83: CMakeFiles/test-dut.dir/all] Error 2\ngmake: *** [Makefile:91: all] Error 2"
  },
  {
    "name": "CheckWhetheraNumberCanbeExpressedasSumofTwoPrimeNumbers",
    "state": "unit_test_fail",
    "error_message": "-- The C compiler identification is GNU 11.4.0\n-- The CXX compiler identification is GNU 11.4.0\n-- Detecting C compiler ABI info\n-- Detecting C compiler ABI info - done\n-- Check for working C compiler: /usr/bin/cc - skipped\n-- Detecting C compile features\n-- Detecting C compile features - done\n-- Detecting CXX compiler ABI info\n-- Detecting CXX compiler ABI info - done\n-- Check for working CXX compiler: /usr/bin/c++ - skipped\n-- Detecting CXX compile features\n-- Detecting CXX compile features - done\n-- Configuring done\n-- Generating done\n-- Build files have been written to: /data/users/S113062628/project/chip_llm/.log/CheckWhetheraNumberCanbeExpressedasSumofTwoPrimeNumbers/build\n[ 20%] Building CXX object CMakeFiles/test-dut.dir/Dut.cpp.o\n[ 40%] Building CXX object CMakeFiles/test-dut.dir/SystemPipeline.cpp.o\n[ 60%] Building CXX object CMakeFiles/test-dut.dir/Testbench.cpp.o\n[ 80%] Building CXX object CMakeFiles/test-dut.dir/main.cpp.o\n[100%] Linking CXX executable test-dut\n[100%] Built target test-dut\n\n        SystemC 2.3.3-Accellera --- Mar  4 2025 16:59:36\n        Copyright (c) 1996-2018 by all Contributors,\n        ALL RIGHTS RESERVED\nTest case 1 failed.\nInput: 4474\nOutput: 0, Expected: 1\n\nTest case 2 failed.\nInput: 2224\nOutput: 0, Expected: 1\n\nTest case 3 passed.\nInput: 9711\nOutput: 0\n\nTest case 4 failed.\nInput: 8666\nOutput: 0, Expected: 1\n\nTest case 5 passed.\nInput: 9879\nOutput: 0\n\nTest case 6 failed.\nInput: 3456\nOutput: 0, Expected: 1\n\nTest case 7 passed.\nInput: 6575\nOutput: 0\n\nTest case 8 passed.\nInput: 2689\nOutput: 1\n\nTest case 9 failed.\nInput: 5118\nOutput: 0, Expected: 1\n\nTest case 10 failed.\nInput: 1195\nOutput: 0, Expected: 1\n\nTest case 11 passed.\nInput: 2713\nOutput: 1\n\nTest case 12 passed.\nInput: 2753\nOutput: 0\n\nTest case 13 failed.\nInput: 1348\nOutput: 0, Expected: 1\n\nTest case 14 failed.\nInput: 4944\nOutput: 0, Expected: 1\n\nTest case 15 failed.\nInput: 2628\nOutput: 0, Expected: 1\n\nTest case 16 failed.\nInput: 2330\nOutput: 0, Expected: 1\n\nTest case 17 failed.\nInput: 2019\nOutput: 0, Expected: 1\n\nTest case 18 failed.\nInput: 2413\nOutput: 0, Expected: 1\n\nTest case 19 passed.\nInput: 2073\nOutput: 0\n\nTest case 20 failed.\nInput: 9362\nOutput: 0, Expected: 1\n\nTest case 21 failed.\nInput: 8862\nOutput: 0, Expected: 1\n\nTest case 22 passed.\nInput: 1345\nOutput: 0\n\nTest case 23 passed.\nInput: 7023\nOutput: 0\n\nTest case 24 failed.\nInput: 2714\nOutput: 0, Expected: 1\n\nTest case 25 failed.\nInput: 1328\nOutput: 0, Expected: 1\n\nTest case 26 passed.\nInput: 9545\nOutput: 0\n\nTest case 27 failed.\nInput: 8922\nOutput: 0, Expected: 1\n\nTest case 28 failed.\nInput: 24\nOutput: 0, Expected: 1\n\nTest case 29 passed.\nInput: 3743\nOutput: 0\n\nTest case 30 failed.\nInput: 7848\nOutput: 0, Expected: 1\n\nTest case 31 failed.\nInput: 5672\nOutput: 0, Expected: 1\n\nTest case 32 passed.\nInput: 215\nOutput: 0\n\nTest case 33 failed.\nInput: 1160\nOutput: 0, Expected: 1\n\nTest case 34 failed.\nInput: 5954\nOutput: 0, Expected: 1\n\nTest case 35 passed.\nInput: 2991\nOutput: 0\n\nTest case 36 failed.\nInput: 2715\nOutput: 0, Expected: 1\n\nTest case 37 failed.\nInput: 7272\nOutput: 0, Expected: 1\n\nTest case 38 passed.\nInput: 8489\nOutput: 0\n\nTest case 39 passed.\nInput: 7227\nOutput: 0\n\nTest case 40 failed.\nInput: 5652\nOutput: 0, Expected: 1\n\nTest case 41 passed.\nInput: 3487\nOutput: 0\n\nTest case 42 passed.\nInput: 1397\nOutput: 0\n\nTest case 43 failed.\nInput: 9504\nOutput: 0, Expected: 1\n\nTest case 44 failed.\nInput: 4420\nOutput: 0, Expected: 1\n\nTest case 45 failed.\nInput: 5556\nOutput: 0, Expected: 1\n\nTest case 46 failed.\nInput: 2550\nOutput: 0, Expected: 1\n\nTest case 47 passed.\nInput: 8115\nOutput: 0\n\nTest case 48 failed.\nInput: 64\nOutput: 0, Expected: 1\n\nTest case 49 failed.\nInput: 9576\nOutput: 0, Expected: 1\n\nTest case 50 failed.\nInput: 3358\nOutput: 0, Expected: 1\n\nTest case 51 failed.\nInput: 4554\nOutput: 0, Expected: 1\n\nTest case 52 failed.\nInput: 6130\nOutput: 0, Expected: 1\n\nTest case 53 passed.\nInput: 2191\nOutput: 0\n\nTest case 54 failed.\nInput: 7248\nOutput: 0, Expected: 1\n\nTest case 55 failed.\nInput: 2769\nOutput: 0, Expected: 1\n\nTest case 56 failed.\nInput: 2252\nOutput: 0, Expected: 1\n\nTest case 57 failed.\nInput: 7042\nOutput: 0, Expected: 1\n\nTest case 58 passed.\nInput: 9457\nOutput: 0\n\nTest case 59 passed.\nInput: 6387\nOutput: 0\n\nTest case 60 passed.\nInput: 5163\nOutput: 0\n\nTest case 61 failed.\nInput: 6918\nOutput: 0, Expected: 1\n\nTest case 62 passed.\nInput: 6047\nOutput: 0\n\nTest case 63 passed.\nInput: 3007\nOutput: 0\n\nTest case 64 failed.\nInput: 490\nOutput: 0, Expected: 1\n\nTest case 65 failed.\nInput: 8296\nOutput: 0, Expected: 1\n\nTest case 66 failed.\nInput: 6735\nOutput: 0, Expected: 1\n\nTest case 67 failed.\nInput: 7609\nOutput: 0, Expected: 1\n\nTest case 68 passed.\nInput: 7969\nOutput: 0\n\nTest case 69 failed.\nInput: 8048\nOutput: 0, Expected: 1\n\nTest case 70 failed.\nInput: 2284\nOutput: 0, Expected: 1\n\nTest case 71 failed.\nInput: 8076\nOutput: 0, Expected: 1\n\nTest case 72 passed.\nInput: 3055\nOutput: 0\n\nTest case 73 passed.\nInput: 6593\nOutput: 0\n\nTest case 74 failed.\nInput: 5218\nOutput: 0, Expected: 1\n\nTest case 75 failed.\nInput: 4600\nOutput: 0, Expected: 1\n\nTest case 76 passed.\nInput: 8949\nOutput: 0\n\nTest case 77 failed.\nInput: 4434\nOutput: 0, Expected: 1\n\nTest case 78 failed.\nInput: 432\nOutput: 0, Expected: 1\n\nTest case 79 passed.\nInput: 4185\nOutput: 0\n\nTest case 80 passed.\nInput: 7089\nOutput: 0\n\nTest case 81 passed.\nInput: 6275\nOutput: 0\n\nTest case 82 passed.\nInput: 7649\nOutput: 0\n\nTest case 83 passed.\nInput: 5901\nOutput: 0\n\nTest case 84 failed.\nInput: 9244\nOutput: 0, Expected: 1\n\nTest case 85 passed.\nInput: 551\nOutput: 0\n\nTest case 86 failed.\nInput: 3232\nOutput: 0, Expected: 1\n\nTest case 87 passed.\nInput: 9407\nOutput: 0\n\nTest case 88 passed.\nInput: 1547\nOutput: 0\n\nTest case 89 passed.\nInput: 4363\nOutput: 0\n\nTest case 90 failed.\nInput: 3543\nOutput: 0, Expected: 1\n\nTest case 91 failed.\nInput: 9832\nOutput: 0, Expected: 1\n\nTest case 92 failed.\nInput: 5710\nOutput: 0, Expected: 1\n\nTest case 93 failed.\nInput: 85\nOutput: 0, Expected: 1\n\nTest case 94 passed.\nInput: 7859\nOutput: 0\n\nTest case 95 failed.\nInput: 2574\nOutput: 0, Expected: 1\n\nTest case 96 failed.\nInput: 2295\nOutput: 0, Expected: 1\n\nTest case 97 passed.\nInput: 5873\nOutput: 0\n\nTest case 98 failed.\nInput: 6056\nOutput: 0, Expected: 1\n\nTest case 99 failed.\nInput: 528\nOutput: 0, Expected: 1\n\nTest case 100 passed.\nInput: 3733\nOutput: 0\n\n\nFatal: Testbench: Some test cases failed.\nIn file: /data/users/S113062628/project/chip_llm/.log/CheckWhetheraNumberCanbeExpressedasSumofTwoPrimeNumbers/Testbench.cpp:123\nIn process: sys.tb.do_fetch @ 1050 ns\n\nInfo: (I99) simulation aborted"
  },
  {
    "name": "CheckWhetheraNumberisPrimeorNot",
    "state": "compile_error",
    "error_message": "-- The C compiler identification is GNU 11.4.0\n-- The CXX compiler identification is GNU 11.4.0\n-- Detecting C compiler ABI info\n-- Detecting C compiler ABI info - done\n-- Check for working C compiler: /usr/bin/cc - skipped\n-- Detecting C compile features\n-- Detecting C compile features - done\n-- Detecting CXX compiler ABI info\n-- Detecting CXX compiler ABI info - done\n-- Check for working CXX compiler: /usr/bin/c++ - skipped\n-- Detecting CXX compile features\n-- Detecting CXX compile features - done\n-- Configuring done\n-- Generating done\n-- Build files have been written to: /data/users/S113062628/project/chip_llm/.log/CheckWhetheraNumberisPrimeorNot/build\n[ 20%] Building CXX object CMakeFiles/test-dut.dir/Dut.cpp.o\n/data/users/S113062628/project/chip_llm/.log/CheckWhetheraNumberisPrimeorNot/Dut.cpp: In function \u2018void check_prime(int)\u2019:\n/data/users/S113062628/project/chip_llm/.log/CheckWhetheraNumberisPrimeorNot/Dut.cpp:10:9: error: \u2018o_result\u2019 was not declared in this scope\n   10 |         o_result.write(false);\n      |         ^~~~~~~~\n/data/users/S113062628/project/chip_llm/.log/CheckWhetheraNumberisPrimeorNot/Dut.cpp:25:13: error: \u2018o_result\u2019 was not declared in this scope\n   25 |             o_result.write(false);\n      |             ^~~~~~~~\n/data/users/S113062628/project/chip_llm/.log/CheckWhetheraNumberisPrimeorNot/Dut.cpp:29:13: error: \u2018o_result\u2019 was not declared in this scope\n   29 |             o_result.write(true);\n      |             ^~~~~~~~\ngmake[2]: *** [CMakeFiles/test-dut.dir/build.make:76: CMakeFiles/test-dut.dir/Dut.cpp.o] Error 1\ngmake[1]: *** [CMakeFiles/Makefile2:83: CMakeFiles/test-dut.dir/all] Error 2\ngmake: *** [Makefile:91: all] Error 2"
  },
  {
    "name": "CopyAlltheElementsofOneArraytoAnotherintheReverseOrder",
    "state": "format_error",
    "error_message": "Project directory is empty \u2013 likely extraction/formatting failure."
  },
  {
    "name": "FFT",
    "state": "format_error",
    "error_message": "Project directory is empty \u2013 likely extraction/formatting failure."
  },
  {
    "name": "FibonacciNumber",
    "state": "compile_error",
    "error_message": "-- The C compiler identification is GNU 11.4.0\n-- The CXX compiler identification is GNU 11.4.0\n-- Detecting C compiler ABI info\n-- Detecting C compiler ABI info - done\n-- Check for working C compiler: /usr/bin/cc - skipped\n-- Detecting C compile features\n-- Detecting C compile features - done\n-- Detecting CXX compiler ABI info\n-- Detecting CXX compiler ABI info - done\n-- Check for working CXX compiler: /usr/bin/c++ - skipped\n-- Detecting CXX compile features\n-- Detecting CXX compile features - done\n-- Configuring done\n-- Generating done\n-- Build files have been written to: /data/users/S113062628/project/chip_llm/.log/FibonacciNumber/build\n[ 20%] Building CXX object CMakeFiles/test-dut.dir/Dut.cpp.o\n[ 40%] Building CXX object CMakeFiles/test-dut.dir/SystemPipeline.cpp.o\n[ 60%] Building CXX object CMakeFiles/test-dut.dir/Testbench.cpp.o\n/data/users/S113062628/project/chip_llm/.log/FibonacciNumber/Testbench.cpp: In member function \u2018void Testbench::do_feed()\u2019:\n/data/users/S113062628/project/chip_llm/.log/FibonacciNumber/Testbench.cpp:17:22: error: variable \u2018std::ifstream fin\u2019 has initializer but incomplete type\n   17 |     std::ifstream fin(\"testcases.txt\");\n      |                      ^\n/data/users/S113062628/project/chip_llm/.log/FibonacciNumber/Testbench.cpp:26:36: error: variable \u2018std::istringstream iss\u2019 has initializer but incomplete type\n   26 |         std::istringstream iss(line);\n      |                                    ^\n/data/users/S113062628/project/chip_llm/.log/FibonacciNumber/Testbench.cpp: In member function \u2018void Testbench::do_fetch()\u2019:\n/data/users/S113062628/project/chip_llm/.log/FibonacciNumber/Testbench.cpp:62:22: error: variable \u2018std::ifstream fin\u2019 has initializer but incomplete type\n   62 |     std::ifstream fin(\"testcases.txt\");\n      |                      ^\n/data/users/S113062628/project/chip_llm/.log/FibonacciNumber/Testbench.cpp:71:36: error: variable \u2018std::istringstream iss\u2019 has initializer but incomplete type\n   71 |         std::istringstream iss(line);\n      |                                    ^\n/data/users/S113062628/project/chip_llm/.log/FibonacciNumber/Testbench.cpp:85:26: error: variable \u2018std::ifstream fin\u2019 has initializer but incomplete type\n   85 |         std::ifstream fin(\"golden.txt\");\n      |                          ^\n/data/users/S113062628/project/chip_llm/.log/FibonacciNumber/Testbench.cpp:94:40: error: variable \u2018std::istringstream iss\u2019 has initializer but incomplete type\n   94 |             std::istringstream iss(line);\n      |                                        ^\ngmake[2]: *** [CMakeFiles/test-dut.dir/build.make:104: CMakeFiles/test-dut.dir/Testbench.cpp.o] Error 1\ngmake[1]: *** [CMakeFiles/Makefile2:83: CMakeFiles/test-dut.dir/all] Error 2\ngmake: *** [Makefile:91: all] Error 2"
  },
  {
    "name": "FindFactorialofaNumber",
    "state": "compile_error",
    "error_message": "-- The C compiler identification is GNU 11.4.0\n-- The CXX compiler identification is GNU 11.4.0\n-- Detecting C compiler ABI info\n-- Detecting C compiler ABI info - done\n-- Check for working C compiler: /usr/bin/cc - skipped\n-- Detecting C compile features\n-- Detecting C compile features - done\n-- Detecting CXX compiler ABI info\n-- Detecting CXX compiler ABI info - done\n-- Check for working CXX compiler: /usr/bin/c++ - skipped\n-- Detecting CXX compile features\n-- Detecting CXX compile features - done\n-- Configuring done\n-- Generating done\n-- Build files have been written to: /data/users/S113062628/project/chip_llm/.log/FindFactorialofaNumber/build\n[ 20%] Building CXX object CMakeFiles/test-dut.dir/Dut.cpp.o\n/data/users/S113062628/project/chip_llm/.log/FindFactorialofaNumber/Dut.cpp: In function \u2018unsigned int factorial(unsigned int)\u2019:\n/data/users/S113062628/project/chip_llm/.log/FindFactorialofaNumber/Dut.cpp:7:19: warning: comparison of integer expressions of different signedness: \u2018int\u2019 and \u2018unsigned int\u2019 [-Wsign-compare]\n    7 |     for (i = 2; i <= n; i++)\n      |                 ~~^~~~\n[ 40%] Building CXX object CMakeFiles/test-dut.dir/SystemPipeline.cpp.o\n[ 60%] Building CXX object CMakeFiles/test-dut.dir/Testbench.cpp.o\n/data/users/S113062628/project/chip_llm/.log/FindFactorialofaNumber/Testbench.cpp: In member function \u2018void Testbench::do_feed()\u2019:\n/data/users/S113062628/project/chip_llm/.log/FindFactorialofaNumber/Testbench.cpp:18:22: error: variable \u2018std::ifstream fin\u2019 has initializer but incomplete type\n   18 |     std::ifstream fin(\"testcases.txt\");\n      |                      ^\n/data/users/S113062628/project/chip_llm/.log/FindFactorialofaNumber/Testbench.cpp:27:36: error: variable \u2018std::istringstream iss\u2019 has initializer but incomplete type\n   27 |         std::istringstream iss(line);\n      |                                    ^\n/data/users/S113062628/project/chip_llm/.log/FindFactorialofaNumber/Testbench.cpp: In member function \u2018void Testbench::do_fetch()\u2019:\n/data/users/S113062628/project/chip_llm/.log/FindFactorialofaNumber/Testbench.cpp:63:22: error: variable \u2018std::ifstream fin\u2019 has initializer but incomplete type\n   63 |     std::ifstream fin(\"testcases.txt\");\n      |                      ^\n/data/users/S113062628/project/chip_llm/.log/FindFactorialofaNumber/Testbench.cpp:72:36: error: variable \u2018std::istringstream iss\u2019 has initializer but incomplete type\n   72 |         std::istringstream iss(line);\n      |                                    ^\n/data/users/S113062628/project/chip_llm/.log/FindFactorialofaNumber/Testbench.cpp:86:26: error: variable \u2018std::ifstream fin\u2019 has initializer but incomplete type\n   86 |         std::ifstream fin(\"golden.txt\");\n      |                          ^\n/data/users/S113062628/project/chip_llm/.log/FindFactorialofaNumber/Testbench.cpp:95:40: error: variable \u2018std::istringstream iss\u2019 has initializer but incomplete type\n   95 |             std::istringstream iss(line);\n      |                                        ^\ngmake[2]: *** [CMakeFiles/test-dut.dir/build.make:104: CMakeFiles/test-dut.dir/Testbench.cpp.o] Error 1\ngmake[1]: *** [CMakeFiles/Makefile2:83: CMakeFiles/test-dut.dir/all] Error 2\ngmake: *** [Makefile:91: all] Error 2"
  },
  {
    "name": "FindGCD",
    "state": "compile_error",
    "error_message": "-- The C compiler identification is GNU 11.4.0\n-- The CXX compiler identification is GNU 11.4.0\n-- Detecting C compiler ABI info\n-- Detecting C compiler ABI info - done\n-- Check for working C compiler: /usr/bin/cc - skipped\n-- Detecting C compile features\n-- Detecting C compile features - done\n-- Detecting CXX compiler ABI info\n-- Detecting CXX compiler ABI info - done\n-- Check for working CXX compiler: /usr/bin/c++ - skipped\n-- Detecting CXX compile features\n-- Detecting CXX compile features - done\n-- Configuring done\n-- Generating done\n-- Build files have been written to: /data/users/S113062628/project/chip_llm/.log/FindGCD/build\n[ 20%] Building CXX object CMakeFiles/test-dut.dir/Dut.cpp.o\n[ 40%] Building CXX object CMakeFiles/test-dut.dir/SystemPipeline.cpp.o\n[ 60%] Building CXX object CMakeFiles/test-dut.dir/Testbench.cpp.o\n/data/users/S113062628/project/chip_llm/.log/FindGCD/Testbench.cpp: In member function \u2018void Testbench::do_feed()\u2019:\n/data/users/S113062628/project/chip_llm/.log/FindGCD/Testbench.cpp:17:22: error: variable \u2018std::ifstream fin\u2019 has initializer but incomplete type\n   17 |     std::ifstream fin(\"testcases.txt\");\n      |                      ^\n/data/users/S113062628/project/chip_llm/.log/FindGCD/Testbench.cpp:26:36: error: variable \u2018std::istringstream iss\u2019 has initializer but incomplete type\n   26 |         std::istringstream iss(line);\n      |                                    ^\n/data/users/S113062628/project/chip_llm/.log/FindGCD/Testbench.cpp: In member function \u2018void Testbench::do_fetch()\u2019:\n/data/users/S113062628/project/chip_llm/.log/FindGCD/Testbench.cpp:64:22: error: variable \u2018std::ifstream fin\u2019 has initializer but incomplete type\n   64 |     std::ifstream fin(\"testcases.txt\");\n      |                      ^\n/data/users/S113062628/project/chip_llm/.log/FindGCD/Testbench.cpp:73:36: error: variable \u2018std::istringstream iss\u2019 has initializer but incomplete type\n   73 |         std::istringstream iss(line);\n      |                                    ^\n/data/users/S113062628/project/chip_llm/.log/FindGCD/Testbench.cpp:87:26: error: variable \u2018std::ifstream fin\u2019 has initializer but incomplete type\n   87 |         std::ifstream fin(\"golden.txt\");\n      |                          ^\n/data/users/S113062628/project/chip_llm/.log/FindGCD/Testbench.cpp:96:40: error: variable \u2018std::istringstream iss\u2019 has initializer but incomplete type\n   96 |             std::istringstream iss(line);\n      |                                        ^\ngmake[2]: *** [CMakeFiles/test-dut.dir/build.make:104: CMakeFiles/test-dut.dir/Testbench.cpp.o] Error 1\ngmake[1]: *** [CMakeFiles/Makefile2:83: CMakeFiles/test-dut.dir/all] Error 2\ngmake: *** [Makefile:91: all] Error 2"
  },
  {
    "name": "FindLCM",
    "state": "compile_error",
    "error_message": "-- The C compiler identification is GNU 11.4.0\n-- The CXX compiler identification is GNU 11.4.0\n-- Detecting C compiler ABI info\n-- Detecting C compiler ABI info - done\n-- Check for working C compiler: /usr/bin/cc - skipped\n-- Detecting C compile features\n-- Detecting C compile features - done\n-- Detecting CXX compiler ABI info\n-- Detecting CXX compiler ABI info - done\n-- Check for working CXX compiler: /usr/bin/c++ - skipped\n-- Detecting CXX compile features\n-- Detecting CXX compile features - done\n-- Configuring done\n-- Generating done\n-- Build files have been written to: /data/users/S113062628/project/chip_llm/.log/FindLCM/build\n[ 20%] Building CXX object CMakeFiles/test-dut.dir/Dut.cpp.o\n/data/users/S113062628/project/chip_llm/.log/FindLCM/Dut.cpp: In function \u2018void find_lcm(int, int)\u2019:\n/data/users/S113062628/project/chip_llm/.log/FindLCM/Dut.cpp:15:25: error: \u2018cout\u2019 was not declared in this scope; did you mean \u2018std::cout\u2019?\n   15 |                         cout << \"LCM of \" << a << \" and \" << b << \" is \"\n      |                         ^~~~\n      |                         std::cout\nIn file included from /usr/local/systemc-2.3.3/include/sysc/kernel/sc_object.h:34,\n                 from /usr/local/systemc-2.3.3/include/sysc/kernel/sc_process.h:35,\n                 from /usr/local/systemc-2.3.3/include/sysc/kernel/sc_module.h:35,\n                 from /usr/local/systemc-2.3.3/include/systemc:74,\n                 from /data/users/S113062628/project/chip_llm/.log/FindLCM/Dut.h:5,\n                 from /data/users/S113062628/project/chip_llm/.log/FindLCM/Dut.cpp:2:\n/usr/include/c++/11/iostream:61:18: note: \u2018std::cout\u2019 declared here\n   61 |   extern ostream cout;          /// Linked to standard output\n      |                  ^~~~\ngmake[2]: *** [CMakeFiles/test-dut.dir/build.make:76: CMakeFiles/test-dut.dir/Dut.cpp.o] Error 1\ngmake[1]: *** [CMakeFiles/Makefile2:83: CMakeFiles/test-dut.dir/all] Error 2\ngmake: *** [Makefile:91: all] Error 2"
  },
  {
    "name": "FindPowerWithoutUsingMultiplicationAndDivisionOperators",
    "state": "compile_error",
    "error_message": "-- The C compiler identification is GNU 11.4.0\n-- The CXX compiler identification is GNU 11.4.0\n-- Detecting C compiler ABI info\n-- Detecting C compiler ABI info - done\n-- Check for working C compiler: /usr/bin/cc - skipped\n-- Detecting C compile features\n-- Detecting C compile features - done\n-- Detecting CXX compiler ABI info\n-- Detecting CXX compiler ABI info - done\n-- Check for working CXX compiler: /usr/bin/c++ - skipped\n-- Detecting CXX compile features\n-- Detecting CXX compile features - done\n-- Configuring done\n-- Generating done\n-- Build files have been written to: /data/users/S113062628/project/chip_llm/.log/FindPowerWithoutUsingMultiplicationAndDivisionOperators/build\n[ 20%] Building CXX object CMakeFiles/test-dut.dir/Dut.cpp.o\n[ 40%] Building CXX object CMakeFiles/test-dut.dir/SystemPipeline.cpp.o\n[ 60%] Building CXX object CMakeFiles/test-dut.dir/Testbench.cpp.o\n/data/users/S113062628/project/chip_llm/.log/FindPowerWithoutUsingMultiplicationAndDivisionOperators/Testbench.cpp: In member function \u2018void Testbench::do_feed()\u2019:\n/data/users/S113062628/project/chip_llm/.log/FindPowerWithoutUsingMultiplicationAndDivisionOperators/Testbench.cpp:18:22: error: variable \u2018std::ifstream fin\u2019 has initializer but incomplete type\n   18 |     std::ifstream fin(\"testcases.txt\");\n      |                      ^\n/data/users/S113062628/project/chip_llm/.log/FindPowerWithoutUsingMultiplicationAndDivisionOperators/Testbench.cpp:27:36: error: variable \u2018std::istringstream iss\u2019 has initializer but incomplete type\n   27 |         std::istringstream iss(line);\n      |                                    ^\n/data/users/S113062628/project/chip_llm/.log/FindPowerWithoutUsingMultiplicationAndDivisionOperators/Testbench.cpp: In member function \u2018void Testbench::do_fetch()\u2019:\n/data/users/S113062628/project/chip_llm/.log/FindPowerWithoutUsingMultiplicationAndDivisionOperators/Testbench.cpp:65:22: error: variable \u2018std::ifstream fin\u2019 has initializer but incomplete type\n   65 |     std::ifstream fin(\"testcases.txt\");\n      |                      ^\n/data/users/S113062628/project/chip_llm/.log/FindPowerWithoutUsingMultiplicationAndDivisionOperators/Testbench.cpp:74:36: error: variable \u2018std::istringstream iss\u2019 has initializer but incomplete type\n   74 |         std::istringstream iss(line);\n      |                                    ^\n/data/users/S113062628/project/chip_llm/.log/FindPowerWithoutUsingMultiplicationAndDivisionOperators/Testbench.cpp:88:26: error: variable \u2018std::ifstream fin\u2019 has initializer but incomplete type\n   88 |         std::ifstream fin(\"golden.txt\");\n      |                          ^\n/data/users/S113062628/project/chip_llm/.log/FindPowerWithoutUsingMultiplicationAndDivisionOperators/Testbench.cpp:97:40: error: variable \u2018std::istringstream iss\u2019 has initializer but incomplete type\n   97 |             std::istringstream iss(line);\n      |                                        ^\ngmake[2]: *** [CMakeFiles/test-dut.dir/build.make:104: CMakeFiles/test-dut.dir/Testbench.cpp.o] Error 1\ngmake[1]: *** [CMakeFiles/Makefile2:83: CMakeFiles/test-dut.dir/all] Error 2\ngmake: *** [Makefile:91: all] Error 2"
  },
  {
    "name": "FindtheDeterminantofaMatrix",
    "state": "format_error",
    "error_message": "Project directory is empty \u2013 likely extraction/formatting failure."
  },
  {
    "name": "Gaussian_Blur",
    "state": "unit_test_pass",
    "error_message": ""
  },
  {
    "name": "InterchangeElementsofFirstAndLastRowsinMatrix",
    "state": "compile_error",
    "error_message": "-- The C compiler identification is GNU 11.4.0\n-- The CXX compiler identification is GNU 11.4.0\n-- Detecting C compiler ABI info\n-- Detecting C compiler ABI info - done\n-- Check for working C compiler: /usr/bin/cc - skipped\n-- Detecting C compile features\n-- Detecting C compile features - done\n-- Detecting CXX compiler ABI info\n-- Detecting CXX compiler ABI info - done\n-- Check for working CXX compiler: /usr/bin/c++ - skipped\n-- Detecting CXX compile features\n-- Detecting CXX compile features - done\n-- Configuring done\n-- Generating done\n-- Build files have been written to: /data/users/S113062628/project/chip_llm/.log/InterchangeElementsofFirstAndLastRowsinMatrix/build\n[ 20%] Building CXX object CMakeFiles/test-dut.dir/Dut.cpp.o\n[ 40%] Building CXX object CMakeFiles/test-dut.dir/SystemPipeline.cpp.o\n[ 60%] Building CXX object CMakeFiles/test-dut.dir/Testbench.cpp.o\n/data/users/S113062628/project/chip_llm/.log/InterchangeElementsofFirstAndLastRowsinMatrix/Testbench.cpp: In member function \u2018void Testbench::do_feed()\u2019:\n/data/users/S113062628/project/chip_llm/.log/InterchangeElementsofFirstAndLastRowsinMatrix/Testbench.cpp:46:5: error: expected primary-expression before \u2018}\u2019 token\n   46 |     }\n      |     ^\n/data/users/S113062628/project/chip_llm/.log/InterchangeElementsofFirstAndLastRowsinMatrix/Testbench.cpp: In member function \u2018void Testbench::do_fetch()\u2019:\n/data/users/S113062628/project/chip_llm/.log/InterchangeElementsofFirstAndLastRowsinMatrix/Testbench.cpp:105:5: error: expected primary-expression before \u2018}\u2019 token\n  105 |     }\n      |     ^\n/data/users/S113062628/project/chip_llm/.log/InterchangeElementsofFirstAndLastRowsinMatrix/Testbench.cpp:132:9: error: expected primary-expression before \u2018}\u2019 token\n  132 |         }\n      |         ^\ngmake[2]: *** [CMakeFiles/test-dut.dir/build.make:104: CMakeFiles/test-dut.dir/Testbench.cpp.o] Error 1\ngmake[1]: *** [CMakeFiles/Makefile2:83: CMakeFiles/test-dut.dir/all] Error 2\ngmake: *** [Makefile:91: all] Error 2"
  },
  {
    "name": "KNN",
    "state": "compile_error",
    "error_message": "-- The C compiler identification is GNU 11.4.0\n-- The CXX compiler identification is GNU 11.4.0\n-- Detecting C compiler ABI info\n-- Detecting C compiler ABI info - done\n-- Check for working C compiler: /usr/bin/cc - skipped\n-- Detecting C compile features\n-- Detecting C compile features - done\n-- Detecting CXX compiler ABI info\n-- Detecting CXX compiler ABI info - done\n-- Check for working CXX compiler: /usr/bin/c++ - skipped\n-- Detecting CXX compile features\n-- Detecting CXX compile features - done\n-- Configuring done\n-- Generating done\n-- Build files have been written to: /data/users/S113062628/project/chip_llm/.log/KNN/build\n[ 20%] Building CXX object CMakeFiles/test-dut.dir/Dut.cpp.o\n[ 40%] Building CXX object CMakeFiles/test-dut.dir/SystemPipeline.cpp.o\n[ 60%] Building CXX object CMakeFiles/test-dut.dir/Testbench.cpp.o\n/data/users/S113062628/project/chip_llm/.log/KNN/Testbench.cpp: In member function \u2018void Testbench::do_feed()\u2019:\n/data/users/S113062628/project/chip_llm/.log/KNN/Testbench.cpp:22:22: error: \u2018NUM_TRAIN\u2019 was not declared in this scope\n   22 |         double train[NUM_TRAIN][DIM];\n      |                      ^~~~~~~~~\n/data/users/S113062628/project/chip_llm/.log/KNN/Testbench.cpp:22:33: error: \u2018DIM\u2019 was not declared in this scope\n   22 |         double train[NUM_TRAIN][DIM];\n      |                                 ^~~\n/data/users/S113062628/project/chip_llm/.log/KNN/Testbench.cpp:41:33: error: \u2018struct Testbench::do_feed()::TestCase\u2019 has no member named \u2018train\u2019\n   41 |                 if (!(iss >> tc.train[i][d])) {\n      |                                 ^~~~~\n/data/users/S113062628/project/chip_llm/.log/KNN/Testbench.cpp:48:29: error: \u2018struct Testbench::do_feed()::TestCase\u2019 has no member named \u2018labels\u2019\n   48 |             if (!(iss >> tc.labels[i])) {\n      |                             ^~~~~~\n/data/users/S113062628/project/chip_llm/.log/KNN/Testbench.cpp:54:29: error: \u2018struct Testbench::do_feed()::TestCase\u2019 has no member named \u2018query_point\u2019\n   54 |             if (!(iss >> tc.query_point[d])) {\n      |                             ^~~~~~~~~~~\n/data/users/S113062628/project/chip_llm/.log/KNN/Testbench.cpp:78:34: error: \u2018struct Testbench::do_feed()::TestCase\u2019 has no member named \u2018train\u2019\n   78 |                 o_train.write(tc.train[i][d]);\n      |                                  ^~~~~\n/data/users/S113062628/project/chip_llm/.log/KNN/Testbench.cpp:82:31: error: \u2018struct Testbench::do_feed()::TestCase\u2019 has no member named \u2018labels\u2019\n   82 |             o_labels.write(tc.labels[i]);\n      |                               ^~~~~~\n/data/users/S113062628/project/chip_llm/.log/KNN/Testbench.cpp:85:36: error: \u2018struct Testbench::do_feed()::TestCase\u2019 has no member named \u2018query_point\u2019\n   85 |             o_query_point.write(tc.query_point[d]);\n      |                                    ^~~~~~~~~~~\ngmake[2]: *** [CMakeFiles/test-dut.dir/build.make:104: CMakeFiles/test-dut.dir/Testbench.cpp.o] Error 1\ngmake[1]: *** [CMakeFiles/Makefile2:83: CMakeFiles/test-dut.dir/all] Error 2\ngmake: *** [Makefile:91: all] Error 2"
  },
  {
    "name": "MLP_FF",
    "state": "unit_test_fail",
    "error_message": "-- The C compiler identification is GNU 11.4.0\n-- The CXX compiler identification is GNU 11.4.0\n-- Detecting C compiler ABI info\n-- Detecting C compiler ABI info - done\n-- Check for working C compiler: /usr/bin/cc - skipped\n-- Detecting C compile features\n-- Detecting C compile features - done\n-- Detecting CXX compiler ABI info\n-- Detecting CXX compiler ABI info - done\n-- Check for working CXX compiler: /usr/bin/c++ - skipped\n-- Detecting CXX compile features\n-- Detecting CXX compile features - done\n-- Configuring done\n-- Generating done\n-- Build files have been written to: /data/users/S113062628/project/chip_llm/.log/MLP_FF/build\n[ 20%] Building CXX object CMakeFiles/test-dut.dir/Dut.cpp.o\n[ 40%] Building CXX object CMakeFiles/test-dut.dir/SystemPipeline.cpp.o\n[ 60%] Building CXX object CMakeFiles/test-dut.dir/Testbench.cpp.o\n[ 80%] Building CXX object CMakeFiles/test-dut.dir/main.cpp.o\n[100%] Linking CXX executable test-dut\n[100%] Built target test-dut\n\n        SystemC 2.3.3-Accellera --- Mar  4 2025 16:59:36\n        Copyright (c) 1996-2018 by all Contributors,\n        ALL RIGHTS RESERVED\nTest case 1 failed.\nTest case 2 failed.\nTest case 3 failed.\nTest case 4 failed.\nTest case 5 failed.\nTest case 6 failed.\nTest case 7 failed.\nTest case 8 failed.\nTest case 9 failed.\nTest case 10 failed.\nTest case 11 failed.\nTest case 12 failed.\nTest case 13 failed.\nTest case 14 failed.\nTest case 15 failed.\nTest case 16 failed.\nTest case 17 failed.\nTest case 18 failed.\nTest case 19 failed.\nTest case 20 failed.\nTest case 21 failed.\nTest case 22 failed.\nTest case 23 failed.\nTest case 24 failed.\nTest case 25 failed.\nTest case 26 failed.\nTest case 27 failed.\nTest case 28 failed.\nTest case 29 failed.\nTest case 30 failed.\nTest case 31 failed.\nTest case 32 failed.\nTest case 33 failed.\nTest case 34 failed.\nTest case 35 failed.\nTest case 36 failed.\nTest case 37 failed.\nTest case 38 failed.\nTest case 39 failed.\nTest case 40 failed.\nTest case 41 failed.\nTest case 42 failed.\nTest case 43 failed.\nTest case 44 failed.\nTest case 45 failed.\nTest case 46 failed.\nTest case 47 failed.\nTest case 48 failed.\nTest case 49 failed.\nTest case 50 failed.\nTest case 51 failed.\nTest case 52 failed.\nTest case 53 failed.\nTest case 54 failed.\nTest case 55 failed.\nTest case 56 failed.\nTest case 57 failed.\nTest case 58 failed.\nTest case 59 failed.\nTest case 60 failed.\nTest case 61 failed.\nTest case 62 failed.\nTest case 63 failed.\nTest case 64 failed.\nTest case 65 failed.\nTest case 66 failed.\nTest case 67 failed.\nTest case 68 failed.\nTest case 69 failed.\nTest case 70 failed.\nTest case 71 failed.\nTest case 72 failed.\nTest case 73 failed.\nTest case 74 failed.\nTest case 75 failed.\nTest case 76 failed.\nTest case 77 failed.\nTest case 78 failed.\nTest case 79 failed.\nTest case 80 failed.\nTest case 81 failed.\nTest case 82 failed.\nTest case 83 failed.\nTest case 84 failed.\nTest case 85 failed.\nTest case 86 failed.\nTest case 87 failed.\nTest case 88 failed.\nTest case 89 failed.\nTest case 90 failed.\nTest case 91 failed.\nTest case 92 failed.\nTest case 93 failed.\nTest case 94 failed.\nTest case 95 failed.\nTest case 96 failed.\nTest case 97 failed.\nTest case 98 failed.\nTest case 99 failed.\nTest case 100 failed.\n\nFatal: Testbench: Some test cases failed.\nIn file: /data/users/S113062628/project/chip_llm/.log/MLP_FF/Testbench.cpp:220\nIn process: sys.tb.do_fetch @ 1050 ns\n\nInfo: (I99) simulation aborted"
  },
  {
    "name": "Max_Pooling",
    "state": "unit_test_fail",
    "error_message": "-- The C compiler identification is GNU 11.4.0\n-- The CXX compiler identification is GNU 11.4.0\n-- Detecting C compiler ABI info\n-- Detecting C compiler ABI info - done\n-- Check for working C compiler: /usr/bin/cc - skipped\n-- Detecting C compile features\n-- Detecting C compile features - done\n-- Detecting CXX compiler ABI info\n-- Detecting CXX compiler ABI info - done\n-- Check for working CXX compiler: /usr/bin/c++ - skipped\n-- Detecting CXX compile features\n-- Detecting CXX compile features - done\n-- Configuring done\n-- Generating done\n-- Build files have been written to: /data/users/S113062628/project/chip_llm/.log/Max_Pooling/build\n[ 20%] Building CXX object CMakeFiles/test-dut.dir/Dut.cpp.o\n[ 40%] Building CXX object CMakeFiles/test-dut.dir/SystemPipeline.cpp.o\n[ 60%] Building CXX object CMakeFiles/test-dut.dir/Testbench.cpp.o\n[ 80%] Building CXX object CMakeFiles/test-dut.dir/main.cpp.o\n[100%] Linking CXX executable test-dut\n[100%] Built target test-dut\n\n        SystemC 2.3.3-Accellera --- Mar  4 2025 16:59:36\n        Copyright (c) 1996-2018 by all Contributors,\n        ALL RIGHTS RESERVED\nTest case 1 failed.\nInput: 0 4 5 -10 -2 8 7 -10 -3 3 -7 -10 -9 -7 -2 2 3 4 1 3 \nOutput: 8 7 \nExpected: 8 8 \n\nTest case 2 failed.\nInput: 5 -5 5 2 3 9 -1 -4 -3 1 -10 -2 -2 -7 -7 -6 3 4 1 3 \nOutput: 3 2 \nExpected: 9 9 \n\nTest case 3 failed.\nInput: 0 3 -5 -8 -10 6 -5 -3 7 4 8 6 -7 9 -7 0 4 1 4 1 \nOutput: 5 5 9 -1 \nExpected: 7 9 8 6 \n\nTest case 4 failed.\nInput: -10 8 -10 -9 3 8 -9 -7 7 -2 6 3 -1 1 0 0 4 4 4 3 \nOutput: 4 \nExpected: 8 \n\nTest case 5 failed.\nInput: 3 4 7 9 -6 3 -10 10 2 2 6 -10 6 -9 -7 -7 4 4 3 4 \nOutput: 3 \nExpected: 10 \n\nTest case 6 failed.\nInput: -3 -9 0 9 7 7 -9 6 -1 0 -9 -6 -4 1 5 8 1 4 1 1 \nOutput: 6 -3 9 8 \nExpected: 9 7 0 8 \n\nTest case 7 failed.\nInput: -5 9 2 -1 6 -1 5 6 0 2 -6 -3 -2 6 -10 -8 3 2 1 2 \nOutput: 8 4 8 6 \nExpected: 9 6 6 6 \n\nTest case 8 failed.\nInput: -7 0 -1 -3 -6 -4 8 9 5 -1 3 -5 9 3 -2 5 2 4 2 4 \nOutput: 4 4 \nExpected: 9 9 \n\nTest case 9 failed.\nInput: 1 8 1 7 10 9 2 2 -4 -5 -7 -7 2 -6 10 -3 4 4 4 3 \nOutput: 4 \nExpected: 10 \n\nTest case 10 failed.\nInput: -1 1 -9 1 3 -3 -9 -4 7 -5 -10 0 -7 -9 4 -9 3 4 1 4 \nOutput: 10 6 \nExpected: 7 7 \n\nTest case 11 failed.\nInput: -8 8 -1 -3 0 9 7 -10 -9 -7 0 -4 -10 -4 0 -7 2 4 2 2 \nOutput: 6 4 \nExpected: 9 0 \n\nTest case 12 failed.\nInput: -1 6 1 5 -9 -8 -5 -5 2 -1 -4 -3 -5 3 9 4 1 4 1 4 \nOutput: 9 7 6 4 \nExpected: 6 -5 2 9 \n\nTest case 13 failed.\nInput: -1 -4 -6 7 -7 -8 2 -1 -10 8 -10 1 5 -7 -4 1 1 3 1 1 \nOutput: 8 9 6 6 -3 3 2 5 \nExpected: -1 7 2 2 8 8 5 1 \n\nTest case 14 failed.\nInput: 7 -2 -4 -3 0 3 -10 2 8 -4 -1 -5 10 -2 8 -3 2 4 1 2 \nOutput: 9 9 5 \nExpected: 7 8 10 \n\nTest case 15 passed.\nInput: -2 -2 -6 10 -3 5 5 -9 8 -6 5 -1 -5 -2 6 -5 4 4 2 3 \nOutput: 10 \n\nTest case 16 failed.\nInput: -10 -8 6 8 -5 9 -7 -1 5 -8 4 0 -6 7 -5 3 2 4 2 3 \nOutput: 7 2 \nExpected: 9 7 \n\nTest case 17 failed.\nInput: -8 -6 -5 -5 3 -10 -9 -2 -7 -8 5 4 -10 2 -6 0 4 3 4 1 \nOutput: 10 4 \nExpected: 5 5 \n\nTest case 18 failed.\nInput: -8 -2 9 7 -6 -5 4 8 8 8 3 -8 3 -10 -9 -3 4 1 3 1 \nOutput: 4 7 0 4 \nExpected: 8 8 9 8 \n\nTest case 19 failed.\nInput: -4 -5 4 -10 0 6 -7 -10 8 -7 -8 3 -6 -2 -1 9 2 4 1 1 \nOutput: 4 9 7 \nExpected: 6 8 9 \n\nTest case 20 failed.\nInput: 8 3 -6 -9 6 -6 1 9 -9 4 -7 9 5 -3 -7 7 2 2 2 1 \nOutput: -4 0 6 5 2 -3 \nExpected: 8 3 9 5 4 9 \n\nTest case 21 failed.\nInput: 2 6 6 3 3 4 8 -3 -1 -5 9 -4 -6 -2 6 8 2 2 2 1 \nOutput: 4 9 -1 7 8 1 \nExpected: 6 8 8 -1 9 9 \n\nTest case 22 failed.\nInput: 4 -7 -5 -10 -7 9 -6 -3 3 9 -4 -10 -7 -5 -5 -9 4 4 1 2 \nOutput: 7 \nExpected: 9 \n\nTest case 23 failed.\nInput: 7 -6 -3 -10 6 4 0 1 -6 10 8 8 6 -8 -7 9 3 4 1 1 \nOutput: 1 8 \nExpected: 10 10 \n\nTest case 24 failed.\nInput: 3 4 10 -4 1 -2 0 9 1 1 1 8 -4 -8 3 2 4 4 4 1 \nOutput: 2 \nExpected: 10 \n\nTest case 25 failed.\nInput: 2 6 -3 0 -8 -4 1 6 7 -4 -6 -3 -10 -7 -1 -8 2 3 1 1 \nOutput: 10 8 5 10 8 6 \nExpected: 6 6 7 6 7 -1 \n\nTest case 26 failed.\nInput: -8 -10 9 -10 8 7 -5 4 1 7 0 -3 4 -8 -8 3 4 4 3 2 \nOutput: 4 \nExpected: 9 \n\nTest case 27 failed.\nInput: -2 -3 9 -1 2 1 -8 -7 -8 -9 4 4 -9 -10 8 0 4 4 1 1 \nOutput: 8 \nExpected: 9 \n\nTest case 28 passed.\nInput: -1 8 -1 -3 3 3 -10 -3 -2 -6 5 0 5 -3 -8 9 4 4 2 1 \nOutput: 9 \n\nTest case 29 failed.\nInput: -4 0 -1 -8 -6 10 -2 -4 9 -3 10 -4 -4 0 4 -4 2 4 2 3 \nOutput: 4 7 \nExpected: 10 10 \n\nTest case 30 failed.\nInput: 9 -6 10 3 4 -8 0 4 -7 -5 4 1 10 10 4 -8 2 2 2 1 \nOutput: 3 3 -2 2 5 4 \nExpected: 9 10 10 10 10 4 \n\nTest case 31 failed.\nInput: -6 10 1 5 -6 -9 -9 10 9 0 5 -6 -4 8 0 7 4 1 3 1 \nOutput: 9 8 8 4 \nExpected: 9 10 5 10 \n\nTest case 32 failed.\nInput: -7 -1 3 -2 0 1 3 7 -3 -3 8 7 3 2 10 -2 4 3 4 1 \nOutput: 3 6 \nExpected: 10 10 \n\nTest case 33 failed.\nInput: -8 6 10 7 -1 -8 3 -8 -3 -8 -1 0 10 -1 8 0 4 4 1 3 \nOutput: 4 \nExpected: 10 \n\nTest case 34 failed.\nInput: 3 -7 10 -1 0 -10 -2 8 6 -5 -9 9 6 2 0 -2 4 4 2 3 \nOutput: 8 \nExpected: 10 \n\nTest case 35 failed.\nInput: 10 0 -10 -7 -2 5 9 -7 7 -4 -9 -7 10 1 1 2 4 4 4 3 \nOutput: 9 \nExpected: 10 \n\nTest case 36 failed.\nInput: -1 2 3 -4 1 1 9 -6 10 -10 8 8 9 9 -9 -1 1 1 1 1 \nOutput: 8 1 6 9 5 7 6 8 -1 9 4 2 9 -3 4 2 \nExpected: -1 2 3 -4 1 1 9 -6 10 -10 8 8 9 9 -9 -1 \n\nTest case 37 failed.\nInput: 4 -7 3 1 -9 -3 7 -7 -2 10 9 10 6 2 10 -1 4 4 2 4 \nOutput: 7 \nExpected: 10 \n\nTest case 38 failed.\nInput: 4 -5 -4 2 -1 -2 -8 -1 7 -6 -5 8 -10 1 6 0 4 4 2 3 \nOutput: 1 \nExpected: 8 \n\nTest case 39 failed.\nInput: -8 0 1 -4 2 -6 5 10 -10 -6 8 9 -10 4 -7 -1 4 2 3 1 \nOutput: 10 9 4 \nExpected: 4 8 10 \n\nTest case 40 failed.\nInput: 5 5 8 -8 4 1 2 0 -1 0 2 0 -10 0 -1 -5 4 4 3 2 \nOutput: 10 \nExpected: 8 \n\nTest case 41 failed.\nInput: 8 0 5 7 9 10 0 -10 0 10 -6 10 2 2 -2 5 4 2 2 1 \nOutput: 1 9 4 \nExpected: 10 10 10 \n\nTest case 42 failed.\nInput: -8 -6 2 8 -8 5 0 1 -4 -9 4 3 8 2 -1 -5 4 4 3 1 \nOutput: 4 \nExpected: 8 \n\nTest case 43 failed.\nInput: 5 -5 -3 -2 -5 -4 5 -8 2 0 -8 8 -9 -5 -4 7 4 2 1 2 \nOutput: 6 6 \nExpected: 5 8 \n\nTest case 44 failed.\nInput: 2 -5 -10 -5 6 -1 -5 -7 9 4 -8 2 -2 -3 9 -6 4 4 4 4 \nOutput: 7 \nExpected: 9 \n\nTest case 45 failed.\nInput: 9 1 -8 3 10 -5 -1 6 -8 2 8 -6 4 5 -6 -4 4 4 2 1 \nOutput: -1 \nExpected: 10 \n\nTest case 46 failed.\nInput: -5 -10 4 -8 7 5 6 1 -7 8 4 -6 3 8 -3 -10 4 4 1 4 \nOutput: 3 \nExpected: 8 \n\nTest case 47 failed.\nInput: 2 -3 -10 -9 5 6 7 -5 -2 -6 8 -6 3 -5 1 -6 2 4 2 1 \nOutput: 9 8 \nExpected: 7 8 \n\nTest case 48 failed.\nInput: -1 3 8 0 7 -2 0 1 -6 8 -10 -6 -6 1 2 7 4 4 2 2 \nOutput: 4 \nExpected: 8 \n\nTest case 49 failed.\nInput: -5 9 8 10 -10 -8 4 -5 3 10 2 -3 -2 2 0 0 4 3 2 1 \nOutput: 4 3 \nExpected: 10 10 \n\nTest case 50 failed.\nInput: 7 -2 7 -4 -4 6 -9 10 -8 2 -9 -5 2 5 -5 -7 3 2 1 2 \nOutput: 2 9 -8 8 \nExpected: 7 10 6 10 \n\nTest case 51 failed.\nInput: 10 3 2 -2 -1 7 4 6 -2 7 -6 0 -1 3 9 0 4 4 3 3 \nOutput: 8 \nExpected: 10 \n\nTest case 52 failed.\nInput: 1 -6 2 -6 7 -10 -2 -4 -2 -9 7 3 2 4 -5 4 3 2 1 2 \nOutput: 1 3 5 5 \nExpected: 7 7 7 7 \n\nTest case 53 failed.\nInput: -7 10 -5 -9 6 4 10 10 7 -6 -6 -7 -8 -2 0 -8 1 2 1 2 \nOutput: 9 10 -1 9 10 9 10 4 \nExpected: 10 -5 6 10 7 -6 -2 0 \n\nTest case 54 failed.\nInput: -1 -5 4 10 -8 -6 7 5 -9 -5 -4 -6 2 8 -5 1 3 3 1 1 \nOutput: 4 10 4 10 \nExpected: 7 10 8 8 \n\nTest case 55 failed.\nInput: -6 4 -6 -4 -3 -7 5 -1 0 -7 6 2 3 -7 10 -7 2 2 2 1 \nOutput: 10 9 7 4 3 1 \nExpected: 4 5 5 3 10 10 \n\nTest case 56 failed.\nInput: 4 -8 7 -2 -1 -2 6 2 6 -1 9 8 0 9 -2 -9 4 1 3 1 \nOutput: 8 4 10 6 \nExpected: 6 9 9 8 \n\nTest case 57 failed.\nInput: 2 -3 0 -6 10 8 9 -8 -5 -10 -7 0 -3 -9 10 2 2 4 1 3 \nOutput: 10 10 8 \nExpected: 10 10 10 \n\nTest case 58 failed.\nInput: 6 5 5 5 8 -6 7 -10 0 -4 7 3 -5 -6 -1 -5 2 4 2 3 \nOutput: 4 10 \nExpected: 8 7 \n\nTest case 59 failed.\nInput: 6 -10 4 10 4 -10 0 4 5 10 8 4 -8 10 -3 -10 4 3 2 1 \nOutput: 6 9 \nExpected: 10 10 \n\nTest case 60 failed.\nInput: -1 -3 2 3 -8 7 -5 1 7 0 -6 -5 10 8 10 10 4 4 3 4 \nOutput: 6 \nExpected: 10 \n\nTest case 61 failed.\nInput: 7 8 8 10 6 0 2 -2 8 9 9 6 5 -6 3 -9 2 4 2 2 \nOutput: 3 10 \nExpected: 10 9 \n\nTest case 62 failed.\nInput: -8 -6 -3 7 -10 -5 -5 -5 -10 3 6 -9 0 -7 1 1 4 4 2 1 \nOutput: 9 \nExpected: 7 \n\nTest case 63 failed.\nInput: -5 8 5 -7 3 -4 -9 7 8 -5 -1 4 1 -10 -6 4 4 3 3 1 \nOutput: 10 2 \nExpected: 8 8 \n\nTest case 64 failed.\nInput: -6 8 9 -5 -4 1 8 10 1 -5 -10 -2 8 6 -8 2 4 4 1 4 \nOutput: 4 \nExpected: 10 \n\nTest case 65 failed.\nInput: 1 5 -3 -7 -3 6 -9 1 8 0 -7 -9 2 9 -9 -8 4 4 4 4 \nOutput: 4 \nExpected: 9 \n\nTest case 66 failed.\nInput: -5 9 1 10 -1 -2 -4 -1 7 8 -6 1 3 9 2 2 2 2 2 2 \nOutput: 10 9 9 1 \nExpected: 9 10 9 2 \n\nTest case 67 failed.\nInput: -9 -7 -3 8 -2 10 -2 10 -8 -6 1 5 -1 -4 -4 -8 2 2 2 1 \nOutput: 4 7 10 10 4 4 \nExpected: 10 10 10 -1 1 5 \n\nTest case 68 failed.\nInput: -1 8 8 -1 7 3 1 2 -8 9 -6 4 -5 -8 -5 -9 4 4 2 3 \nOutput: 7 \nExpected: 9 \n\nTest case 69 failed.\nInput: -6 -8 1 -2 -9 9 -8 7 -4 -3 -4 -4 9 1 -10 10 4 4 3 2 \nOutput: 8 \nExpected: 10 \n\nTest case 70 failed.\nInput: 5 -6 -3 1 -6 8 -8 1 7 -3 4 -5 10 -10 -5 -8 2 4 2 3 \nOutput: 4 6 \nExpected: 8 10 \n\nTest case 71 failed.\nInput: 7 -5 7 8 -3 -7 -7 3 -2 -2 2 1 3 -3 8 -1 3 4 1 2 \nOutput: 2 10 \nExpected: 8 8 \n\nTest case 72 failed.\nInput: -1 4 -8 5 7 -10 -10 -3 -4 4 9 9 8 -9 6 -2 3 3 1 1 \nOutput: 4 9 5 8 \nExpected: 9 9 9 9 \n\nTest case 73 failed.\nInput: 3 4 -8 2 -9 -5 1 -2 -5 -5 -1 7 -10 4 10 -7 2 4 1 3 \nOutput: 4 2 4 \nExpected: 4 7 10 \n\nTest case 74 failed.\nInput: 8 9 1 -8 2 6 10 6 -4 -2 4 0 5 -8 -2 10 3 4 1 1 \nOutput: 3 10 \nExpected: 10 10 \n\nTest case 75 failed.\nInput: -4 9 -6 -5 -7 6 10 3 2 -2 -2 -2 4 9 8 8 4 4 2 3 \nOutput: 7 \nExpected: 10 \n\nTest case 76 failed.\nInput: -7 -8 0 10 4 -9 -4 10 -7 8 7 -6 6 -9 8 -8 2 1 2 1 \nOutput: 10 10 4 8 5 4 8 3 \nExpected: 4 -8 0 10 6 8 8 -6 \n\nTest case 77 failed.\nInput: -10 10 -7 6 -4 0 10 -3 8 6 -10 8 -9 -6 -6 3 4 2 2 2 \nOutput: 5 5 \nExpected: 10 10 \n\nTest case 78 failed.\nInput: 5 -8 -4 8 2 2 -9 -1 4 1 -7 -8 -8 -5 2 -9 4 4 1 1 \nOutput: 2 \nExpected: 8 \n\nTest case 79 failed.\nInput: 1 -10 -9 -6 -7 -4 8 -4 -4 -6 9 0 1 2 -2 -1 3 4 1 2 \nOutput: 8 4 \nExpected: 9 9 \n\nTest case 80 failed.\nInput: 7 4 2 5 0 5 -6 10 10 -5 1 -3 -4 8 -3 -1 1 4 1 3 \nOutput: 2 9 2 4 \nExpected: 7 10 10 8 \n\nTest case 81 failed.\nInput: 0 -4 -8 -2 -8 4 -1 10 5 -2 8 3 -6 10 -6 -4 3 4 1 3 \nOutput: 9 10 \nExpected: 10 10 \n\nTest case 82 failed.\nInput: -9 6 7 5 -7 -3 6 7 -1 -2 -3 4 9 -2 -10 7 4 1 1 1 \nOutput: 6 5 8 4 \nExpected: 9 6 7 7 \n\nTest case 83 failed.\nInput: 10 -9 1 -7 9 6 -6 10 -3 -7 9 -6 -2 3 4 10 4 4 1 2 \nOutput: 4 \nExpected: 10 \n\nTest case 84 failed.\nInput: 8 -10 -7 8 4 -6 -4 7 9 0 -7 -4 3 -9 -6 0 4 4 4 4 \nOutput: 8 \nExpected: 9 \n\nTest case 85 failed.\nInput: 1 -1 -4 -6 -10 -8 1 -10 1 -4 -4 -8 6 -9 -6 -4 4 3 1 1 \nOutput: 6 8 \nExpected: 6 1 \n\nTest case 86 failed.\nInput: 6 -2 3 3 2 -7 -3 -8 -4 8 -7 -5 -7 3 -1 1 2 4 1 2 \nOutput: 4 6 7 \nExpected: 6 8 8 \n\nTest case 87 failed.\nInput: -6 8 -1 -4 -6 8 5 -10 -3 -9 7 -5 -8 8 -8 -3 1 3 1 1 \nOutput: 3 8 4 8 8 1 4 7 \nExpected: 8 8 8 8 7 7 8 8 \n\nTest case 88 failed.\nInput: 7 2 -4 7 9 -10 -3 4 -1 -3 -5 -7 -4 -5 4 -7 3 3 1 1 \nOutput: 9 10 10 2 \nExpected: 9 7 9 4 \n\nTest case 89 failed.\nInput: -1 -9 -3 -9 -5 4 3 -8 -2 -8 9 -8 -3 -6 10 -1 4 3 4 1 \nOutput: 7 7 \nExpected: 10 10 \n\nTest case 90 failed.\nInput: 10 -8 2 -6 9 -6 -9 5 3 -5 -4 -7 -8 2 -5 -5 2 4 2 3 \nOutput: 6 10 \nExpected: 10 3 \n\nTest case 91 failed.\nInput: 4 -8 1 7 2 -4 -2 -8 -2 -7 5 -4 -9 8 3 -10 4 2 1 1 \nOutput: 5 2 10 \nExpected: 8 8 7 \n\nTest case 92 failed.\nInput: -5 -1 -1 -8 2 -6 2 6 4 -8 -4 -2 1 6 10 5 1 2 1 2 \nOutput: 6 7 9 4 3 7 7 4 \nExpected: -1 -1 2 6 4 -2 6 10 \n\nTest case 93 failed.\nInput: -10 -6 5 -5 -7 0 5 -10 -3 5 -6 -3 5 9 4 0 4 3 4 1 \nOutput: 4 10 \nExpected: 9 9 \n\nTest case 94 failed.\nInput: -6 -2 -2 10 -10 -5 2 -1 -6 -4 8 -10 -1 2 4 -8 3 1 1 1 \nOutput: 10 7 0 2 10 -5 7 8 \nExpected: -6 -2 8 10 -1 2 8 -1 \n\nTest case 95 failed.\nInput: -4 0 6 -9 7 -9 9 0 -9 7 4 -2 -4 -4 -8 -1 4 2 2 2 \nOutput: 1 4 \nExpected: 7 9 \n\nTest case 96 failed.\nInput: 5 -3 -2 -9 1 8 -1 1 -10 7 3 -4 10 -2 4 10 1 4 1 2 \nOutput: 5 3 10 4 \nExpected: 5 8 7 10 \n\nTest case 97 failed.\nInput: 0 -9 0 -5 10 -4 -2 7 3 5 -7 -6 -10 6 2 4 4 4 2 4 \nOutput: 7 \nExpected: 10 \n\nTest case 98 failed.\nInput: 10 4 -4 9 -4 -8 -4 7 2 4 10 -10 -8 -7 -6 -4 4 4 1 2 \nOutput: 6 \nExpected: 10 \n\nTest case 99 failed.\nInput: -2 -4 -8 1 3 -9 -3 9 -7 9 2 10 -5 4 2 6 4 4 3 1 \nOutput: 9 \nExpected: 10 \n\nTest case 100 failed.\nInput: -2 -3 10 8 2 0 -4 -6 0 3 -7 5 -8 -10 -7 -1 1 3 1 1 \nOutput: 9 3 10 9 -3 10 6 5 \nExpected: 10 10 2 0 3 5 -7 -1 \n\n\nFatal: Testbench: Some test cases failed.\nIn file: /data/users/S113062628/project/chip_llm/.log/Max_Pooling/Testbench.cpp:155\nIn process: sys.tb.do_fetch @ 630 ns\n\nInfo: (I99) simulation aborted"
  },
  {
    "name": "Median_Filter",
    "state": "unit_test_pass",
    "error_message": ""
  },
  {
    "name": "MergeSort",
    "state": "format_error",
    "error_message": "Project directory is empty \u2013 likely extraction/formatting failure."
  },
  {
    "name": "MultiplyTwoMatrices",
    "state": "compile_error",
    "error_message": "-- The C compiler identification is GNU 11.4.0\n-- The CXX compiler identification is GNU 11.4.0\n-- Detecting C compiler ABI info\n-- Detecting C compiler ABI info - done\n-- Check for working C compiler: /usr/bin/cc - skipped\n-- Detecting C compile features\n-- Detecting C compile features - done\n-- Detecting CXX compiler ABI info\n-- Detecting CXX compiler ABI info - done\n-- Check for working CXX compiler: /usr/bin/c++ - skipped\n-- Detecting CXX compile features\n-- Detecting CXX compile features - done\n-- Configuring done\n-- Generating done\n-- Build files have been written to: /data/users/S113062628/project/chip_llm/.log/MultiplyTwoMatrices/build\n[ 20%] Building CXX object CMakeFiles/test-dut.dir/Dut.cpp.o\n[ 40%] Building CXX object CMakeFiles/test-dut.dir/SystemPipeline.cpp.o\n[ 60%] Building CXX object CMakeFiles/test-dut.dir/Testbench.cpp.o\n/data/users/S113062628/project/chip_llm/.log/MultiplyTwoMatrices/Testbench.cpp:250:22: warning: missing terminating \" character\n  250 |         std::cout << \"All tests passed successfully.\\\" << std::endl;\n      |                      ^\n/data/users/S113062628/project/chip_llm/.log/MultiplyTwoMatrices/Testbench.cpp:250:22: error: missing terminating \" character\n  250 |         std::cout << \"All tests passed successfully.\\\" << std::endl;\n      |                      ^~~~~~~~~~~~~~~~~~~~~~~~~~~~~~~~~~~~~~~~~~~~~~~\n/data/users/S113062628/project/chip_llm/.log/MultiplyTwoMatrices/Testbench.cpp: In member function \u2018void Testbench::do_feed()\u2019:\n/data/users/S113062628/project/chip_llm/.log/MultiplyTwoMatrices/Testbench.cpp:21:22: error: variable \u2018std::ifstream fin\u2019 has initializer but incomplete type\n   21 |     std::ifstream fin(\"testcases.txt\");\n      |                      ^\n/data/users/S113062628/project/chip_llm/.log/MultiplyTwoMatrices/Testbench.cpp:30:36: error: variable \u2018std::istringstream iss\u2019 has initializer but incomplete type\n   30 |         std::istringstream iss(line);\n      |                                    ^\n/data/users/S113062628/project/chip_llm/.log/MultiplyTwoMatrices/Testbench.cpp: In member function \u2018void Testbench::do_fetch()\u2019:\n/data/users/S113062628/project/chip_llm/.log/MultiplyTwoMatrices/Testbench.cpp:85:22: error: variable \u2018std::ifstream fin\u2019 has initializer but incomplete type\n   85 |     std::ifstream fin(\"testcases.txt\");\n      |                      ^\n/data/users/S113062628/project/chip_llm/.log/MultiplyTwoMatrices/Testbench.cpp:94:36: error: variable \u2018std::istringstream iss\u2019 has initializer but incomplete type\n   94 |         std::istringstream iss(line);\n      |                                    ^\n/data/users/S113062628/project/chip_llm/.log/MultiplyTwoMatrices/Testbench.cpp:120:26: error: variable \u2018std::ifstream fin\u2019 has initializer but incomplete type\n  120 |         std::ifstream fin(\"golden.txt\");\n      |                          ^\n/data/users/S113062628/project/chip_llm/.log/MultiplyTwoMatrices/Testbench.cpp:129:40: error: variable \u2018std::istringstream iss\u2019 has initializer but incomplete type\n  129 |             std::istringstream iss(line);\n      |                                        ^\n/data/users/S113062628/project/chip_llm/.log/MultiplyTwoMatrices/Testbench.cpp:140:1: error: duplicate label \u2018skip\u2019\n  140 | skip:\n      | ^~~~\n/data/users/S113062628/project/chip_llm/.log/MultiplyTwoMatrices/Testbench.cpp:251:5: error: expected primary-expression before \u2018}\u2019 token\n  251 |     }\n      |     ^\ngmake[2]: *** [CMakeFiles/test-dut.dir/build.make:104: CMakeFiles/test-dut.dir/Testbench.cpp.o] Error 1\ngmake[1]: *** [CMakeFiles/Makefile2:83: CMakeFiles/test-dut.dir/all] Error 2\ngmake: *** [Makefile:91: all] Error 2"
  },
  {
    "name": "NumberofUniqueTripletsWhoseXORisZero",
    "state": "format_error",
    "error_message": "Project directory is empty \u2013 likely extraction/formatting failure."
  },
  {
    "name": "RotateMatrixElementsofaMatrix",
    "state": "compile_error",
    "error_message": "-- The C compiler identification is GNU 11.4.0\n-- The CXX compiler identification is GNU 11.4.0\n-- Detecting C compiler ABI info\n-- Detecting C compiler ABI info - done\n-- Check for working C compiler: /usr/bin/cc - skipped\n-- Detecting C compile features\n-- Detecting C compile features - done\n-- Detecting CXX compiler ABI info\n-- Detecting CXX compiler ABI info - done\n-- Check for working CXX compiler: /usr/bin/c++ - skipped\n-- Detecting CXX compile features\n-- Detecting CXX compile features - done\n-- Configuring done\n-- Generating done\n-- Build files have been written to: /data/users/S113062628/project/chip_llm/.log/RotateMatrixElementsofaMatrix/build\n[ 20%] Building CXX object CMakeFiles/test-dut.dir/Dut.cpp.o\n[ 40%] Building CXX object CMakeFiles/test-dut.dir/SystemPipeline.cpp.o\n[ 60%] Building CXX object CMakeFiles/test-dut.dir/Testbench.cpp.o\n/data/users/S113062628/project/chip_llm/.log/RotateMatrixElementsofaMatrix/Testbench.cpp: In member function \u2018void Testbench::do_feed()\u2019:\n/data/users/S113062628/project/chip_llm/.log/RotateMatrixElementsofaMatrix/Testbench.cpp:20:22: error: variable \u2018std::ifstream fin\u2019 has initializer but incomplete type\n   20 |     std::ifstream fin(\"testcases.txt\");\n      |                      ^\n/data/users/S113062628/project/chip_llm/.log/RotateMatrixElementsofaMatrix/Testbench.cpp:29:36: error: variable \u2018std::istringstream iss\u2019 has initializer but incomplete type\n   29 |         std::istringstream iss(line);\n      |                                    ^\n/data/users/S113062628/project/chip_llm/.log/RotateMatrixElementsofaMatrix/Testbench.cpp: In member function \u2018void Testbench::do_fetch()\u2019:\n/data/users/S113062628/project/chip_llm/.log/RotateMatrixElementsofaMatrix/Testbench.cpp:70:22: error: variable \u2018std::ifstream fin\u2019 has initializer but incomplete type\n   70 |     std::ifstream fin(\"testcases.txt\");\n      |                      ^\n/data/users/S113062628/project/chip_llm/.log/RotateMatrixElementsofaMatrix/Testbench.cpp:79:36: error: variable \u2018std::istringstream iss\u2019 has initializer but incomplete type\n   79 |         std::istringstream iss(line);\n      |                                    ^\n/data/users/S113062628/project/chip_llm/.log/RotateMatrixElementsofaMatrix/Testbench.cpp:97:26: error: variable \u2018std::ifstream fin\u2019 has initializer but incomplete type\n   97 |         std::ifstream fin(\"golden.txt\");\n      |                          ^\n/data/users/S113062628/project/chip_llm/.log/RotateMatrixElementsofaMatrix/Testbench.cpp:106:40: error: variable \u2018std::istringstream iss\u2019 has initializer but incomplete type\n  106 |             std::istringstream iss(line);\n      |                                        ^\ngmake[2]: *** [CMakeFiles/test-dut.dir/build.make:104: CMakeFiles/test-dut.dir/Testbench.cpp.o] Error 1\ngmake[1]: *** [CMakeFiles/Makefile2:83: CMakeFiles/test-dut.dir/all] Error 2\ngmake: *** [Makefile:91: all] Error 2"
  },
  {
    "name": "SVM",
    "state": "compile_error",
    "error_message": "-- The C compiler identification is GNU 11.4.0\n-- The CXX compiler identification is GNU 11.4.0\n-- Detecting C compiler ABI info\n-- Detecting C compiler ABI info - done\n-- Check for working C compiler: /usr/bin/cc - skipped\n-- Detecting C compile features\n-- Detecting C compile features - done\n-- Detecting CXX compiler ABI info\n-- Detecting CXX compiler ABI info - done\n-- Check for working CXX compiler: /usr/bin/c++ - skipped\n-- Detecting CXX compile features\n-- Detecting CXX compile features - done\n-- Configuring done\n-- Generating done\n-- Build files have been written to: /data/users/S113062628/project/chip_llm/.log/SVM/build\n[ 20%] Building CXX object CMakeFiles/test-dut.dir/Dut.cpp.o\n[ 40%] Building CXX object CMakeFiles/test-dut.dir/SystemPipeline.cpp.o\n[ 60%] Building CXX object CMakeFiles/test-dut.dir/Testbench.cpp.o\n/data/users/S113062628/project/chip_llm/.log/SVM/Testbench.cpp: In member function \u2018void Testbench::do_feed()\u2019:\n/data/users/S113062628/project/chip_llm/.log/SVM/Testbench.cpp:26:22: error: variable \u2018std::ifstream fin\u2019 has initializer but incomplete type\n   26 |     std::ifstream fin(\"testcases.txt\");\n      |                      ^\n/data/users/S113062628/project/chip_llm/.log/SVM/Testbench.cpp:35:36: error: variable \u2018std::istringstream iss\u2019 has initializer but incomplete type\n   35 |         std::istringstream iss(line);\n      |                                    ^\n/data/users/S113062628/project/chip_llm/.log/SVM/Testbench.cpp: In member function \u2018void Testbench::do_fetch()\u2019:\n/data/users/S113062628/project/chip_llm/.log/SVM/Testbench.cpp:95:22: error: variable \u2018std::ifstream fin\u2019 has initializer but incomplete type\n   95 |     std::ifstream fin(\"testcases.txt\");\n      |                      ^\n/data/users/S113062628/project/chip_llm/.log/SVM/Testbench.cpp:104:36: error: variable \u2018std::istringstream iss\u2019 has initializer but incomplete type\n  104 |         std::istringstream iss(line);\n      |                                    ^\n/data/users/S113062628/project/chip_llm/.log/SVM/Testbench.cpp:128:26: error: variable \u2018std::ifstream fin\u2019 has initializer but incomplete type\n  128 |         std::ifstream fin(\"golden.txt\");\n      |                          ^\n/data/users/S113062628/project/chip_llm/.log/SVM/Testbench.cpp:137:40: error: variable \u2018std::istringstream iss\u2019 has initializer but incomplete type\n  137 |             std::istringstream iss(line);\n      |                                        ^\ngmake[2]: *** [CMakeFiles/test-dut.dir/build.make:104: CMakeFiles/test-dut.dir/Testbench.cpp.o] Error 1\ngmake[1]: *** [CMakeFiles/Makefile2:83: CMakeFiles/test-dut.dir/all] Error 2\ngmake: *** [Makefile:91: all] Error 2"
  },
  {
    "name": "SearchanElementinanArray_BinarySearch",
    "state": "compile_error",
    "error_message": "-- The C compiler identification is GNU 11.4.0\n-- The CXX compiler identification is GNU 11.4.0\n-- Detecting C compiler ABI info\n-- Detecting C compiler ABI info - done\n-- Check for working C compiler: /usr/bin/cc - skipped\n-- Detecting C compile features\n-- Detecting C compile features - done\n-- Detecting CXX compiler ABI info\n-- Detecting CXX compiler ABI info - done\n-- Check for working CXX compiler: /usr/bin/c++ - skipped\n-- Detecting CXX compile features\n-- Detecting CXX compile features - done\n-- Configuring done\n-- Generating done\n-- Build files have been written to: /data/users/S113062628/project/chip_llm/.log/SearchanElementinanArray_BinarySearch/build\n[ 20%] Building CXX object CMakeFiles/test-dut.dir/Dut.cpp.o\n[ 40%] Building CXX object CMakeFiles/test-dut.dir/SystemPipeline.cpp.o\n[ 60%] Building CXX object CMakeFiles/test-dut.dir/Testbench.cpp.o\n/data/users/S113062628/project/chip_llm/.log/SearchanElementinanArray_BinarySearch/Testbench.cpp: In member function \u2018void Testbench::do_feed()\u2019:\n/data/users/S113062628/project/chip_llm/.log/SearchanElementinanArray_BinarySearch/Testbench.cpp:22:22: error: variable \u2018std::ifstream fin\u2019 has initializer but incomplete type\n   22 |     std::ifstream fin(\"testcases.txt\");\n      |                      ^\n/data/users/S113062628/project/chip_llm/.log/SearchanElementinanArray_BinarySearch/Testbench.cpp:31:36: error: variable \u2018std::istringstream iss\u2019 has initializer but incomplete type\n   31 |         std::istringstream iss(line);\n      |                                    ^\n/data/users/S113062628/project/chip_llm/.log/SearchanElementinanArray_BinarySearch/Testbench.cpp: In member function \u2018void Testbench::do_fetch()\u2019:\n/data/users/S113062628/project/chip_llm/.log/SearchanElementinanArray_BinarySearch/Testbench.cpp:63:22: error: variable \u2018std::ifstream fin\u2019 has initializer but incomplete type\n   63 |     std::ifstream fin(\"testcases.txt\");\n      |                      ^\n/data/users/S113062628/project/chip_llm/.log/SearchanElementinanArray_BinarySearch/Testbench.cpp:72:36: error: variable \u2018std::istringstream iss\u2019 has initializer but incomplete type\n   72 |         std::istringstream iss(line);\n      |                                    ^\n/data/users/S113062628/project/chip_llm/.log/SearchanElementinanArray_BinarySearch/Testbench.cpp:73:9: error: \u2018TestCase\u2019 was not declared in this scope\n   73 |         TestCase tc;\n      |         ^~~~~~~~\n/data/users/S113062628/project/chip_llm/.log/SearchanElementinanArray_BinarySearch/Testbench.cpp:75:26: error: \u2018tc\u2019 was not declared in this scope; did you mean \u2018tm\u2019?\n   75 |             if (!(iss >> tc.array[i])) {\n      |                          ^~\n      |                          tm\n/data/users/S113062628/project/chip_llm/.log/SearchanElementinanArray_BinarySearch/Testbench.cpp:80:22: error: \u2018tc\u2019 was not declared in this scope; did you mean \u2018tm\u2019?\n   80 |         if (!(iss >> tc.target >> tc.expected)) {\n      |                      ^~\n      |                      tm\n/data/users/S113062628/project/chip_llm/.log/SearchanElementinanArray_BinarySearch/Testbench.cpp:84:27: error: \u2018tc\u2019 was not declared in this scope; did you mean \u2018tm\u2019?\n   84 |         results.push_back(tc.expected);\n      |                           ^~\n      |                           tm\n/data/users/S113062628/project/chip_llm/.log/SearchanElementinanArray_BinarySearch/Testbench.cpp:98:30: error: \u2018i_array\u2019 was not declared in this scope; did you mean \u2018o_array\u2019?\n   98 |                 std::cout << i_array.read();\n      |                              ^~~~~~~\n      |                              o_array\n/data/users/S113062628/project/chip_llm/.log/SearchanElementinanArray_BinarySearch/Testbench.cpp:101:44: error: \u2018i_target\u2019 was not declared in this scope; did you mean \u2018o_target\u2019?\n  101 |             std::cout << \"], target = \" << i_target.read() << \"\\n\";\n      |                                            ^~~~~~~~\n      |                                            o_target\n/data/users/S113062628/project/chip_llm/.log/SearchanElementinanArray_BinarySearch/Testbench.cpp:107:30: error: \u2018i_array\u2019 was not declared in this scope; did you mean \u2018o_array\u2019?\n  107 |                 std::cout << i_array.read();\n      |                              ^~~~~~~\n      |                              o_array\n/data/users/S113062628/project/chip_llm/.log/SearchanElementinanArray_BinarySearch/Testbench.cpp:110:44: error: \u2018i_target\u2019 was not declared in this scope; did you mean \u2018o_target\u2019?\n  110 |             std::cerr << \"], target = \" << i_target.read() << \"\\n\";\n      |                                            ^~~~~~~~\n      |                                            o_target\ngmake[2]: *** [CMakeFiles/test-dut.dir/build.make:104: CMakeFiles/test-dut.dir/Testbench.cpp.o] Error 1\ngmake[1]: *** [CMakeFiles/Makefile2:83: CMakeFiles/test-dut.dir/all] Error 2\ngmake: *** [Makefile:91: all] Error 2"
  },
  {
    "name": "Sobel_Edge_Detection",
    "state": "compile_error",
    "error_message": "-- The C compiler identification is GNU 11.4.0\n-- The CXX compiler identification is GNU 11.4.0\n-- Detecting C compiler ABI info\n-- Detecting C compiler ABI info - done\n-- Check for working C compiler: /usr/bin/cc - skipped\n-- Detecting C compile features\n-- Detecting C compile features - done\n-- Detecting CXX compiler ABI info\n-- Detecting CXX compiler ABI info - done\n-- Check for working CXX compiler: /usr/bin/c++ - skipped\n-- Detecting CXX compile features\n-- Detecting CXX compile features - done\n-- Configuring done\n-- Generating done\n-- Build files have been written to: /data/users/S113062628/project/chip_llm/.log/Sobel_Edge_Detection/build\n[ 20%] Building CXX object CMakeFiles/test-dut.dir/Dut.cpp.o\n[ 40%] Building CXX object CMakeFiles/test-dut.dir/SystemPipeline.cpp.o\n[ 60%] Building CXX object CMakeFiles/test-dut.dir/Testbench.cpp.o\n/data/users/S113062628/project/chip_llm/.log/Sobel_Edge_Detection/Testbench.cpp: In member function \u2018void Testbench::do_feed()\u2019:\n/data/users/S113062628/project/chip_llm/.log/Sobel_Edge_Detection/Testbench.cpp:16:22: error: variable \u2018std::ifstream fin\u2019 has initializer but incomplete type\n   16 |     std::ifstream fin(\"input.txt\");\n      |                      ^\n/data/users/S113062628/project/chip_llm/.log/Sobel_Edge_Detection/Testbench.cpp: In member function \u2018void Testbench::do_fetch()\u2019:\n/data/users/S113062628/project/chip_llm/.log/Sobel_Edge_Detection/Testbench.cpp:36:23: error: variable \u2018std::ifstream fexp\u2019 has initializer but incomplete type\n   36 |     std::ifstream fexp(\"expected_output.txt\");\n      |                       ^\ngmake[2]: *** [CMakeFiles/test-dut.dir/build.make:104: CMakeFiles/test-dut.dir/Testbench.cpp.o] Error 1\ngmake[1]: *** [CMakeFiles/Makefile2:83: CMakeFiles/test-dut.dir/all] Error 2\ngmake: *** [Makefile:91: all] Error 2"
  },
  {
    "name": "Softmax",
    "state": "compile_error",
    "error_message": "-- The C compiler identification is GNU 11.4.0\n-- The CXX compiler identification is GNU 11.4.0\n-- Detecting C compiler ABI info\n-- Detecting C compiler ABI info - done\n-- Check for working C compiler: /usr/bin/cc - skipped\n-- Detecting C compile features\n-- Detecting C compile features - done\n-- Detecting CXX compiler ABI info\n-- Detecting CXX compiler ABI info - done\n-- Check for working CXX compiler: /usr/bin/c++ - skipped\n-- Detecting CXX compile features\n-- Detecting CXX compile features - done\n-- Configuring done\n-- Generating done\n-- Build files have been written to: /data/users/S113062628/project/chip_llm/.log/Softmax/build\n[ 20%] Building CXX object CMakeFiles/test-dut.dir/Dut.cpp.o\n[ 40%] Building CXX object CMakeFiles/test-dut.dir/SystemPipeline.cpp.o\n[ 60%] Building CXX object CMakeFiles/test-dut.dir/Testbench.cpp.o\n[ 80%] Building CXX object CMakeFiles/test-dut.dir/main.cpp.o\n[100%] Linking CXX executable test-dut\n/usr/bin/ld: CMakeFiles/test-dut.dir/Testbench.cpp.o: in function `softmax(double const*, double*, int)':\nTestbench.cpp:(.text+0x0): multiple definition of `softmax(double const*, double*, int)'; CMakeFiles/test-dut.dir/Dut.cpp.o:Dut.cpp:(.text+0x190): first defined here\ncollect2: error: ld returned 1 exit status\ngmake[2]: *** [CMakeFiles/test-dut.dir/build.make:145: test-dut] Error 1\ngmake[1]: *** [CMakeFiles/Makefile2:83: CMakeFiles/test-dut.dir/all] Error 2\ngmake: *** [Makefile:91: all] Error 2"
  },
  {
    "name": "SortanArray_BubbleSort",
    "state": "compile_error",
    "error_message": "-- The C compiler identification is GNU 11.4.0\n-- The CXX compiler identification is GNU 11.4.0\n-- Detecting C compiler ABI info\n-- Detecting C compiler ABI info - done\n-- Check for working C compiler: /usr/bin/cc - skipped\n-- Detecting C compile features\n-- Detecting C compile features - done\n-- Detecting CXX compiler ABI info\n-- Detecting CXX compiler ABI info - done\n-- Check for working CXX compiler: /usr/bin/c++ - skipped\n-- Detecting CXX compile features\n-- Detecting CXX compile features - done\n-- Configuring done\n-- Generating done\n-- Build files have been written to: /data/users/S113062628/project/chip_llm/.log/SortanArray_BubbleSort/build\n[ 20%] Building CXX object CMakeFiles/test-dut.dir/Dut.cpp.o\n[ 40%] Building CXX object CMakeFiles/test-dut.dir/SystemPipeline.cpp.o\n[ 60%] Building CXX object CMakeFiles/test-dut.dir/Testbench.cpp.o\n/data/users/S113062628/project/chip_llm/.log/SortanArray_BubbleSort/Testbench.cpp: In member function \u2018void Testbench::do_feed()\u2019:\n/data/users/S113062628/project/chip_llm/.log/SortanArray_BubbleSort/Testbench.cpp:39:30: error: \u2018N\u2019 was not declared in this scope\n   39 |         if (tc.arr.size() != N) {\n      |                              ^\n/data/users/S113062628/project/chip_llm/.log/SortanArray_BubbleSort/Testbench.cpp: In member function \u2018void Testbench::do_fetch()\u2019:\n/data/users/S113062628/project/chip_llm/.log/SortanArray_BubbleSort/Testbench.cpp:90:30: error: \u2018N\u2019 was not declared in this scope\n   90 |         if (tc.arr.size() != N) {\n      |                              ^\n/data/users/S113062628/project/chip_llm/.log/SortanArray_BubbleSort/Testbench.cpp:116:38: error: \u2018N\u2019 was not declared in this scope\n  116 |             if (g.expected.size() != N) {\n      |                                      ^\n/data/users/S113062628/project/chip_llm/.log/SortanArray_BubbleSort/Testbench.cpp:130:33: error: \u2018N\u2019 was not declared in this scope\n  130 |         std::vector<int> result(N);\n      |                                 ^\ngmake[2]: *** [CMakeFiles/test-dut.dir/build.make:104: CMakeFiles/test-dut.dir/Testbench.cpp.o] Error 1\ngmake[1]: *** [CMakeFiles/Makefile2:83: CMakeFiles/test-dut.dir/all] Error 2\ngmake: *** [Makefile:91: all] Error 2"
  }
]