[
  {
    "name": "2D_Convolution",
    "state": "compile_error",
    "error_message": "-- The C compiler identification is GNU 13.3.0\n-- The CXX compiler identification is GNU 13.3.0\n-- Detecting C compiler ABI info\n-- Detecting C compiler ABI info - done\n-- Check for working C compiler: /usr/bin/cc - skipped\n-- Detecting C compile features\n-- Detecting C compile features - done\n-- Detecting CXX compiler ABI info\n-- Detecting CXX compiler ABI info - done\n-- Check for working CXX compiler: /usr/bin/c++ - skipped\n-- Detecting CXX compile features\n-- Detecting CXX compile features - done\n-- Configuring done (0.4s)\n-- Generating done (0.0s)\n-- Build files have been written to: /home/S113062628/project/chip_llm/.log/2D_Convolution/build\n[ 20%] Building CXX object CMakeFiles/test-dut.dir/Dut.cpp.o\n[ 40%] Building CXX object CMakeFiles/test-dut.dir/SystemPipeline.cpp.o\n[ 60%] Building CXX object CMakeFiles/test-dut.dir/Testbench.cpp.o\n/home/S113062628/project/chip_llm/.log/2D_Convolution/Testbench.cpp: In member function \u2018void Testbench::do_feed()\u2019:\n/home/S113062628/project/chip_llm/.log/2D_Convolution/Testbench.cpp:21:22: error: variable \u2018std::ifstream fin\u2019 has initializer but incomplete type\n   21 |     std::ifstream fin(\"testcases.txt\");\n      |                      ^\n/home/S113062628/project/chip_llm/.log/2D_Convolution/Testbench.cpp:30:36: error: variable \u2018std::istringstream iss\u2019 has initializer but incomplete type\n   30 |         std::istringstream iss(line);\n      |                                    ^\n/home/S113062628/project/chip_llm/.log/2D_Convolution/Testbench.cpp: In member function \u2018void Testbench::do_fetch()\u2019:\n/home/S113062628/project/chip_llm/.log/2D_Convolution/Testbench.cpp:75:22: error: variable \u2018std::ifstream fin\u2019 has initializer but incomplete type\n   75 |     std::ifstream fin(\"testcases.txt\");\n      |                      ^\n/home/S113062628/project/chip_llm/.log/2D_Convolution/Testbench.cpp:84:36: error: variable \u2018std::istringstream iss\u2019 has initializer but incomplete type\n   84 |         std::istringstream iss(line);\n      |                                    ^\n/home/S113062628/project/chip_llm/.log/2D_Convolution/Testbench.cpp:104:26: error: variable \u2018std::ifstream fin\u2019 has initializer but incomplete type\n  104 |         std::ifstream fin(\"golden.txt\");\n      |                          ^\n/home/S113062628/project/chip_llm/.log/2D_Convolution/Testbench.cpp:113:40: error: variable \u2018std::istringstream iss\u2019 has initializer but incomplete type\n  113 |             std::istringstream iss(line);\n      |                                        ^\ngmake[2]: *** [CMakeFiles/test-dut.dir/build.make:104: CMakeFiles/test-dut.dir/Testbench.cpp.o] Error 1\ngmake[1]: *** [CMakeFiles/Makefile2:83: CMakeFiles/test-dut.dir/all] Error 2\ngmake: *** [Makefile:91: all] Error 2"
  },
  {
    "name": "AES_128",
    "state": "format_error",
    "error_message": "Project directory is empty \u2013 likely extraction/formatting failure."
  },
  {
    "name": "AddTwoBinaryStrings",
    "state": "compile_error",
    "error_message": "-- The C compiler identification is GNU 13.3.0\n-- The CXX compiler identification is GNU 13.3.0\n-- Detecting C compiler ABI info\n-- Detecting C compiler ABI info - done\n-- Check for working C compiler: /usr/bin/cc - skipped\n-- Detecting C compile features\n-- Detecting C compile features - done\n-- Detecting CXX compiler ABI info\n-- Detecting CXX compiler ABI info - done\n-- Check for working CXX compiler: /usr/bin/c++ - skipped\n-- Detecting CXX compile features\n-- Detecting CXX compile features - done\n-- Configuring done (0.4s)\n-- Generating done (0.0s)\n-- Build files have been written to: /home/S113062628/project/chip_llm/.log/AddTwoBinaryStrings/build\n[ 20%] Building CXX object CMakeFiles/test-dut.dir/Dut.cpp.o\n/home/S113062628/project/chip_llm/.log/AddTwoBinaryStrings/Dut.cpp: In function \u2018std::string addBinary(std::string, std::string)\u2019:\n/home/S113062628/project/chip_llm/.log/AddTwoBinaryStrings/Dut.cpp:43:26: warning: comparison of integer expressions of different signedness: \u2018int\u2019 and \u2018std::__cxx11::basic_string<char>::size_type\u2019 {aka \u2018long unsigned int\u2019} [-Wsign-compare]\n   43 |         while (index + 1 < res.length() && res[index] == '0')\n      |                ~~~~~~~~~~^~~~~~~~~~~~~~\n[ 40%] Building CXX object CMakeFiles/test-dut.dir/SystemPipeline.cpp.o\n[ 60%] Building CXX object CMakeFiles/test-dut.dir/Testbench.cpp.o\n/home/S113062628/project/chip_llm/.log/AddTwoBinaryStrings/Testbench.cpp: In member function \u2018void Testbench::do_feed()\u2019:\n/home/S113062628/project/chip_llm/.log/AddTwoBinaryStrings/Testbench.cpp:18:22: error: variable \u2018std::ifstream fin\u2019 has initializer but incomplete type\n   18 |     std::ifstream fin(\"testcases.txt\");\n      |                      ^\n/home/S113062628/project/chip_llm/.log/AddTwoBinaryStrings/Testbench.cpp:27:36: error: variable \u2018std::istringstream iss\u2019 has initializer but incomplete type\n   27 |         std::istringstream iss(line);\n      |                                    ^\n/home/S113062628/project/chip_llm/.log/AddTwoBinaryStrings/Testbench.cpp: In member function \u2018void Testbench::do_fetch()\u2019:\n/home/S113062628/project/chip_llm/.log/AddTwoBinaryStrings/Testbench.cpp:65:22: error: variable \u2018std::ifstream fin\u2019 has initializer but incomplete type\n   65 |     std::ifstream fin(\"testcases.txt\");\n      |                      ^\n/home/S113062628/project/chip_llm/.log/AddTwoBinaryStrings/Testbench.cpp:74:36: error: variable \u2018std::istringstream iss\u2019 has initializer but incomplete type\n   74 |         std::istringstream iss(line);\n      |                                    ^\n/home/S113062628/project/chip_llm/.log/AddTwoBinaryStrings/Testbench.cpp:88:26: error: variable \u2018std::ifstream fin\u2019 has initializer but incomplete type\n   88 |         std::ifstream fin(\"golden.txt\");\n      |                          ^\n/home/S113062628/project/chip_llm/.log/AddTwoBinaryStrings/Testbench.cpp:97:40: error: variable \u2018std::istringstream iss\u2019 has initializer but incomplete type\n   97 |             std::istringstream iss(line);\n      |                                        ^\ngmake[2]: *** [CMakeFiles/test-dut.dir/build.make:104: CMakeFiles/test-dut.dir/Testbench.cpp.o] Error 1\ngmake[1]: *** [CMakeFiles/Makefile2:83: CMakeFiles/test-dut.dir/all] Error 2\ngmake: *** [Makefile:91: all] Error 2"
  },
  {
    "name": "AddTwoMatrices",
    "state": "compile_error",
    "error_message": "-- The C compiler identification is GNU 13.3.0\n-- The CXX compiler identification is GNU 13.3.0\n-- Detecting C compiler ABI info\n-- Detecting C compiler ABI info - done\n-- Check for working C compiler: /usr/bin/cc - skipped\n-- Detecting C compile features\n-- Detecting C compile features - done\n-- Detecting CXX compiler ABI info\n-- Detecting CXX compiler ABI info - done\n-- Check for working CXX compiler: /usr/bin/c++ - skipped\n-- Detecting CXX compile features\n-- Detecting CXX compile features - done\n-- Configuring done (0.4s)\n-- Generating done (0.0s)\n-- Build files have been written to: /home/S113062628/project/chip_llm/.log/AddTwoMatrices/build\n[ 20%] Building CXX object CMakeFiles/test-dut.dir/Dut.cpp.o\n[ 40%] Building CXX object CMakeFiles/test-dut.dir/SystemPipeline.cpp.o\n[ 60%] Building CXX object CMakeFiles/test-dut.dir/Testbench.cpp.o\n/home/S113062628/project/chip_llm/.log/AddTwoMatrices/Testbench.cpp: In member function \u2018void Testbench::do_feed()\u2019:\n/home/S113062628/project/chip_llm/.log/AddTwoMatrices/Testbench.cpp:21:22: error: variable \u2018std::ifstream fin\u2019 has initializer but incomplete type\n   21 |     std::ifstream fin(\"testcases.txt\");\n      |                      ^\n/home/S113062628/project/chip_llm/.log/AddTwoMatrices/Testbench.cpp:30:36: error: variable \u2018std::istringstream iss\u2019 has initializer but incomplete type\n   30 |         std::istringstream iss(line);\n      |                                    ^\n/home/S113062628/project/chip_llm/.log/AddTwoMatrices/Testbench.cpp: In member function \u2018void Testbench::do_fetch()\u2019:\n/home/S113062628/project/chip_llm/.log/AddTwoMatrices/Testbench.cpp:81:22: error: variable \u2018std::ifstream fin\u2019 has initializer but incomplete type\n   81 |     std::ifstream fin(\"testcases.txt\");\n      |                      ^\n/home/S113062628/project/chip_llm/.log/AddTwoMatrices/Testbench.cpp:90:36: error: variable \u2018std::istringstream iss\u2019 has initializer but incomplete type\n   90 |         std::istringstream iss(line);\n      |                                    ^\n/home/S113062628/project/chip_llm/.log/AddTwoMatrices/Testbench.cpp:116:26: error: variable \u2018std::ifstream fin\u2019 has initializer but incomplete type\n  116 |         std::ifstream fin(\"golden.txt\");\n      |                          ^\n/home/S113062628/project/chip_llm/.log/AddTwoMatrices/Testbench.cpp:125:40: error: variable \u2018std::istringstream iss\u2019 has initializer but incomplete type\n  125 |             std::istringstream iss(line);\n      |                                        ^\ngmake[2]: *** [CMakeFiles/test-dut.dir/build.make:104: CMakeFiles/test-dut.dir/Testbench.cpp.o] Error 1\ngmake[1]: *** [CMakeFiles/Makefile2:83: CMakeFiles/test-dut.dir/all] Error 2\ngmake: *** [Makefile:91: all] Error 2"
  },
  {
    "name": "ArrayRotation",
    "state": "compile_error",
    "error_message": "-- The C compiler identification is GNU 13.3.0\n-- The CXX compiler identification is GNU 13.3.0\n-- Detecting C compiler ABI info\n-- Detecting C compiler ABI info - done\n-- Check for working C compiler: /usr/bin/cc - skipped\n-- Detecting C compile features\n-- Detecting C compile features - done\n-- Detecting CXX compiler ABI info\n-- Detecting CXX compiler ABI info - done\n-- Check for working CXX compiler: /usr/bin/c++ - skipped\n-- Detecting CXX compile features\n-- Detecting CXX compile features - done\n-- Configuring done (0.4s)\n-- Generating done (0.0s)\n-- Build files have been written to: /home/S113062628/project/chip_llm/.log/ArrayRotation/build\n[ 20%] Building CXX object CMakeFiles/test-dut.dir/Dut.cpp.o\n/home/S113062628/project/chip_llm/.log/ArrayRotation/Dut.cpp: In function \u2018void PrintTheArray(int*, int)\u2019:\n/home/S113062628/project/chip_llm/.log/ArrayRotation/Dut.cpp:24:17: error: \u2018cout\u2019 was not declared in this scope; did you mean \u2018std::cout\u2019?\n   24 |                 cout << arr[i] << \" \";\n      |                 ^~~~\n      |                 std::cout\nIn file included from /usr/include/sysc/kernel/sc_object.h:34,\n                 from /usr/include/sysc/kernel/sc_process.h:35,\n                 from /usr/include/sysc/kernel/sc_module.h:35,\n                 from /usr/include/systemc:74,\n                 from /home/S113062628/project/chip_llm/.log/ArrayRotation/Dut.h:5,\n                 from /home/S113062628/project/chip_llm/.log/ArrayRotation/Dut.cpp:2:\n/usr/include/c++/13/iostream:63:18: note: \u2018std::cout\u2019 declared here\n   63 |   extern ostream cout;          ///< Linked to standard output\n      |                  ^~~~\ngmake[2]: *** [CMakeFiles/test-dut.dir/build.make:76: CMakeFiles/test-dut.dir/Dut.cpp.o] Error 1\ngmake[1]: *** [CMakeFiles/Makefile2:83: CMakeFiles/test-dut.dir/all] Error 2\ngmake: *** [Makefile:91: all] Error 2"
  },
  {
    "name": "BinarytoDecimalConversion",
    "state": "compile_error",
    "error_message": "-- The C compiler identification is GNU 13.3.0\n-- The CXX compiler identification is GNU 13.3.0\n-- Detecting C compiler ABI info\n-- Detecting C compiler ABI info - done\n-- Check for working C compiler: /usr/bin/cc - skipped\n-- Detecting C compile features\n-- Detecting C compile features - done\n-- Detecting CXX compiler ABI info\n-- Detecting CXX compiler ABI info - done\n-- Check for working CXX compiler: /usr/bin/c++ - skipped\n-- Detecting CXX compile features\n-- Detecting CXX compile features - done\n-- Configuring done (0.4s)\n-- Generating done (0.0s)\n-- Build files have been written to: /home/S113062628/project/chip_llm/.log/BinarytoDecimalConversion/build\n[ 20%] Building CXX object CMakeFiles/test-dut.dir/Dut.cpp.o\n[ 40%] Building CXX object CMakeFiles/test-dut.dir/SystemPipeline.cpp.o\n[ 60%] Building CXX object CMakeFiles/test-dut.dir/Testbench.cpp.o\n/home/S113062628/project/chip_llm/.log/BinarytoDecimalConversion/Testbench.cpp: In member function \u2018void Testbench::do_feed()\u2019:\n/home/S113062628/project/chip_llm/.log/BinarytoDecimalConversion/Testbench.cpp:17:22: error: variable \u2018std::ifstream fin\u2019 has initializer but incomplete type\n   17 |     std::ifstream fin(\"testcases.txt\");\n      |                      ^\n/home/S113062628/project/chip_llm/.log/BinarytoDecimalConversion/Testbench.cpp:26:36: error: variable \u2018std::istringstream iss\u2019 has initializer but incomplete type\n   26 |         std::istringstream iss(line);\n      |                                    ^\n/home/S113062628/project/chip_llm/.log/BinarytoDecimalConversion/Testbench.cpp: In member function \u2018void Testbench::do_fetch()\u2019:\n/home/S113062628/project/chip_llm/.log/BinarytoDecimalConversion/Testbench.cpp:53:22: error: variable \u2018std::ifstream fin\u2019 has initializer but incomplete type\n   53 |     std::ifstream fin(\"testcases.txt\");\n      |                      ^\n/home/S113062628/project/chip_llm/.log/BinarytoDecimalConversion/Testbench.cpp:62:36: error: variable \u2018std::istringstream iss\u2019 has initializer but incomplete type\n   62 |         std::istringstream iss(line);\n      |                                    ^\n/home/S113062628/project/chip_llm/.log/BinarytoDecimalConversion/Testbench.cpp:74:26: error: variable \u2018std::ifstream fin\u2019 has initializer but incomplete type\n   74 |         std::ifstream fin(\"golden.txt\");\n      |                          ^\n/home/S113062628/project/chip_llm/.log/BinarytoDecimalConversion/Testbench.cpp:83:40: error: variable \u2018std::istringstream iss\u2019 has initializer but incomplete type\n   83 |             std::istringstream iss(line);\n      |                                        ^\ngmake[2]: *** [CMakeFiles/test-dut.dir/build.make:104: CMakeFiles/test-dut.dir/Testbench.cpp.o] Error 1\ngmake[1]: *** [CMakeFiles/Makefile2:83: CMakeFiles/test-dut.dir/all] Error 2\ngmake: *** [Makefile:91: all] Error 2"
  },
  {
    "name": "CheckWhetheraNumberCanbeExpressedasSumofTwoPrimeNumbers",
    "state": "compile_error",
    "error_message": "-- The C compiler identification is GNU 13.3.0\n-- The CXX compiler identification is GNU 13.3.0\n-- Detecting C compiler ABI info\n-- Detecting C compiler ABI info - done\n-- Check for working C compiler: /usr/bin/cc - skipped\n-- Detecting C compile features\n-- Detecting C compile features - done\n-- Detecting CXX compiler ABI info\n-- Detecting CXX compiler ABI info - done\n-- Check for working CXX compiler: /usr/bin/c++ - skipped\n-- Detecting CXX compile features\n-- Detecting CXX compile features - done\n-- Configuring done (0.4s)\n-- Generating done (0.0s)\n-- Build files have been written to: /home/S113062628/project/chip_llm/.log/CheckWhetheraNumberCanbeExpressedasSumofTwoPrimeNumbers/build\n[ 20%] Building CXX object CMakeFiles/test-dut.dir/Dut.cpp.o\n[ 40%] Building CXX object CMakeFiles/test-dut.dir/SystemPipeline.cpp.o\n/home/S113062628/project/chip_llm/.log/CheckWhetheraNumberCanbeExpressedasSumofTwoPrimeNumbers/SystemPipeline.cpp: In constructor \u2018SystemPipeline::SystemPipeline(sc_core::sc_module_name)\u2019:\n/home/S113062628/project/chip_llm/.log/CheckWhetheraNumberCanbeExpressedasSumofTwoPrimeNumbers/SystemPipeline.cpp:14:15: error: no match for call to \u2018(sc_core::sc_fifo_out<int>) (sc_core::sc_fifo_in<int>&)\u2019\n   14 |     tb.o_input(dut.i_input);\n      |     ~~~~~~~~~~^~~~~~~~~~~~~\nIn file included from /usr/include/sysc/communication/sc_signal.h:32,\n                 from /usr/include/sysc/communication/sc_buffer.h:34,\n                 from /usr/include/systemc:79,\n                 from /home/S113062628/project/chip_llm/.log/CheckWhetheraNumberCanbeExpressedasSumofTwoPrimeNumbers/SystemPipeline.h:4,\n                 from /home/S113062628/project/chip_llm/.log/CheckWhetheraNumberCanbeExpressedasSumofTwoPrimeNumbers/SystemPipeline.cpp:1:\n/usr/include/sysc/communication/sc_port.h:297:10: note: candidate: \u2018void sc_core::sc_port_b<IF>::operator()(port_type&) [with IF = sc_core::sc_fifo_out_if<int>; port_type = sc_core::sc_port_b<sc_core::sc_fifo_out_if<int> >]\u2019\n  297 |     void operator () ( port_type& parent_ )\n      |          ^~~~~~~~\n/usr/include/sysc/communication/sc_port.h:297:35: note:   no known conversion for argument 1 from \u2018sc_core::sc_fifo_in<int>\u2019 to \u2018sc_core::sc_port_b<sc_core::sc_fifo_out_if<int> >::port_type&\u2019 {aka \u2018sc_core::sc_port_b<sc_core::sc_fifo_out_if<int> >&\u2019}\n  297 |     void operator () ( port_type& parent_ )\n      |                        ~~~~~~~~~~~^~~~~~~\n/usr/include/sysc/communication/sc_port.h:288:10: note: candidate: \u2018void sc_core::sc_port_b<IF>::operator()(IF&) [with IF = sc_core::sc_fifo_out_if<int>]\u2019\n  288 |     void operator () ( IF& interface_ )\n      |          ^~~~~~~~\n/usr/include/sysc/communication/sc_port.h:288:28: note:   no known conversion for argument 1 from \u2018sc_core::sc_fifo_in<int>\u2019 to \u2018sc_core::sc_fifo_out_if<int>&\u2019\n  288 |     void operator () ( IF& interface_ )\n      |                        ~~~~^~~~~~~~~~\n/home/S113062628/project/chip_llm/.log/CheckWhetheraNumberCanbeExpressedasSumofTwoPrimeNumbers/SystemPipeline.cpp:15:16: error: no match for call to \u2018(sc_core::sc_fifo_in<bool>) (sc_core::sc_fifo_out<bool>&)\u2019\n   15 |     tb.i_output(dut.o_output);\n      |     ~~~~~~~~~~~^~~~~~~~~~~~~~\n/usr/include/sysc/communication/sc_port.h:297:10: note: candidate: \u2018void sc_core::sc_port_b<IF>::operator()(port_type&) [with IF = sc_core::sc_fifo_in_if<bool>; port_type = sc_core::sc_port_b<sc_core::sc_fifo_in_if<bool> >]\u2019\n  297 |     void operator () ( port_type& parent_ )\n      |          ^~~~~~~~\n/usr/include/sysc/communication/sc_port.h:297:35: note:   no known conversion for argument 1 from \u2018sc_core::sc_fifo_out<bool>\u2019 to \u2018sc_core::sc_port_b<sc_core::sc_fifo_in_if<bool> >::port_type&\u2019 {aka \u2018sc_core::sc_port_b<sc_core::sc_fifo_in_if<bool> >&\u2019}\n  297 |     void operator () ( port_type& parent_ )\n      |                        ~~~~~~~~~~~^~~~~~~\n/usr/include/sysc/communication/sc_port.h:288:10: note: candidate: \u2018void sc_core::sc_port_b<IF>::operator()(IF&) [with IF = sc_core::sc_fifo_in_if<bool>]\u2019\n  288 |     void operator () ( IF& interface_ )\n      |          ^~~~~~~~\n/usr/include/sysc/communication/sc_port.h:288:28: note:   no known conversion for argument 1 from \u2018sc_core::sc_fifo_out<bool>\u2019 to \u2018sc_core::sc_fifo_in_if<bool>&\u2019\n  288 |     void operator () ( IF& interface_ )\n      |                        ~~~~^~~~~~~~~~\ngmake[2]: *** [CMakeFiles/test-dut.dir/build.make:90: CMakeFiles/test-dut.dir/SystemPipeline.cpp.o] Error 1\ngmake[1]: *** [CMakeFiles/Makefile2:83: CMakeFiles/test-dut.dir/all] Error 2\ngmake: *** [Makefile:91: all] Error 2"
  },
  {
    "name": "CheckWhetheraNumberisPrimeorNot",
    "state": "compile_error",
    "error_message": "-- The C compiler identification is GNU 13.3.0\n-- The CXX compiler identification is GNU 13.3.0\n-- Detecting C compiler ABI info\n-- Detecting C compiler ABI info - done\n-- Check for working C compiler: /usr/bin/cc - skipped\n-- Detecting C compile features\n-- Detecting C compile features - done\n-- Detecting CXX compiler ABI info\n-- Detecting CXX compiler ABI info - done\n-- Check for working CXX compiler: /usr/bin/c++ - skipped\n-- Detecting CXX compile features\n-- Detecting CXX compile features - done\n-- Configuring done (0.4s)\n-- Generating done (0.0s)\n-- Build files have been written to: /home/S113062628/project/chip_llm/.log/CheckWhetheraNumberisPrimeorNot/build\n[ 20%] Building CXX object CMakeFiles/test-dut.dir/Dut.cpp.o\n[ 40%] Building CXX object CMakeFiles/test-dut.dir/SystemPipeline.cpp.o\n[ 60%] Building CXX object CMakeFiles/test-dut.dir/Testbench.cpp.o\n/home/S113062628/project/chip_llm/.log/CheckWhetheraNumberisPrimeorNot/Testbench.cpp: In member function \u2018void Testbench::do_feed()\u2019:\n/home/S113062628/project/chip_llm/.log/CheckWhetheraNumberisPrimeorNot/Testbench.cpp:18:22: error: variable \u2018std::ifstream fin\u2019 has initializer but incomplete type\n   18 |     std::ifstream fin(\"testcases.txt\");\n      |                      ^\n/home/S113062628/project/chip_llm/.log/CheckWhetheraNumberisPrimeorNot/Testbench.cpp:27:36: error: variable \u2018std::istringstream iss\u2019 has initializer but incomplete type\n   27 |         std::istringstream iss(line);\n      |                                    ^\n/home/S113062628/project/chip_llm/.log/CheckWhetheraNumberisPrimeorNot/Testbench.cpp: In member function \u2018void Testbench::do_fetch()\u2019:\n/home/S113062628/project/chip_llm/.log/CheckWhetheraNumberisPrimeorNot/Testbench.cpp:63:22: error: variable \u2018std::ifstream fin\u2019 has initializer but incomplete type\n   63 |     std::ifstream fin(\"testcases.txt\");\n      |                      ^\n/home/S113062628/project/chip_llm/.log/CheckWhetheraNumberisPrimeorNot/Testbench.cpp:72:36: error: variable \u2018std::istringstream iss\u2019 has initializer but incomplete type\n   72 |         std::istringstream iss(line);\n      |                                    ^\n/home/S113062628/project/chip_llm/.log/CheckWhetheraNumberisPrimeorNot/Testbench.cpp:86:26: error: variable \u2018std::ifstream fin\u2019 has initializer but incomplete type\n   86 |         std::ifstream fin(\"golden.txt\");\n      |                          ^\n/home/S113062628/project/chip_llm/.log/CheckWhetheraNumberisPrimeorNot/Testbench.cpp:95:40: error: variable \u2018std::istringstream iss\u2019 has initializer but incomplete type\n   95 |             std::istringstream iss(line);\n      |                                        ^\ngmake[2]: *** [CMakeFiles/test-dut.dir/build.make:104: CMakeFiles/test-dut.dir/Testbench.cpp.o] Error 1\ngmake[1]: *** [CMakeFiles/Makefile2:83: CMakeFiles/test-dut.dir/all] Error 2\ngmake: *** [Makefile:91: all] Error 2"
  },
  {
    "name": "CopyAlltheElementsofOneArraytoAnotherintheReverseOrder",
    "state": "format_error",
    "error_message": "Project directory is empty \u2013 likely extraction/formatting failure."
  },
  {
    "name": "FFT",
    "state": "format_error",
    "error_message": "Project directory is empty \u2013 likely extraction/formatting failure."
  },
  {
    "name": "FibonacciNumber",
    "state": "compile_error",
    "error_message": "-- The C compiler identification is GNU 13.3.0\n-- The CXX compiler identification is GNU 13.3.0\n-- Detecting C compiler ABI info\n-- Detecting C compiler ABI info - done\n-- Check for working C compiler: /usr/bin/cc - skipped\n-- Detecting C compile features\n-- Detecting C compile features - done\n-- Detecting CXX compiler ABI info\n-- Detecting CXX compiler ABI info - done\n-- Check for working CXX compiler: /usr/bin/c++ - skipped\n-- Detecting CXX compile features\n-- Detecting CXX compile features - done\n-- Configuring done (0.4s)\n-- Generating done (0.0s)\n-- Build files have been written to: /home/S113062628/project/chip_llm/.log/FibonacciNumber/build\n[ 20%] Building CXX object CMakeFiles/test-dut.dir/Dut.cpp.o\n[ 40%] Building CXX object CMakeFiles/test-dut.dir/SystemPipeline.cpp.o\n[ 60%] Building CXX object CMakeFiles/test-dut.dir/Testbench.cpp.o\n/home/S113062628/project/chip_llm/.log/FibonacciNumber/Testbench.cpp: In member function \u2018void Testbench::do_feed()\u2019:\n/home/S113062628/project/chip_llm/.log/FibonacciNumber/Testbench.cpp:17:22: error: variable \u2018std::ifstream fin\u2019 has initializer but incomplete type\n   17 |     std::ifstream fin(\"testcases.txt\");\n      |                      ^\n/home/S113062628/project/chip_llm/.log/FibonacciNumber/Testbench.cpp:26:36: error: variable \u2018std::istringstream iss\u2019 has initializer but incomplete type\n   26 |         std::istringstream iss(line);\n      |                                    ^\n/home/S113062628/project/chip_llm/.log/FibonacciNumber/Testbench.cpp: In member function \u2018void Testbench::do_fetch()\u2019:\n/home/S113062628/project/chip_llm/.log/FibonacciNumber/Testbench.cpp:62:22: error: variable \u2018std::ifstream fin\u2019 has initializer but incomplete type\n   62 |     std::ifstream fin(\"testcases.txt\");\n      |                      ^\n/home/S113062628/project/chip_llm/.log/FibonacciNumber/Testbench.cpp:71:36: error: variable \u2018std::istringstream iss\u2019 has initializer but incomplete type\n   71 |         std::istringstream iss(line);\n      |                                    ^\n/home/S113062628/project/chip_llm/.log/FibonacciNumber/Testbench.cpp:85:26: error: variable \u2018std::ifstream fin\u2019 has initializer but incomplete type\n   85 |         std::ifstream fin(\"golden.txt\");\n      |                          ^\n/home/S113062628/project/chip_llm/.log/FibonacciNumber/Testbench.cpp:94:40: error: variable \u2018std::istringstream iss\u2019 has initializer but incomplete type\n   94 |             std::istringstream iss(line);\n      |                                        ^\ngmake[2]: *** [CMakeFiles/test-dut.dir/build.make:104: CMakeFiles/test-dut.dir/Testbench.cpp.o] Error 1\ngmake[1]: *** [CMakeFiles/Makefile2:83: CMakeFiles/test-dut.dir/all] Error 2\ngmake: *** [Makefile:91: all] Error 2"
  },
  {
    "name": "FindFactorialofaNumber",
    "state": "compile_error",
    "error_message": "-- The C compiler identification is GNU 13.3.0\n-- The CXX compiler identification is GNU 13.3.0\n-- Detecting C compiler ABI info\n-- Detecting C compiler ABI info - done\n-- Check for working C compiler: /usr/bin/cc - skipped\n-- Detecting C compile features\n-- Detecting C compile features - done\n-- Detecting CXX compiler ABI info\n-- Detecting CXX compiler ABI info - done\n-- Check for working CXX compiler: /usr/bin/c++ - skipped\n-- Detecting CXX compile features\n-- Detecting CXX compile features - done\n-- Configuring done (0.4s)\n-- Generating done (0.0s)\n-- Build files have been written to: /home/S113062628/project/chip_llm/.log/FindFactorialofaNumber/build\n[ 20%] Building CXX object CMakeFiles/test-dut.dir/Dut.cpp.o\n/home/S113062628/project/chip_llm/.log/FindFactorialofaNumber/Dut.cpp: In function \u2018unsigned int factorial(unsigned int)\u2019:\n/home/S113062628/project/chip_llm/.log/FindFactorialofaNumber/Dut.cpp:7:23: warning: comparison of integer expressions of different signedness: \u2018int\u2019 and \u2018unsigned int\u2019 [-Wsign-compare]\n    7 |         for (i = 2; i <= n; i++)\n      |                     ~~^~~~\n[ 40%] Building CXX object CMakeFiles/test-dut.dir/SystemPipeline.cpp.o\n[ 60%] Building CXX object CMakeFiles/test-dut.dir/Testbench.cpp.o\n/home/S113062628/project/chip_llm/.log/FindFactorialofaNumber/Testbench.cpp: In member function \u2018void Testbench::do_feed()\u2019:\n/home/S113062628/project/chip_llm/.log/FindFactorialofaNumber/Testbench.cpp:17:22: error: variable \u2018std::ifstream fin\u2019 has initializer but incomplete type\n   17 |     std::ifstream fin(\"testcases.txt\");\n      |                      ^\n/home/S113062628/project/chip_llm/.log/FindFactorialofaNumber/Testbench.cpp:26:36: error: variable \u2018std::istringstream iss\u2019 has initializer but incomplete type\n   26 |         std::istringstream iss(line);\n      |                                    ^\n/home/S113062628/project/chip_llm/.log/FindFactorialofaNumber/Testbench.cpp: In member function \u2018void Testbench::do_fetch()\u2019:\n/home/S113062628/project/chip_llm/.log/FindFactorialofaNumber/Testbench.cpp:53:22: error: variable \u2018std::ifstream fin\u2019 has initializer but incomplete type\n   53 |     std::ifstream fin(\"testcases.txt\");\n      |                      ^\n/home/S113062628/project/chip_llm/.log/FindFactorialofaNumber/Testbench.cpp:62:36: error: variable \u2018std::istringstream iss\u2019 has initializer but incomplete type\n   62 |         std::istringstream iss(line);\n      |                                    ^\n/home/S113062628/project/chip_llm/.log/FindFactorialofaNumber/Testbench.cpp:74:26: error: variable \u2018std::ifstream fin\u2019 has initializer but incomplete type\n   74 |         std::ifstream fin(\"golden.txt\");\n      |                          ^\n/home/S113062628/project/chip_llm/.log/FindFactorialofaNumber/Testbench.cpp:83:40: error: variable \u2018std::istringstream iss\u2019 has initializer but incomplete type\n   83 |             std::istringstream iss(line);\n      |                                        ^\ngmake[2]: *** [CMakeFiles/test-dut.dir/build.make:104: CMakeFiles/test-dut.dir/Testbench.cpp.o] Error 1\ngmake[1]: *** [CMakeFiles/Makefile2:83: CMakeFiles/test-dut.dir/all] Error 2\ngmake: *** [Makefile:91: all] Error 2"
  },
  {
    "name": "FindGCD",
    "state": "compile_error",
    "error_message": "-- The C compiler identification is GNU 13.3.0\n-- The CXX compiler identification is GNU 13.3.0\n-- Detecting C compiler ABI info\n-- Detecting C compiler ABI info - done\n-- Check for working C compiler: /usr/bin/cc - skipped\n-- Detecting C compile features\n-- Detecting C compile features - done\n-- Detecting CXX compiler ABI info\n-- Detecting CXX compiler ABI info - done\n-- Check for working CXX compiler: /usr/bin/c++ - skipped\n-- Detecting CXX compile features\n-- Detecting CXX compile features - done\n-- Configuring done (0.4s)\n-- Generating done (0.0s)\n-- Build files have been written to: /home/S113062628/project/chip_llm/.log/FindGCD/build\n[ 20%] Building CXX object CMakeFiles/test-dut.dir/Dut.cpp.o\n[ 40%] Building CXX object CMakeFiles/test-dut.dir/SystemPipeline.cpp.o\n[ 60%] Building CXX object CMakeFiles/test-dut.dir/Testbench.cpp.o\n/home/S113062628/project/chip_llm/.log/FindGCD/Testbench.cpp: In member function \u2018void Testbench::do_feed()\u2019:\n/home/S113062628/project/chip_llm/.log/FindGCD/Testbench.cpp:18:22: error: variable \u2018std::ifstream fin\u2019 has initializer but incomplete type\n   18 |     std::ifstream fin(\"testcases.txt\");\n      |                      ^\n/home/S113062628/project/chip_llm/.log/FindGCD/Testbench.cpp:27:36: error: variable \u2018std::istringstream iss\u2019 has initializer but incomplete type\n   27 |         std::istringstream iss(line);\n      |                                    ^\n/home/S113062628/project/chip_llm/.log/FindGCD/Testbench.cpp: In member function \u2018void Testbench::do_fetch()\u2019:\n/home/S113062628/project/chip_llm/.log/FindGCD/Testbench.cpp:65:22: error: variable \u2018std::ifstream fin\u2019 has initializer but incomplete type\n   65 |     std::ifstream fin(\"testcases.txt\");\n      |                      ^\n/home/S113062628/project/chip_llm/.log/FindGCD/Testbench.cpp:74:36: error: variable \u2018std::istringstream iss\u2019 has initializer but incomplete type\n   74 |         std::istringstream iss(line);\n      |                                    ^\n/home/S113062628/project/chip_llm/.log/FindGCD/Testbench.cpp:88:26: error: variable \u2018std::ifstream fin\u2019 has initializer but incomplete type\n   88 |         std::ifstream fin(\"golden.txt\");\n      |                          ^\n/home/S113062628/project/chip_llm/.log/FindGCD/Testbench.cpp:97:40: error: variable \u2018std::istringstream iss\u2019 has initializer but incomplete type\n   97 |             std::istringstream iss(line);\n      |                                        ^\ngmake[2]: *** [CMakeFiles/test-dut.dir/build.make:104: CMakeFiles/test-dut.dir/Testbench.cpp.o] Error 1\ngmake[1]: *** [CMakeFiles/Makefile2:83: CMakeFiles/test-dut.dir/all] Error 2\ngmake: *** [Makefile:91: all] Error 2"
  },
  {
    "name": "FindLCM",
    "state": "compile_error",
    "error_message": "-- The C compiler identification is GNU 13.3.0\n-- The CXX compiler identification is GNU 13.3.0\n-- Detecting C compiler ABI info\n-- Detecting C compiler ABI info - done\n-- Check for working C compiler: /usr/bin/cc - skipped\n-- Detecting C compile features\n-- Detecting C compile features - done\n-- Detecting CXX compiler ABI info\n-- Detecting CXX compiler ABI info - done\n-- Check for working CXX compiler: /usr/bin/c++ - skipped\n-- Detecting CXX compile features\n-- Detecting CXX compile features - done\n-- Configuring done (0.4s)\n-- Generating done (0.0s)\n-- Build files have been written to: /home/S113062628/project/chip_llm/.log/FindLCM/build\n[ 20%] Building CXX object CMakeFiles/test-dut.dir/Dut.cpp.o\n[ 40%] Building CXX object CMakeFiles/test-dut.dir/SystemPipeline.cpp.o\n/home/S113062628/project/chip_llm/.log/FindLCM/SystemPipeline.cpp: In constructor \u2018SystemPipeline::SystemPipeline(sc_core::sc_module_name)\u2019:\n/home/S113062628/project/chip_llm/.log/FindLCM/SystemPipeline.cpp:20:9: error: \u2018class Dut\u2019 has no member named \u2018o_result\u2019\n   20 |     dut.o_result(channel_result);\n      |         ^~~~~~~~\ngmake[2]: *** [CMakeFiles/test-dut.dir/build.make:90: CMakeFiles/test-dut.dir/SystemPipeline.cpp.o] Error 1\ngmake[1]: *** [CMakeFiles/Makefile2:83: CMakeFiles/test-dut.dir/all] Error 2\ngmake: *** [Makefile:91: all] Error 2"
  },
  {
    "name": "FindPowerWithoutUsingMultiplicationAndDivisionOperators",
    "state": "compile_error",
    "error_message": "-- The C compiler identification is GNU 13.3.0\n-- The CXX compiler identification is GNU 13.3.0\n-- Detecting C compiler ABI info\n-- Detecting C compiler ABI info - done\n-- Check for working C compiler: /usr/bin/cc - skipped\n-- Detecting C compile features\n-- Detecting C compile features - done\n-- Detecting CXX compiler ABI info\n-- Detecting CXX compiler ABI info - done\n-- Check for working CXX compiler: /usr/bin/c++ - skipped\n-- Detecting CXX compile features\n-- Detecting CXX compile features - done\n-- Configuring done (0.4s)\n-- Generating done (0.0s)\n-- Build files have been written to: /home/S113062628/project/chip_llm/.log/FindPowerWithoutUsingMultiplicationAndDivisionOperators/build\n[ 20%] Building CXX object CMakeFiles/test-dut.dir/Dut.cpp.o\n[ 40%] Building CXX object CMakeFiles/test-dut.dir/SystemPipeline.cpp.o\n[ 60%] Building CXX object CMakeFiles/test-dut.dir/Testbench.cpp.o\n/home/S113062628/project/chip_llm/.log/FindPowerWithoutUsingMultiplicationAndDivisionOperators/Testbench.cpp: In member function \u2018void Testbench::do_feed()\u2019:\n/home/S113062628/project/chip_llm/.log/FindPowerWithoutUsingMultiplicationAndDivisionOperators/Testbench.cpp:18:22: error: variable \u2018std::ifstream fin\u2019 has initializer but incomplete type\n   18 |     std::ifstream fin(\"testcases.txt\");\n      |                      ^\n/home/S113062628/project/chip_llm/.log/FindPowerWithoutUsingMultiplicationAndDivisionOperators/Testbench.cpp:27:36: error: variable \u2018std::istringstream iss\u2019 has initializer but incomplete type\n   27 |         std::istringstream iss(line);\n      |                                    ^\n/home/S113062628/project/chip_llm/.log/FindPowerWithoutUsingMultiplicationAndDivisionOperators/Testbench.cpp: In member function \u2018void Testbench::do_fetch()\u2019:\n/home/S113062628/project/chip_llm/.log/FindPowerWithoutUsingMultiplicationAndDivisionOperators/Testbench.cpp:65:22: error: variable \u2018std::ifstream fin\u2019 has initializer but incomplete type\n   65 |     std::ifstream fin(\"testcases.txt\");\n      |                      ^\n/home/S113062628/project/chip_llm/.log/FindPowerWithoutUsingMultiplicationAndDivisionOperators/Testbench.cpp:74:36: error: variable \u2018std::istringstream iss\u2019 has initializer but incomplete type\n   74 |         std::istringstream iss(line);\n      |                                    ^\n/home/S113062628/project/chip_llm/.log/FindPowerWithoutUsingMultiplicationAndDivisionOperators/Testbench.cpp:88:26: error: variable \u2018std::ifstream fin\u2019 has initializer but incomplete type\n   88 |         std::ifstream fin(\"golden.txt\");\n      |                          ^\n/home/S113062628/project/chip_llm/.log/FindPowerWithoutUsingMultiplicationAndDivisionOperators/Testbench.cpp:97:40: error: variable \u2018std::istringstream iss\u2019 has initializer but incomplete type\n   97 |             std::istringstream iss(line);\n      |                                        ^\ngmake[2]: *** [CMakeFiles/test-dut.dir/build.make:104: CMakeFiles/test-dut.dir/Testbench.cpp.o] Error 1\ngmake[1]: *** [CMakeFiles/Makefile2:83: CMakeFiles/test-dut.dir/all] Error 2\ngmake: *** [Makefile:91: all] Error 2"
  },
  {
    "name": "FindtheDeterminantofaMatrix",
    "state": "format_error",
    "error_message": "Project directory is empty \u2013 likely extraction/formatting failure."
  },
  {
    "name": "Gaussian_Blur",
    "state": "compile_error",
    "error_message": "-- The C compiler identification is GNU 13.3.0\n-- The CXX compiler identification is GNU 13.3.0\n-- Detecting C compiler ABI info\n-- Detecting C compiler ABI info - done\n-- Check for working C compiler: /usr/bin/cc - skipped\n-- Detecting C compile features\n-- Detecting C compile features - done\n-- Detecting CXX compiler ABI info\n-- Detecting CXX compiler ABI info - done\n-- Check for working CXX compiler: /usr/bin/c++ - skipped\n-- Detecting CXX compile features\n-- Detecting CXX compile features - done\n-- Configuring done (0.4s)\n-- Generating done (0.0s)\n-- Build files have been written to: /home/S113062628/project/chip_llm/.log/Gaussian_Blur/build\n[ 20%] Building CXX object CMakeFiles/test-dut.dir/Dut.cpp.o\n[ 40%] Building CXX object CMakeFiles/test-dut.dir/SystemPipeline.cpp.o\n[ 60%] Building CXX object CMakeFiles/test-dut.dir/Testbench.cpp.o\n/home/S113062628/project/chip_llm/.log/Gaussian_Blur/Testbench.cpp: In member function \u2018void Testbench::do_feed()\u2019:\n/home/S113062628/project/chip_llm/.log/Gaussian_Blur/Testbench.cpp:16:22: error: variable \u2018std::ifstream fin\u2019 has initializer but incomplete type\n   16 |     std::ifstream fin(\"input.txt\");\n      |                      ^\n/home/S113062628/project/chip_llm/.log/Gaussian_Blur/Testbench.cpp: In member function \u2018void Testbench::do_fetch()\u2019:\n/home/S113062628/project/chip_llm/.log/Gaussian_Blur/Testbench.cpp:36:22: error: variable \u2018std::ifstream fin\u2019 has initializer but incomplete type\n   36 |     std::ifstream fin(\"golden.txt\");\n      |                      ^\ngmake[2]: *** [CMakeFiles/test-dut.dir/build.make:104: CMakeFiles/test-dut.dir/Testbench.cpp.o] Error 1\ngmake[1]: *** [CMakeFiles/Makefile2:83: CMakeFiles/test-dut.dir/all] Error 2\ngmake: *** [Makefile:91: all] Error 2"
  },
  {
    "name": "InterchangeElementsofFirstAndLastRowsinMatrix",
    "state": "format_error",
    "error_message": "Project directory is empty \u2013 likely extraction/formatting failure."
  },
  {
    "name": "KNN",
    "state": "compile_error",
    "error_message": "-- The C compiler identification is GNU 13.3.0\n-- The CXX compiler identification is GNU 13.3.0\n-- Detecting C compiler ABI info\n-- Detecting C compiler ABI info - done\n-- Check for working C compiler: /usr/bin/cc - skipped\n-- Detecting C compile features\n-- Detecting C compile features - done\n-- Detecting CXX compiler ABI info\n-- Detecting CXX compiler ABI info - done\n-- Check for working CXX compiler: /usr/bin/c++ - skipped\n-- Detecting CXX compile features\n-- Detecting CXX compile features - done\n-- Configuring done (0.4s)\n-- Generating done (0.0s)\n-- Build files have been written to: /home/S113062628/project/chip_llm/.log/KNN/build\n[ 20%] Building CXX object CMakeFiles/test-dut.dir/Dut.cpp.o\n/home/S113062628/project/chip_llm/.log/KNN/Dut.cpp: In function \u2018int knn(const double (*)[3], const int*, int, const double*)\u2019:\n/home/S113062628/project/chip_llm/.log/KNN/Dut.cpp:33:13: warning: \u2018idx\u2019 may be used uninitialized [-Wmaybe-uninitialized]\n   33 |         int tmpIdx = idx[i];   idx[i]   = idx[min_j];   idx[min_j]   = tmpIdx;\n      |             ^~~~~~\n/home/S113062628/project/chip_llm/.log/KNN/Dut.cpp:10:9: note: \u2018idx\u2019 declared here\n   10 |     int idx[NUM_TRAIN];\n      |         ^~~\n[ 40%] Building CXX object CMakeFiles/test-dut.dir/SystemPipeline.cpp.o\n[ 60%] Building CXX object CMakeFiles/test-dut.dir/Testbench.cpp.o\n/home/S113062628/project/chip_llm/.log/KNN/Testbench.cpp: In member function \u2018void Testbench::do_feed()\u2019:\n/home/S113062628/project/chip_llm/.log/KNN/Testbench.cpp:22:22: error: \u2018NUM_TRAIN\u2019 was not declared in this scope\n   22 |         double train[NUM_TRAIN][DIM];\n      |                      ^~~~~~~~~\n/home/S113062628/project/chip_llm/.log/KNN/Testbench.cpp:22:33: error: \u2018DIM\u2019 was not declared in this scope\n   22 |         double train[NUM_TRAIN][DIM];\n      |                                 ^~~\n/home/S113062628/project/chip_llm/.log/KNN/Testbench.cpp:41:33: error: \u2018struct Testbench::do_feed()::TestCase\u2019 has no member named \u2018train\u2019\n   41 |                 if (!(iss >> tc.train[i][d])) {\n      |                                 ^~~~~\n/home/S113062628/project/chip_llm/.log/KNN/Testbench.cpp:46:29: error: \u2018struct Testbench::do_feed()::TestCase\u2019 has no member named \u2018labels\u2019\n   46 |             if (!(iss >> tc.labels[i])) {\n      |                             ^~~~~~\n/home/S113062628/project/chip_llm/.log/KNN/Testbench.cpp:52:29: error: \u2018struct Testbench::do_feed()::TestCase\u2019 has no member named \u2018query_point\u2019\n   52 |             if (!(iss >> tc.query_point[d])) {\n      |                             ^~~~~~~~~~~\n/home/S113062628/project/chip_llm/.log/KNN/Testbench.cpp:76:34: error: \u2018struct Testbench::do_feed()::TestCase\u2019 has no member named \u2018train\u2019\n   76 |                 o_train.write(tc.train[i][d]);\n      |                                  ^~~~~\n/home/S113062628/project/chip_llm/.log/KNN/Testbench.cpp:78:31: error: \u2018struct Testbench::do_feed()::TestCase\u2019 has no member named \u2018labels\u2019\n   78 |             o_labels.write(tc.labels[i]);\n      |                               ^~~~~~\n/home/S113062628/project/chip_llm/.log/KNN/Testbench.cpp:81:36: error: \u2018struct Testbench::do_feed()::TestCase\u2019 has no member named \u2018query_point\u2019\n   81 |             o_query_point.write(tc.query_point[d]);\n      |                                    ^~~~~~~~~~~\ngmake[2]: *** [CMakeFiles/test-dut.dir/build.make:104: CMakeFiles/test-dut.dir/Testbench.cpp.o] Error 1\ngmake[1]: *** [CMakeFiles/Makefile2:83: CMakeFiles/test-dut.dir/all] Error 2\ngmake: *** [Makefile:91: all] Error 2"
  },
  {
    "name": "MLP_FF",
    "state": "compile_error",
    "error_message": "-- The C compiler identification is GNU 13.3.0\n-- The CXX compiler identification is GNU 13.3.0\n-- Detecting C compiler ABI info\n-- Detecting C compiler ABI info - done\n-- Check for working C compiler: /usr/bin/cc - skipped\n-- Detecting C compile features\n-- Detecting C compile features - done\n-- Detecting CXX compiler ABI info\n-- Detecting CXX compiler ABI info - done\n-- Check for working CXX compiler: /usr/bin/c++ - skipped\n-- Detecting CXX compile features\n-- Detecting CXX compile features - done\n-- Configuring done (0.4s)\n-- Generating done (0.0s)\n-- Build files have been written to: /home/S113062628/project/chip_llm/.log/MLP_FF/build\n[ 20%] Building CXX object CMakeFiles/test-dut.dir/Dut.cpp.o\n[ 40%] Building CXX object CMakeFiles/test-dut.dir/SystemPipeline.cpp.o\n[ 60%] Building CXX object CMakeFiles/test-dut.dir/Testbench.cpp.o\n/home/S113062628/project/chip_llm/.log/MLP_FF/Testbench.cpp: In member function \u2018void Testbench::do_feed()\u2019:\n/home/S113062628/project/chip_llm/.log/MLP_FF/Testbench.cpp:24:22: error: variable \u2018std::ifstream fin\u2019 has initializer but incomplete type\n   24 |     std::ifstream fin(\"testcases.txt\");\n      |                      ^\n/home/S113062628/project/chip_llm/.log/MLP_FF/Testbench.cpp:33:36: error: variable \u2018std::istringstream iss\u2019 has initializer but incomplete type\n   33 |         std::istringstream iss(line);\n      |                                    ^\n/home/S113062628/project/chip_llm/.log/MLP_FF/Testbench.cpp: In member function \u2018void Testbench::do_fetch()\u2019:\n/home/S113062628/project/chip_llm/.log/MLP_FF/Testbench.cpp:108:22: error: variable \u2018std::ifstream fin\u2019 has initializer but incomplete type\n  108 |     std::ifstream fin(\"testcases.txt\");\n      |                      ^\n/home/S113062628/project/chip_llm/.log/MLP_FF/Testbench.cpp:117:36: error: variable \u2018std::istringstream iss\u2019 has initializer but incomplete type\n  117 |         std::istringstream iss(line);\n      |                                    ^\n/home/S113062628/project/chip_llm/.log/MLP_FF/Testbench.cpp:155:26: error: variable \u2018std::ifstream fin\u2019 has initializer but incomplete type\n  155 |         std::ifstream fin(\"golden.txt\");\n      |                          ^\n/home/S113062628/project/chip_llm/.log/MLP_FF/Testbench.cpp:164:40: error: variable \u2018std::istringstream iss\u2019 has initializer but incomplete type\n  164 |             std::istringstream iss(line);\n      |                                        ^\ngmake[2]: *** [CMakeFiles/test-dut.dir/build.make:104: CMakeFiles/test-dut.dir/Testbench.cpp.o] Error 1\ngmake[1]: *** [CMakeFiles/Makefile2:83: CMakeFiles/test-dut.dir/all] Error 2\ngmake: *** [Makefile:91: all] Error 2"
  },
  {
    "name": "Max_Pooling",
    "state": "compile_error",
    "error_message": "-- The C compiler identification is GNU 13.3.0\n-- The CXX compiler identification is GNU 13.3.0\n-- Detecting C compiler ABI info\n-- Detecting C compiler ABI info - done\n-- Check for working C compiler: /usr/bin/cc - skipped\n-- Detecting C compile features\n-- Detecting C compile features - done\n-- Detecting CXX compiler ABI info\n-- Detecting CXX compiler ABI info - done\n-- Check for working CXX compiler: /usr/bin/c++ - skipped\n-- Detecting CXX compile features\n-- Detecting CXX compile features - done\n-- Configuring done (0.4s)\n-- Generating done (0.0s)\n-- Build files have been written to: /home/S113062628/project/chip_llm/.log/Max_Pooling/build\n[ 20%] Building CXX object CMakeFiles/test-dut.dir/Dut.cpp.o\n[ 40%] Building CXX object CMakeFiles/test-dut.dir/SystemPipeline.cpp.o\n[ 60%] Building CXX object CMakeFiles/test-dut.dir/Testbench.cpp.o\n/home/S113062628/project/chip_llm/.log/Max_Pooling/Testbench.cpp: In member function \u2018void Testbench::do_feed()\u2019:\n/home/S113062628/project/chip_llm/.log/Max_Pooling/Testbench.cpp:23:22: error: variable \u2018std::ifstream fin\u2019 has initializer but incomplete type\n   23 |     std::ifstream fin(\"testcases.txt\");\n      |                      ^\n/home/S113062628/project/chip_llm/.log/Max_Pooling/Testbench.cpp:32:36: error: variable \u2018std::istringstream iss\u2019 has initializer but incomplete type\n   32 |         std::istringstream iss(line);\n      |                                    ^\n/home/S113062628/project/chip_llm/.log/Max_Pooling/Testbench.cpp: In member function \u2018void Testbench::do_fetch()\u2019:\n/home/S113062628/project/chip_llm/.log/Max_Pooling/Testbench.cpp:81:22: error: variable \u2018std::ifstream fin\u2019 has initializer but incomplete type\n   81 |     std::ifstream fin(\"testcases.txt\");\n      |                      ^\n/home/S113062628/project/chip_llm/.log/Max_Pooling/Testbench.cpp:90:36: error: variable \u2018std::istringstream iss\u2019 has initializer but incomplete type\n   90 |         std::istringstream iss(line);\n      |                                    ^\n/home/S113062628/project/chip_llm/.log/Max_Pooling/Testbench.cpp:108:26: error: variable \u2018std::ifstream fin\u2019 has initializer but incomplete type\n  108 |         std::ifstream fin(\"golden.txt\");\n      |                          ^\n/home/S113062628/project/chip_llm/.log/Max_Pooling/Testbench.cpp:117:40: error: variable \u2018std::istringstream iss\u2019 has initializer but incomplete type\n  117 |             std::istringstream iss(line);\n      |                                        ^\ngmake[2]: *** [CMakeFiles/test-dut.dir/build.make:104: CMakeFiles/test-dut.dir/Testbench.cpp.o] Error 1\ngmake[1]: *** [CMakeFiles/Makefile2:83: CMakeFiles/test-dut.dir/all] Error 2\ngmake: *** [Makefile:91: all] Error 2"
  },
  {
    "name": "Median_Filter",
    "state": "runtime_error",
    "error_message": "-- The C compiler identification is GNU 13.3.0\n-- The CXX compiler identification is GNU 13.3.0\n-- Detecting C compiler ABI info\n-- Detecting C compiler ABI info - done\n-- Check for working C compiler: /usr/bin/cc - skipped\n-- Detecting C compile features\n-- Detecting C compile features - done\n-- Detecting CXX compiler ABI info\n-- Detecting CXX compiler ABI info - done\n-- Check for working CXX compiler: /usr/bin/c++ - skipped\n-- Detecting CXX compile features\n-- Detecting CXX compile features - done\n-- Configuring done (0.4s)\n-- Generating done (0.0s)\n-- Build files have been written to: /home/S113062628/project/chip_llm/.log/Median_Filter/build\n[ 20%] Building CXX object CMakeFiles/test-dut.dir/Dut.cpp.o\n[ 40%] Building CXX object CMakeFiles/test-dut.dir/SystemPipeline.cpp.o\n[ 60%] Building CXX object CMakeFiles/test-dut.dir/Testbench.cpp.o\n[ 80%] Building CXX object CMakeFiles/test-dut.dir/main.cpp.o\n[100%] Linking CXX executable test-dut\n[100%] Built target test-dut\n\n        SystemC 2.3.4-Accellera --- Apr 22 2024 14:54:19\n        Copyright (c) 1996-2022 by all Contributors,\n        ALL RIGHTS RESERVED\nTest case 1 failed.\nInput:\n97 38 84 47 96 45 \n65 13 51 63 69 78 \n20 73 74 92 31 49 \n26 0 87 85 89 96 \n30 61 32 86 6 5 \nOutput:\n97 38 84 47 96 45 \n65 13 51 63 69 78 \n20 73 74 92 31 49 \n26 0 87 85 89 96 \n30 61 32 86 6 5 \nExpected:\n53 65 63 65 69 69 \n49 53 63 69 73 84 \n49 53 61 63 69 74 \n49 51 63 63 69 74 \n49 61 73 61 74 85"
  },
  {
    "name": "MergeSort",
    "state": "format_error",
    "error_message": "Project directory is empty \u2013 likely extraction/formatting failure."
  },
  {
    "name": "MultiplyTwoMatrices",
    "state": "format_error",
    "error_message": "Project directory is empty \u2013 likely extraction/formatting failure."
  },
  {
    "name": "NumberofUniqueTripletsWhoseXORisZero",
    "state": "format_error",
    "error_message": "Project directory is empty \u2013 likely extraction/formatting failure."
  },
  {
    "name": "RotateMatrixElementsofaMatrix",
    "state": "format_error",
    "error_message": "Project directory is empty \u2013 likely extraction/formatting failure."
  },
  {
    "name": "SVM",
    "state": "runtime_error",
    "error_message": "-- The C compiler identification is GNU 13.3.0\n-- The CXX compiler identification is GNU 13.3.0\n-- Detecting C compiler ABI info\n-- Detecting C compiler ABI info - done\n-- Check for working C compiler: /usr/bin/cc - skipped\n-- Detecting C compile features\n-- Detecting C compile features - done\n-- Detecting CXX compiler ABI info\n-- Detecting CXX compiler ABI info - done\n-- Check for working CXX compiler: /usr/bin/c++ - skipped\n-- Detecting CXX compile features\n-- Detecting CXX compile features - done\n-- Configuring done (0.4s)\n-- Generating done (0.0s)\n-- Build files have been written to: /home/S113062628/project/chip_llm/.log/SVM/build\n[ 20%] Building CXX object CMakeFiles/test-dut.dir/Dut.cpp.o\n[ 40%] Building CXX object CMakeFiles/test-dut.dir/SystemPipeline.cpp.o\n[ 60%] Building CXX object CMakeFiles/test-dut.dir/Testbench.cpp.o\n[ 80%] Building CXX object CMakeFiles/test-dut.dir/main.cpp.o\n[100%] Linking CXX executable test-dut\n[100%] Built target test-dut\n\n        SystemC 2.3.4-Accellera --- Apr 22 2024 14:54:19\n        Copyright (c) 1996-2022 by all Contributors,\n        ALL RIGHTS RESERVED\nTest case 1 failed.\nInput: X = [5.02802, 3.89749, -5.12229, 1.31009, 9.65696, 9.93183, -8.92061, 4.11], y = [-1, -1, -1, -1], C = 1.48046, lr = 0.784917, epochs = 5063\nOutput: w = [0, 0], b = -13.9445\nExpected: w = [0, 0], b = -13.9445\n\nTest case 2 failed.\nInput: X = [-2.53146, 0.380691, -7.03781, 4.22416, -5.21861, -3.27781, -6.43801, -4.75574], y = [1, -1, -1, 1], C = 7.64968, lr = 0.587313, epochs = 7739\nOutput: w = [-24.2425, -25.3334], b = 4.49276\nExpected: w = [-24.2425, -25.3334], b = 4.49275\n\nTest case 3 failed.\nInput: X = [7.26405, -9.89128, -7.5834, -6.9117, 4.87724, -3.82025, 0.510646, -0.157439], y = [1, -1, 1, -1], C = 6.41495, lr = 0.578066, epochs = 351\nOutput: w = [5.92533, -5.57004], b = -11.1248\nExpected: w = [5.92532, -5.57004], b = -11.1248\n\nTest case 4 failed.\nInput: X = [-3.83511, 2.17888, 2.33682, 5.57307, 2.34786, 0.251472, -3.64541, -9.31384], y = [1, -1, -1, -1], C = 6.45324, lr = 0.706199, epochs = 3854\nOutput: w = [-1.24802, -1.63644], b = -72.9163\nExpected: w = [-1.24802, -1.63644], b = -72.9163\n\nTest case 5 failed.\nInput: X = [0.262877, 8.68276, 0.000345983, 2.59859, -0.914485, -4.2283, 6.13261, 1.30713], y = [-1, -1, -1, -1], C = 9.67459, lr = 0.764295, epochs = 4937\nOutput: w = [0, 0], b = -22.1827\nExpected: w = [0, 0], b = -22.1827\n\nTest case 6 failed.\nInput: X = [3.89643, -2.90993, -6.10894, 6.56983, 8.48515, 6.93533, 1.23879, 4.0821], y = [1, 1, -1, -1], C = 6.3872, lr = 0.841522, epochs = 5755\nOutput: w = [-7.48785, -21.0676], b = 5.37497\nExpected: w = [-7.48783, -21.0676], b = 5.37497\n\nTest case 7 failed.\nInput: X = [8.02489, 5.26202, -4.14681, 1.36729, -1.38702, 4.25783, 4.0059, -4.13391], y = [-1, 1, 1, 1], C = 4.87683, lr = 0.0928358, epochs = 6467\nOutput: w = [-2.14123, -1.4074], b = 6.79117\nExpected: w = [-2.14123, -1.4074], b = 6.79117\n\nTest case 8 failed.\nInput: X = [-9.9959, 8.04965, 8.65548, -9.44363, -4.00518, 8.19166, -1.79253, 2.85736], y = [-1, 1, 1, -1], C = 8.98117, lr = 0.291522, epochs = 9576\nOutput: w = [5.52775, 3.36615], b = -18.3275\nExpected: w = [5.52775, 3.36615], b = -18.3275\n\nTest case 9 failed.\nInput: X = [6.06759, -2.67432, 1.73907, 8.03839, 3.05498, 1.72615, -8.82913, 1.7375], y = [-1, 1, -1, -1], C = 1.36613, lr = 0.107819, epochs = 9642\nOutput: w = [0.0928921, 0.906911], b = -4.71343\nExpected: w = [0.0928916, 0.906911], b = -4.71346\n\nTest case 10 failed.\nInput: X = [4.88635, -9.08557, 0.349957, -0.819606, -1.90029, -7.14676, -5.07542, -9.42938], y = [-1, 1, 1, -1], C = 3.52645, lr = 0.284313, epochs = 2516\nOutput: w = [5.05004, 5.86438], b = 4.01046\nExpected: w = [5.05002, 5.86438], b = 4.01045\n\nTest case 11 passed.\nInput: X = [2.38881, 8.82032, -9.29606, 8.27009, 6.00411, 3.70607, -6.28662, -0.466502], y = [1, -1, 1, -1], C = 1.07298, lr = 0.975775, epochs = 8028\nOutput: w = [0.00574729, -0.00495007], b = 0\n\nTest case 12 failed.\nInput: X = [9.00078, 1.35884, 3.85275, -6.94887, -7.16795, -2.73213, 0.760827, 5.13203], y = [-1, 1, 1, 1], C = 3.49143, lr = 0.319837, epochs = 7273\nOutput: w = [-1.27504, -3.72373], b = 31.2673\nExpected: w = [-1.27505, -3.72373], b = 31.2672\n\nTest case 13 failed.\nInput: X = [1.78084, 4.38194, -6.43016, -4.46521, 2.60421, 5.95458, 7.2003, -6.55081], y = [1, 1, 1, -1], C = 8.99725, lr = 0.999634, epochs = 341\nOutput: w = [0.00856476, 0.0195958], b = 17.9879\nExpected: w = [0.00855385, 0.0195709], b = 17.9879\n\nTest case 14 failed.\nInput: X = [-6.80568, 4.6938, -7.09523, 0.675475, -2.63015, -2.12092, 4.26472, 4.06163], y = [1, 1, 1, -1], C = 8.5078, lr = 0.272114, epochs = 4420\nOutput: w = [-2.9073, -2.54806], b = 0\nExpected: w = [-2.9073, -2.54806], b = 0\n\nTest case 15 failed.\nInput: X = [1.20286, -1.81292, 3.14942, -4.71202, -6.22227, -1.54124, -9.57936, -0.956937], y = [1, -1, 1, 1], C = 4.76615, lr = 0.265361, epochs = 3386\nOutput: w = [-2.18215, 3.25545], b = 0\nExpected: w = [-2.18215, 3.25545], b = 0\n\nTest case 16 passed.\nInput: X = [1.10501, 9.06602, -7.61356, -4.77255, -4.99825, 4.88341, -3.73873, -4.85202], y = [-1, -1, -1, -1], C = 1.12554, lr = 0.84929, epochs = 2710\nOutput: w = [0, 0], b = -1.91182\n\nTest case 17 failed.\nInput: X = [-3.58763, -3.44575, -0.850173, 1.51653, 4.70351, 7.28009, -0.646641, 3.3227], y = [-1, -1, 1, 1], C = 5.48121, lr = 0.265513, epochs = 7986\nOutput: w = [-0.385909, 5.14124], b = -1.45533\nExpected: w = [-0.385908, 5.14125], b = -1.45533\n\nTest case 18 failed.\nInput: X = [2.51355, -6.65879, 6.38208, 4.33029, -9.30971, 5.74404, 9.70331, 3.04511], y = [1, -1, -1, -1], C = 0.281183, lr = 0.893578, epochs = 7798\nOutput: w = [-2.43759, -0.767226], b = 0\nExpected: w = [-2.43759, -0.767226], b = 0\n\nTest case 19 failed.\nInput: X = [-6.68755, -3.03448, 9.5684, 8.83737, -8.35332, -8.58327, 6.21315, 4.30531], y = [1, -1, 1, 1], C = 0.448746, lr = 0.159466, epochs = 9164\nOutput: w = [-0.0781374, -0.276927], b = 1.78899\nExpected: w = [-0.0781381, -0.276927], b = 1.78899\n\nTest case 20 failed.\nInput: X = [6.91581, 0.7259, 0.441247, 9.54074, 4.61223, -0.0771068, -4.80195, -4.14096], y = [1, -1, 1, 1], C = 9.44113, lr = 0.889047, epochs = 3604\nOutput: w = [0.0336993, -0.977671], b = 0\nExpected: w = [0.0336994, -0.977673], b = 0\n\nTest case 21 failed.\nInput: X = [-9.40466, -3.81956, 2.28355, -4.88566, -4.52388, -3.87305, 6.84022, -4.20734], y = [-1, -1, 1, -1], C = 4.3939, lr = 0.307769, epochs = 4222\nOutput: w = [-9.49959, 3.12063], b = -14.8754\nExpected: w = [-9.49958, 3.12063], b = -14.8754\n\nTest case 22 failed.\nInput: X = [7.49548, 1.03783, -9.80868, -4.82455, 7.56767, -3.18173, -0.642542, -7.32394], y = [1, 1, 1, 1], C = 1.28532, lr = 0.676141, epochs = 4649\nOutput: w = [0, 0], b = 4.34529\nExpected: w = [0, 0], b = 4.34528\n\nTest case 23 failed.\nInput: X = [2.15017, -2.15739, -8.71737, 9.25417, 3.4585, -5.91993, 6.54007, 3.89004], y = [-1, 1, 1, -1], C = 9.73131, lr = 0.987298, epochs = 4326\nOutput: w = [0.422023, -0.722408], b = 0\nExpected: w = [0.42201, -0.722388], b = 0\n\nTest case 24 failed.\nInput: X = [8.70471, 6.29524, 0.581959, -4.12273, 5.47852, -2.51235, 5.85036, -2.14845], y = [-1, 1, 1, 1], C = 6.81218, lr = 0.625428, epochs = 6809\nOutput: w = [6.9304, -5.52776], b = 0\nExpected: w = [6.93041, -5.52777], b = 0\n\nTest case 25 failed.\nInput: X = [5.27577, 4.08603, 2.4309, 5.3183, 2.50563, -1.61343, -4.61762, -2.43555], y = [-1, 1, 1, -1], C = 1.44412, lr = 0.332994, epochs = 4040\nOutput: w = [0.60741, 0.216318], b = 3.84707\nExpected: w = [0.607412, 0.21632], b = 3.84708\n\nTest case 26 failed.\nInput: X = [5.67995, 8.13028, -3.3049, 8.06101, 6.53177, -0.384522, -2.41738, -2.52191], y = [-1, 1, -1, -1], C = 1.09385, lr = 0.0998423, epochs = 9229\nOutput: w = [-0.496239, 0.277483], b = -2.40267\nExpected: w = [-0.496237, 0.277482], b = -2.40267\n\nTest case 27 failed.\nInput: X = [6.69824, -4.19832, 0.133343, -3.03983, -2.51919, 3.31921, 7.45096, -5.89123], y = [-1, 1, 1, 1], C = 5.3616, lr = 0.729654, epochs = 8450\nOutput: w = [-0.482214, -0.547563], b = 23.4727\nExpected: w = [-0.482214, -0.547564], b = 23.4727\n\nTest case 28 failed.\nInput: X = [-9.17099, 0.798659, -3.11285, 7.83447, -9.00131, -8.50277, -2.00559, 3.84256], y = [-1, -1, 1, 1], C = 9.55926, lr = 0.559353, epochs = 6559\nOutput: w = [-17.6792, -21.1983], b = 106.94\nExpected: w = [-17.6792, -21.1983], b = 106.94\n\nTest case 29 failed.\nInput: X = [0.607066, -3.86627, -4.06124, 7.00237, -8.35408, 8.12639, -3.72159, 8.9459], y = [-1, 1, 1, -1], C = 2.27148, lr = 0.112941, epochs = 9709\nOutput: w = [0.1092, -1.68484], b = -7.6963\nExpected: w = [0.109199, -1.68483], b = -7.69629\n\nTest case 30 failed.\nInput: X = [-1.23561, -2.73017, 2.06853, -6.71079, 5.18751, -5.78575, 8.40534, 4.74395], y = [-1, 1, -1, -1], C = 9.91142, lr = 0.449264, epochs = 9912\nOutput: w = [-10.9337, 5.64435], b = -4.45284\nExpected: w = [-10.9337, 5.64435], b = -4.45284\n\nTest case 31 failed.\nInput: X = [-3.19412, -3.48801, -1.43464, 6.51514, 3.34579, 2.55406, -8.28531, 0.437285], y = [-1, 1, 1, 1], C = 1.17795, lr = 0.894174, epochs = 3257\nOutput: w = [-8.72396, 0.465001], b = 1.05329\nExpected: w = [-8.72395, 0.465001], b = 1.05329\n\nTest case 32 failed.\nInput: X = [9.52389, 0.459228, 8.36516, -8.83188, -4.54679, -1.76995, -9.03383, -4.92399], y = [1, 1, 1, 1], C = 3.43248, lr = 0.496059, epochs = 8703\nOutput: w = [-4.94066e-324, -4.94066e-324], b = 20.4326\nExpected: w = [-4.94066e-324, -4.94066e-324], b = 20.4326\n\nTest case 33 failed.\nInput: X = [3.70704, -1.06012, 0.880085, -8.42634, 8.55585, -5.05461, -3.54559, 1.59563], y = [1, 1, -1, -1], C = 2.77976, lr = 0.15191, epochs = 6737\nOutput: w = [-0.996849, 0.103253], b = -9.71229\nExpected: w = [-0.996848, 0.103253], b = -9.71225\n\nTest case 34 failed.\nInput: X = [-1.56853, 1.87949, -5.54892, 4.66146, 2.66755, -5.93195, -5.61056, -2.04712], y = [1, -1, -1, -1], C = 6.18962, lr = 0.990226, epochs = 8338\nOutput: w = [-0.156562, 0.352641], b = -116.453\nExpected: w = [-0.156557, 0.352629], b = -116.453\n\nTest case 35 failed.\nInput: X = [1.7925, 9.69465, 5.88239, -3.25565, -5.70464, -0.0122433, -2.50404, 5.84785], y = [-1, -1, -1, 1], C = 9.88479, lr = 0.360997, epochs = 872\nOutput: w = [-12.7261, 14.2103], b = -53.5257\nExpected: w = [-12.7261, 14.2103], b = -53.5258\n\nTest case 36 failed.\nInput: X = [-2.4024, 0.253799, -7.2454, 0.305227, 3.37148, -7.46743, 2.46436, -4.65849], y = [1, 1, -1, 1], C = 2.62725, lr = 0.833097, epochs = 6366\nOutput: w = [4.16548, -7.47416], b = 13.1325\nExpected: w = [4.16546, -7.47413], b = 13.1325\n\nTest case 37 failed.\nInput: X = [5.67439, -8.30235, 1.11253, 3.48494, 1.40523, 8.53673, -3.64719, -6.89782], y = [-1, -1, -1, 1], C = 5.21005, lr = 0.200611, epochs = 9397\nOutput: w = [-8.58083, -5.87162], b = -9.40674\nExpected: w = [-8.58084, -5.87163], b = -9.40674\n\nTest case 38 failed.\nInput: X = [1.04551, 1.25223, 2.43811, -3.37608, 0.277934, 6.11725, -8.28591, 6.1724], y = [-1, -1, -1, 1], C = 7.24135, lr = 0.995771, epochs = 6853\nOutput: w = [-59.7559, 44.3209], b = 1.77636e-15\nExpected: w = [-59.756, 44.321], b = 1.77636e-15\n\nTest case 39 failed.\nInput: X = [-3.9808, 2.60962, -9.61681, -2.39249, 5.68516, -3.94983, -8.4555, 5.42414], y = [-1, -1, 1, 1], C = 4.62053, lr = 0.395425, epochs = 6450\nOutput: w = [-8.82104, 6.06292], b = 0\nExpected: w = [-8.82104, 6.06291], b = 0\n\nTest case 40 failed.\nInput: X = [1.19679, -4.97151, -6.83388, 5.9536, -3.29766, -4.48781, -1.59559, 9.91646], y = [-1, 1, 1, 1], C = 3.35145, lr = 0.938893, epochs = 7892\nOutput: w = [-5.65571, 30.3443], b = 9.43996\nExpected: w = [-5.65571, 30.3443], b = 9.43997\n\nTest case 41 failed.\nInput: X = [-6.08233, 5.36506, 4.61333, -1.18034, 4.28047, -5.577, -8.67279, 8.80317], y = [-1, -1, -1, 1], C = 3.88223, lr = 0.552464, epochs = 1405\nOutput: w = [-18.1605, 18.5955], b = -25.7375\nExpected: w = [-18.1605, 18.5955], b = -25.7376\n\nTest case 42 failed.\nInput: X = [5.19497, 6.04197, -3.39683, -6.91265, -8.23266, 6.72787, 5.16846, -1.41235], y = [-1, 1, -1, 1], C = 3.62985, lr = 0.513169, epochs = 7088\nOutput: w = [9.01743, -4.16324], b = 0\nExpected: w = [9.01742, -4.16324], b = 0\n\nTest case 43 failed.\nInput: X = [3.11064, -0.368797, 8.1165, -3.66124, -3.17119, -0.264475, -2.37396, 4.09187], y = [-1, -1, 1, -1], C = 0.864108, lr = 0.526174, epochs = 6016\nOutput: w = [0.360048, -1.92065], b = -4.09204\nExpected: w = [0.360047, -1.92065], b = -4.09205\n\nTest case 44 passed.\nInput: X = [1.71127, 2.85974, 5.97825, 4.67934, -0.203414, 7.89564, -1.54476, -6.3663], y = [1, 1, 1, -1], C = 7.31, lr = 0.00696534, epochs = 7563\nOutput: w = [0.0694155, 0.222096], b = 0.3055\n\nTest case 45 failed.\nInput: X = [-5.68344, 0.168315, 1.19837, -9.40964, 6.65496, 9.88865, -1.81368, -7.18232], y = [-1, 1, -1, 1], C = 2.57186, lr = 0.3864, epochs = 4790\nOutput: w = [1.07084, -1.07197], b = -2.9813\nExpected: w = [1.07085, -1.07198], b = -2.9813\n\nTest case 46 failed.\nInput: X = [-5.30526, -1.09122, 7.67279, 5.4122, -7.24482, 2.45238, 1.08153, -0.168198], y = [-1, 1, -1, -1], C = 7.08069, lr = 0.0605684, epochs = 6758\nOutput: w = [1.65485, 1.43808], b = -3.43093\nExpected: w = [1.65485, 1.43808], b = -3.43093\n\nTest case 47 failed.\nInput: X = [-1.61439, 5.51906, -0.161439, 3.27615, 3.92869, -3.79966, -9.77243, 7.38027], y = [-1, -1, -1, 1], C = 4.43374, lr = 0.507485, epochs = 1249\nOutput: w = [-22.9021, 16.0679], b = -22.5006\nExpected: w = [-22.9021, 16.0679], b = -22.5005\n\nTest case 48 failed.\nInput: X = [6.95417, -1.8825, 9.71434, -1.4713, -8.40286, -3.71264, -5.24319, 8.7025], y = [-1, -1, -1, -1], C = 0.200092, lr = 0.249786, epochs = 7437\nOutput: w = [9.88131e-324, -9.88131e-324], b = -1.54939\nExpected: w = [9.88131e-324, -9.88131e-324], b = -1.54938\n\nTest case 49 failed.\nInput: X = [2.63703, -6.7952, -3.82577, 1.52054, 6.28205, 7.06277, -5.28025, -6.35466], y = [-1, -1, 1, -1], C = 5.12201, lr = 0.474809, epochs = 3704\nOutput: w = [8.16345, 9.11987], b = -4.86395\nExpected: w = [8.16345, 9.11987], b = -4.86396\n\nTest case 50 failed.\nInput: X = [7.52089, 5.90373, -5.73496, 1.95063, -1.33242, -1.44068, 9.94414, 2.0009], y = [-1, 1, 1, -1], C = 4.90347, lr = 0.111764, epochs = 3830\nOutput: w = [-0.521193, -0.112923], b = 0.548031\nExpected: w = [-0.521195, -0.112923], b = 0.54803\n\nTest case 51 failed.\nInput: X = [-3.27181, 9.90689, -0.59505, -6.73268, 1.40138, -7.58614, 8.34611, 5.4488], y = [1, -1, 1, 1], C = 4.80808, lr = 0.489597, epochs = 6053\nOutput: w = [2.19783, -5.34895], b = 68.2666\nExpected: w = [2.19783, -5.34895], b = 68.2665\n\nTest case 52 failed.\nInput: X = [0.0571898, 0.733967, -8.26757, 3.18132, -6.37903, 5.82233, -4.60765, 7.4226], y = [1, 1, -1, 1], C = 6.86075, lr = 0.725083, epochs = 4157\nOutput: w = [-14.2788, 29.1283], b = 4.97461\nExpected: w = [-14.2788, 29.1283], b = 4.97461\n\nTest case 53 failed.\nInput: X = [-3.34649, -7.95608, 0.610282, 9.86543, 5.32396, 1.73384, 8.39911, -8.55829], y = [1, -1, -1, -1], C = 7.91029, lr = 0.332672, epochs = 2472\nOutput: w = [-1.4934, -0.594108], b = 0\nExpected: w = [-1.4934, -0.594106], b = 0\n\nTest case 54 failed.\nInput: X = [4.06458, 9.40201, 7.01692, 9.53805, 3.43092, -0.369418, -5.49189, 9.21351], y = [-1, -1, 1, 1], C = 4.10915, lr = 0.953439, epochs = 6860\nOutput: w = [-20.892, 36.0258], b = 7.83565\nExpected: w = [-20.892, 36.0258], b = 7.83566\n\nTest case 55 failed.\nInput: X = [7.26126, -4.24536, 1.24994, -6.87246, -5.73068, -6.65393, -7.69297, 2.74724], y = [-1, 1, -1, -1], C = 5.0523, lr = 0.103102, epochs = 3274\nOutput: w = [1.39537, -0.0671561], b = -15.6271\nExpected: w = [1.39537, -0.0671624], b = -15.627\n\nTest case 56 failed.\nInput: X = [2.03866, -0.596208, -5.9758, -2.33994, 8.3127, 2.55843, -2.18959, 5.45655], y = [-1, -1, 1, -1], C = 7.0992, lr = 0.855971, epochs = 4400\nOutput: w = [0.719412, 0.306755], b = -24.3068\nExpected: w = [0.719409, 0.306754], b = -24.3068\n\nTest case 57 failed.\nInput: X = [-2.84874, 1.23635, -2.22298, -9.07627, 8.34155, -5.58787, 1.24592, -1.47639], y = [-1, 1, -1, -1], C = 2.46663, lr = 0.739248, epochs = 9742\nOutput: w = [-4.26145, 1.5387], b = -16.4111\nExpected: w = [-4.26145, 1.5387], b = -16.4111\n\nTest case 58 failed.\nInput: X = [-8.01244, -9.34567, -3.94209, -7.40454, 5.29163, -2.56828, -3.54502, 0.366846], y = [1, 1, 1, 1], C = 1.9804, lr = 0.772838, epochs = 7356\nOutput: w = [0, 0], b = 4.59159\nExpected: w = [0, 0], b = 4.59158\n\nTest case 59 failed.\nInput: X = [-5.0531, -6.89462, -6.75601, 3.70256, -7.92879, 6.90266, 5.72645, 6.53939], y = [-1, 1, -1, 1], C = 9.132, lr = 0.615447, epochs = 4966\nOutput: w = [44.6676, 25.4518], b = 5.62026\nExpected: w = [44.6676, 25.4518], b = 5.62026\n\nTest case 60 failed.\nInput: X = [1.2796, -3.68866, -1.46692, -4.5208, 4.39916, -0.22682, -4.86531, 9.97256], y = [-1, -1, -1, 1], C = 3.05969, lr = 0.245805, epochs = 6688\nOutput: w = [-3.72377, 7.57291], b = -0.752087\nExpected: w = [-3.72378, 7.57293], b = -0.752089\n\nTest case 61 failed.\nInput: X = [-4.78624, -9.70051, 0.320056, -1.19532, -4.57593, -3.39883, -4.28988, 6.62937], y = [-1, -1, -1, 1], C = 5.80085, lr = 0.697007, epochs = 8565\nOutput: w = [-0.146194, 0.22594], b = 0\nExpected: w = [-0.146193, 0.225938], b = 0\n\nTest case 62 failed.\nInput: X = [2.83951, 2.60521, -5.52451, 0.630756, -6.48919, 5.59348, -8.04074, 3.82027], y = [-1, 1, -1, 1], C = 1.68987, lr = 0.631582, epochs = 6837\nOutput: w = [-6.14338, 1.91318], b = -1.06729\nExpected: w = [-6.1434, 1.91318], b = -1.06729\n\nTest case 63 failed.\nInput: X = [2.79832, -0.585638, 5.68585, -7.67656, -0.993551, 6.59078, -1.81318, 2.91561], y = [-1, -1, -1, -1], C = 4.15258, lr = 0.212572, epochs = 3672\nOutput: w = [-9.88131e-324, -9.88131e-324], b = -4.41361\nExpected: w = [-9.88131e-324, -9.88131e-324], b = -4.41361\n\nTest case 64 failed.\nInput: X = [-8.5623, -7.92182, 6.53569, -5.6201, 6.38362, -2.11214, 9.92746, -8.29878], y = [1, 1, -1, -1], C = 9.0201, lr = 0.657153, epochs = 1597\nOutput: w = [-8.53734, 0.381864], b = 5.92759\nExpected: w = [-8.53733, 0.381869], b = 5.92758\n\nTest case 65 failed.\nInput: X = [8.22949, -0.43783, 7.94211, -6.11276, -0.475526, 3.47913, -3.33561, 9.49059], y = [-1, -1, -1, 1], C = 9.6723, lr = 0.51449, epochs = 7182\nOutput: w = [-16.3591, 41.1063], b = -4.9763\nExpected: w = [-16.3591, 41.1064], b = -4.97631\n\nTest case 66 failed.\nInput: X = [3.39304, 9.04308, -3.61558, -1.31619, 0.127218, 8.69448, 2.08768, 8.36636], y = [1, 1, -1, 1], C = 0.956434, lr = 0.300863, epochs = 1062\nOutput: w = [0.755698, 0.864961], b = 3.74082\nExpected: w = [0.755698, 0.864962], b = 3.74083\n\nTest case 67 failed.\nInput: X = [-7.90233, -8.28906, 4.51291, -8.81328, -6.50442, 2.07617, 5.85091, -0.0486779], y = [1, -1, 1, 1], C = 1.55313, lr = 0.170498, epochs = 8126\nOutput: w = [-0.233324, 1.29569], b = 9.00339\nExpected: w = [-0.23332, 1.29569], b = 9.00338\n\nTest case 68 failed.\nInput: X = [0.755855, -0.122715, 7.5829, -4.71018, -3.12985, 9.66957, -4.20918, 3.02439], y = [1, -1, -1, -1], C = 7.15154, lr = 0.337617, epochs = 5521\nOutput: w = [0.517892, -0.587346], b = -41.0462\nExpected: w = [0.517892, -0.587346], b = -41.0461\n\nTest case 69 failed.\nInput: X = [-0.525245, -2.69281, -2.72596, -7.28454, -1.97566, 7.14777, -4.64865, -0.821994], y = [1, 1, 1, -1], C = 4.36341, lr = 0.838737, epochs = 3623\nOutput: w = [17.0164, 2.96897], b = 10.9793\nExpected: w = [17.0163, 2.96898], b = 10.9793\n\nTest case 70 failed.\nInput: X = [-0.170347, 3.00158, 4.53301, 8.82207, 0.606562, -5.13766, -0.380186, 2.21538], y = [1, -1, 1, 1], C = 7.28485, lr = 0.366438, epochs = 5950\nOutput: w = [-0.971342, -0.585438], b = 13.3472\nExpected: w = [-0.97134, -0.585435], b = 13.3472\n\nTest case 71 failed.\nInput: X = [-6.85138, -8.68842, -9.95278, -0.757117, -3.22459, -4.77028, -7.88481, -8.11533], y = [1, 1, 1, -1], C = 3.43877, lr = 0.779725, epochs = 1648\nOutput: w = [20.9946, 21.5614], b = 0\nExpected: w = [20.9946, 21.5614], b = 0\n\nTest case 72 failed.\nInput: X = [-2.57661, 2.74151, 5.0057, -9.70167, 2.16648, -4.7573, 2.50221, -7.92864], y = [1, -1, 1, -1], C = 4.97314, lr = 0.141846, epochs = 3707\nOutput: w = [-0.991123, 5.92813], b = 0.70542\nExpected: w = [-0.991126, 5.92812], b = 0.705419\n\nTest case 73 failed.\nInput: X = [-2.92992, 3.37252, 9.59163, -8.5277, 1.22139, -4.11435, 1.33232, -3.58513], y = [-1, -1, -1, -1], C = 6.15601, lr = 0.35206, epochs = 1348\nOutput: w = [4.94066e-324, -4.94066e-324], b = -36.8438\nExpected: w = [4.94066e-324, -4.94066e-324], b = -36.8439\n\nTest case 74 failed.\nInput: X = [2.97296, 6.6552, 4.90962, 7.02806, 2.40184, -3.62475, 6.65341, -7.14962], y = [1, 1, 1, 1], C = 7.19026, lr = 0.339662, epochs = 159\nOutput: w = [7.37636e-114, -1.44164e-114], b = 4.88452\nExpected: w = [7.37732e-114, -1.44181e-114], b = 4.88451\n\nTest case 75 failed.\nInput: X = [-2.89186, 8.83908, -3.11759, 5.46941, -0.964961, -9.70409, 0.914986, 5.75467], y = [-1, 1, 1, 1], C = 1.88884, lr = 0.545387, epochs = 6815\nOutput: w = [-0.400974, 0.322719], b = 18.5427\nExpected: w = [-0.400976, 0.32272], b = 18.5427\n\nTest case 76 failed.\nInput: X = [8.74638, 1.62192, -2.12729, 4.20162, -3.68069, 5.17192, 1.62496, -5.39491], y = [-1, 1, -1, -1], C = 6.24883, lr = 0.0478305, epochs = 6856\nOutput: w = [-0.951835, 0.363666], b = -7.17323\nExpected: w = [-0.951842, 0.363678], b = -7.17323\n\nTest case 77 failed.\nInput: X = [5.10876, 3.67235, 6.67756, 9.40014, -4.87544, 3.66294, -1.69238, 2.57753], y = [-1, 1, -1, -1], C = 5.7903, lr = 0.148663, epochs = 5513\nOutput: w = [-0.725136, 1.56086], b = -14.6337\nExpected: w = [-0.725141, 1.56085], b = -14.6337\n\nTest case 78 passed.\nInput: X = [0.772816, -5.9174, 3.56691, -2.77918, -2.70365, -0.444584, -7.84621, -4.43585], y = [1, -1, 1, -1], C = 9.79453, lr = 0.922811, epochs = 1363\nOutput: w = [-0.188882, 0.125073], b = -18.077\n\nTest case 79 failed.\nInput: X = [4.81592, 9.3515, 3.64645, -3.1792, 2.22343, 3.62901, -3.32157, -6.52521], y = [-1, 1, 1, 1], C = 6.45778, lr = 0.577991, epochs = 1371\nOutput: w = [2.22176, 3.19428], b = 70.9182\nExpected: w = [2.22176, 3.19428], b = 70.9182\n\nTest case 80 failed.\nInput: X = [-9.57498, -7.34865, 6.10296, 7.20003, 0.565132, 1.13641, 6.68732, -2.07919], y = [-1, -1, -1, -1], C = 0.316259, lr = 0.486532, epochs = 5181\nOutput: w = [-4.94066e-324, -4.94066e-324], b = -2.61579\nExpected: w = [-4.94066e-324, -4.94066e-324], b = -2.61579\n\nTest case 81 failed.\nInput: X = [-1.31398, -3.93667, 7.97312, 1.59425, 6.467, 5.26477, -9.71851, 6.23219], y = [-1, 1, 1, 1], C = 9.79626, lr = 0.85875, epochs = 6048\nOutput: w = [0.0311641, 0.0933672], b = 33.6502\nExpected: w = [0.0311641, 0.0933674], b = 33.6501\n\nTest case 82 passed.\nInput: X = [1.18036, 2.36314, -9.09061, -5.07656, 8.99981, -8.64085, 7.31542, -2.73397], y = [-1, 1, -1, -1], C = 6.05991, lr = 0.636996, epochs = 4176\nOutput: w = [-0.0803148, -0.044851], b = -8.88178e-16\n\nTest case 83 failed.\nInput: X = [9.16504, -4.68599, 5.78834, -8.1849, -1.85259, -3.77255, -0.975452, -5.23529], y = [1, -1, 1, -1], C = 1.38509, lr = 0.758162, epochs = 4699\nOutput: w = [0.335635, 4.98978], b = 0\nExpected: w = [0.335637, 4.98979], b = 0\n\nTest case 84 failed.\nInput: X = [6.3116, -1.26593, -5.88983, -3.7452, -9.48073, -8.65836, 5.69923, -9.89651], y = [-1, 1, 1, 1], C = 9.10003, lr = 0.559502, epochs = 3435\nOutput: w = [28.9552, -50.4387], b = 5.09148\nExpected: w = [28.9551, -50.4386], b = 5.09148\n\nTest case 85 failed.\nInput: X = [-6.22891, 4.81678, -3.24315, -4.30882, 7.74686, 5.87387, -9.61171, 7.88643], y = [-1, 1, 1, -1], C = 7.24023, lr = 0.492625, epochs = 1749\nOutput: w = [2.91183, -2.25217], b = -4.44089e-15\nExpected: w = [2.91183, -2.25217], b = -4.44089e-15\n\nTest case 86 passed.\nInput: X = [-1.73637, 6.72485, -7.39299, -6.70697, -5.63321, -3.04759, -2.9843, 9.7924], y = [1, -1, -1, 1], C = 8.43162, lr = 0.0094803, epochs = 8255\nOutput: w = [0.207947, 0.233721], b = -0.0799343\n\nTest case 87 failed.\nInput: X = [8.64272, 2.75897, -2.47234, -5.7235, 3.73734, 3.58317, -9.01795, 1.87877], y = [-1, -1, 1, -1], C = 5.66769, lr = 0.600275, epochs = 8978\nOutput: w = [4.66804, 7.57645], b = -64.6413\nExpected: w = [4.66804, 7.57646], b = -64.6412\n\nTest case 88 failed.\nInput: X = [-5.8471, 2.73811, 4.87752, -5.07158, 5.62359, -5.22894, 2.58319, 2.24677], y = [1, -1, 1, 1], C = 2.60656, lr = 0.808662, epochs = 1673\nOutput: w = [1.89418, -1.71981], b = 21.0783\nExpected: w = [1.89419, -1.71981], b = 21.0783\n\nTest case 89 failed.\nInput: X = [-4.13428, 7.82993, -6.32793, 4.15877, -9.01771, -8.26293, -5.86615, 5.57226], y = [1, -1, -1, 1], C = 8.56063, lr = 0.698189, epochs = 6833\nOutput: w = [-31.881, 31.3006], b = 5.97694\nExpected: w = [-31.881, 31.3005], b = 5.97694\n\nTest case 90 failed.\nInput: X = [-7.48282, 9.47172, -1.02525, 4.13407, -0.794988, -8.72276, -8.17916, 9.43087], y = [1, -1, -1, -1], C = 3.28044, lr = 0.615015, epochs = 4254\nOutput: w = [-0.567307, -0.149079], b = -28.2453\nExpected: w = [-0.567307, -0.149078], b = -28.2453\n\nTest case 91 failed.\nInput: X = [-7.59301, 3.16968, 2.06023, -1.98618, 8.66401, -1.40352, 9.96541, -4.6496], y = [1, -1, -1, 1], C = 1.42205, lr = 0.766619, epochs = 2632\nOutput: w = [10.7413, -4.95057], b = 8.72136\nExpected: w = [10.7413, -4.95058], b = 8.72138\n\nTest case 92 failed.\nInput: X = [8.1144, 9.39132, -2.66113, 4.5991, 7.07187, 2.85526, 8.86712, 8.86238], y = [1, -1, -1, 1], C = 4.10109, lr = 0.077343, epochs = 1007\nOutput: w = [-0.0506297, 1.93994], b = -10.7845\nExpected: w = [-0.050629, 1.93995], b = -10.7845\n\nTest case 93 failed.\nInput: X = [-2.7528, -8.28454, 8.65414, 9.75231, 1.03778, 7.99814, 2.14707, 5.3436], y = [-1, 1, -1, -1], C = 0.993905, lr = 0.92413, epochs = 1773\nOutput: w = [-0.0265647, -0.505817], b = -6.42948\nExpected: w = [-0.0265644, -0.505819], b = -6.42948\n\nTest case 94 failed.\nInput: X = [0.793895, 3.77764, 1.21804, -1.45352, -8.0337, 6.70578, -8.45125, 2.77571], y = [-1, 1, -1, -1], C = 5.82684, lr = 0.307922, epochs = 7364\nOutput: w = [0.251651, -0.308064], b = 1.79421\nExpected: w = [0.251651, -0.308065], b = 1.79421\n\nTest case 95 failed.\nInput: X = [0.923868, -8.40949, 1.87304, 1.0158, 9.12459, 5.53905, -5.0169, 0.444338], y = [-1, 1, 1, 1], C = 4.49499, lr = 0.642049, epochs = 2503\nOutput: w = [-0.114632, 1.11973], b = 5.77201\nExpected: w = [-0.114632, 1.11973], b = 5.77201\n\nTest case 96 failed.\nInput: X = [0.168238, -9.0548, -0.147727, -6.70796, 1.98714, -0.502327, 2.1113, -0.28048], y = [1, -1, -1, -1], C = 3.17954, lr = 0.749434, epochs = 1910\nOutput: w = [0.0285194, 0.666739], b = -2.38286\nExpected: w = [0.0285193, 0.666738], b = -2.38286\n\nTest case 97 failed.\nInput: X = [-6.34912, 1.29008, 0.868433, -8.91852, -3.4059, -9.15786, 5.12709, -9.47867], y = [-1, 1, -1, 1], C = 6.35338, lr = 0.274854, epochs = 2410\nOutput: w = [18.336, -6.84961], b = 0\nExpected: w = [18.336, -6.84959], b = 0\n\nTest case 98 failed.\nInput: X = [-0.665395, -5.53468, -1.91621, 5.30944, -6.15422, 4.11969, 5.39873, 7.67123], y = [-1, 1, 1, -1], C = 2.46871, lr = 0.853424, epochs = 5622\nOutput: w = [-1.90139, 1.30159], b = -4.21371\nExpected: w = [-1.90139, 1.30159], b = -4.21371\n\nTest case 99 failed.\nInput: X = [-7.1358, -8.13967, 0.696347, 7.86858, -5.41261, 2.48153, -5.57345, 7.08005], y = [1, -1, 1, 1], C = 5.89173, lr = 0.048785, epochs = 8750\nOutput: w = [-1.97376, -0.0125739], b = 0.574856\nExpected: w = [-1.97376, -0.0125725], b = 0.574856\n\nTest case 100 failed.\nInput: X = [4.62575, -6.47029, 0.576597, -8.2862, 2.27045, -1.92737, 4.83014, 6.80798], y = [1, 1, 1, 1], C = 5.23331, lr = 0.675934, epochs = 3524\nOutput: w = [0, 0], b = 10.6121\nExpected: w = [0, 0], b = 10.6121\n\n\nFatal: Testbench: Some test cases failed.\nIn file: /home/S113062628/project/chip_llm/.log/SVM/Testbench.cpp:237\nIn process: sys.tb.do_fetch @ 1050 ns\n\nInfo: (I99) simulation aborted"
  },
  {
    "name": "SearchanElementinanArray_BinarySearch",
    "state": "format_error",
    "error_message": "Project directory is empty \u2013 likely extraction/formatting failure."
  },
  {
    "name": "Sobel_Edge_Detection",
    "state": "compile_error",
    "error_message": "-- The C compiler identification is GNU 13.3.0\n-- The CXX compiler identification is GNU 13.3.0\n-- Detecting C compiler ABI info\n-- Detecting C compiler ABI info - done\n-- Check for working C compiler: /usr/bin/cc - skipped\n-- Detecting C compile features\n-- Detecting C compile features - done\n-- Detecting CXX compiler ABI info\n-- Detecting CXX compiler ABI info - done\n-- Check for working CXX compiler: /usr/bin/c++ - skipped\n-- Detecting CXX compile features\n-- Detecting CXX compile features - done\n-- Configuring done (0.4s)\n-- Generating done (0.0s)\n-- Build files have been written to: /home/S113062628/project/chip_llm/.log/Sobel_Edge_Detection/build\n[ 20%] Building CXX object CMakeFiles/test-dut.dir/Dut.cpp.o\n[ 40%] Building CXX object CMakeFiles/test-dut.dir/SystemPipeline.cpp.o\n[ 60%] Building CXX object CMakeFiles/test-dut.dir/Testbench.cpp.o\n/home/S113062628/project/chip_llm/.log/Sobel_Edge_Detection/Testbench.cpp: In member function \u2018void Testbench::do_feed()\u2019:\n/home/S113062628/project/chip_llm/.log/Sobel_Edge_Detection/Testbench.cpp:16:22: error: variable \u2018std::ifstream fin\u2019 has initializer but incomplete type\n   16 |     std::ifstream fin(\"input.txt\");\n      |                      ^\n/home/S113062628/project/chip_llm/.log/Sobel_Edge_Detection/Testbench.cpp: In member function \u2018void Testbench::do_fetch()\u2019:\n/home/S113062628/project/chip_llm/.log/Sobel_Edge_Detection/Testbench.cpp:39:22: error: variable \u2018std::ifstream fin\u2019 has initializer but incomplete type\n   39 |     std::ifstream fin(\"golden.txt\");\n      |                      ^\ngmake[2]: *** [CMakeFiles/test-dut.dir/build.make:104: CMakeFiles/test-dut.dir/Testbench.cpp.o] Error 1\ngmake[1]: *** [CMakeFiles/Makefile2:83: CMakeFiles/test-dut.dir/all] Error 2\ngmake: *** [Makefile:91: all] Error 2"
  },
  {
    "name": "Softmax",
    "state": "compile_error",
    "error_message": "-- The C compiler identification is GNU 13.3.0\n-- The CXX compiler identification is GNU 13.3.0\n-- Detecting C compiler ABI info\n-- Detecting C compiler ABI info - done\n-- Check for working C compiler: /usr/bin/cc - skipped\n-- Detecting C compile features\n-- Detecting C compile features - done\n-- Detecting CXX compiler ABI info\n-- Detecting CXX compiler ABI info - done\n-- Check for working CXX compiler: /usr/bin/c++ - skipped\n-- Detecting CXX compile features\n-- Detecting CXX compile features - done\n-- Configuring done (0.4s)\n-- Generating done (0.0s)\n-- Build files have been written to: /home/S113062628/project/chip_llm/.log/Softmax/build\n[ 20%] Building CXX object CMakeFiles/test-dut.dir/Dut.cpp.o\n[ 40%] Building CXX object CMakeFiles/test-dut.dir/SystemPipeline.cpp.o\n[ 60%] Building CXX object CMakeFiles/test-dut.dir/Testbench.cpp.o\n[ 80%] Building CXX object CMakeFiles/test-dut.dir/main.cpp.o\n[100%] Linking CXX executable test-dut\n/usr/bin/ld: CMakeFiles/test-dut.dir/Testbench.cpp.o: in function `softmax(double const*, double*, int)':\nTestbench.cpp:(.text+0x0): multiple definition of `softmax(double const*, double*, int)'; CMakeFiles/test-dut.dir/Dut.cpp.o:Dut.cpp:(.text+0x190): first defined here\ncollect2: error: ld returned 1 exit status\ngmake[2]: *** [CMakeFiles/test-dut.dir/build.make:145: test-dut] Error 1\ngmake[1]: *** [CMakeFiles/Makefile2:83: CMakeFiles/test-dut.dir/all] Error 2\ngmake: *** [Makefile:91: all] Error 2"
  },
  {
    "name": "SortanArray_BubbleSort",
    "state": "compile_error",
    "error_message": "-- The C compiler identification is GNU 13.3.0\n-- The CXX compiler identification is GNU 13.3.0\n-- Detecting C compiler ABI info\n-- Detecting C compiler ABI info - done\n-- Check for working C compiler: /usr/bin/cc - skipped\n-- Detecting C compile features\n-- Detecting C compile features - done\n-- Detecting CXX compiler ABI info\n-- Detecting CXX compiler ABI info - done\n-- Check for working CXX compiler: /usr/bin/c++ - skipped\n-- Detecting CXX compile features\n-- Detecting CXX compile features - done\n-- Configuring done (0.4s)\n-- Generating done (0.0s)\n-- Build files have been written to: /home/S113062628/project/chip_llm/.log/SortanArray_BubbleSort/build\n[ 20%] Building CXX object CMakeFiles/test-dut.dir/Dut.cpp.o\n[ 40%] Building CXX object CMakeFiles/test-dut.dir/SystemPipeline.cpp.o\n[ 60%] Building CXX object CMakeFiles/test-dut.dir/Testbench.cpp.o\n/home/S113062628/project/chip_llm/.log/SortanArray_BubbleSort/Testbench.cpp: In member function \u2018void Testbench::do_feed()\u2019:\n/home/S113062628/project/chip_llm/.log/SortanArray_BubbleSort/Testbench.cpp:38:32: error: \u2018N\u2019 was not declared in this scope\n   38 |         if (tc.input.size() != N) {\n      |                                ^\n/home/S113062628/project/chip_llm/.log/SortanArray_BubbleSort/Testbench.cpp: In member function \u2018void Testbench::do_fetch()\u2019:\n/home/S113062628/project/chip_llm/.log/SortanArray_BubbleSort/Testbench.cpp:79:32: error: \u2018N\u2019 was not declared in this scope\n   79 |         if (tc.input.size() != N) {\n      |                                ^\n/home/S113062628/project/chip_llm/.log/SortanArray_BubbleSort/Testbench.cpp:104:38: error: \u2018N\u2019 was not declared in this scope\n  104 |             if (g.expected.size() != N) {\n      |                                      ^\n/home/S113062628/project/chip_llm/.log/SortanArray_BubbleSort/Testbench.cpp:117:33: error: \u2018N\u2019 was not declared in this scope\n  117 |         std::vector<int> result(N);\n      |                                 ^\ngmake[2]: *** [CMakeFiles/test-dut.dir/build.make:104: CMakeFiles/test-dut.dir/Testbench.cpp.o] Error 1\ngmake[1]: *** [CMakeFiles/Makefile2:83: CMakeFiles/test-dut.dir/all] Error 2\ngmake: *** [Makefile:91: all] Error 2"
  }
]