[
    {
        "dir": "./DecimaltoHexadecimalConversion.cpp",
        "compilable": true,
        "unit_test_pass": false,
        "error_msg": "\n        SystemC 2.3.3-Accellera --- Mar  4 2025 16:59:36\n        Copyright (c) 1996-2018 by all Contributors,\n        ALL RIGHTS RESERVED\n"
    },
    {
        "dir": "./SortanArray_InsertionSort.cpp",
        "compilable": true,
        "unit_test_pass": true,
        "error_msg": ""
    },
    {
        "dir": "./PrintMultiplicationTableofaNumber.cpp",
        "compilable": true,
        "unit_test_pass": true,
        "error_msg": ""
    },
    {
        "dir": "./CopyAlltheElementsofOneArraytoAnotherintheReverseOrder.cpp",
        "compilable": true,
        "unit_test_pass": true,
        "error_msg": ""
    },
    {
        "dir": "./CalculateSumofFirstnNaturalNumbers.cpp",
        "compilable": true,
        "unit_test_pass": true,
        "error_msg": ""
    },
    {
        "dir": "./DisplayPrimeNumbersBetweenTwoIntervals.cpp",
        "compilable": true,
        "unit_test_pass": true,
        "error_msg": ""
    },
    {
        "dir": "./OctaltoDecimalConversion.cpp",
        "compilable": true,
        "unit_test_pass": true,
        "error_msg": ""
    },
    {
        "dir": "./SearchanElementinanArray_BinarySearch.cpp",
        "compilable": true,
        "unit_test_pass": true,
        "error_msg": ""
    },
    {
        "dir": "./SumofFibonacciNumbersatEvenIndexesuptoNTerms.cpp",
        "compilable": true,
        "unit_test_pass": true,
        "error_msg": ""
    },
    {
        "dir": "./CheckWhetheraNumberisPrimeorNot.cpp",
        "compilable": true,
        "unit_test_pass": true,
        "error_msg": ""
    },
    {
        "dir": "./SorttheElementsofanArrayinDescendingOrder.cpp",
        "compilable": false,
        "unit_test_pass": false,
        "error_msg": "main.cpp: In member function ‘void BubbleSort::reset_process()’:\nmain.cpp:62:13: error: ‘i’ was not declared in this scope; did you mean ‘in’?\n   62 |             i = 0;\n      |             ^\n      |             in\nmain.cpp:63:13: error: ‘j’ was not declared in this scope; did you mean ‘jn’?\n   63 |             j = 1;\n      |             ^\n      |             jn\nmain.cpp:64:13: error: ‘initialized’ was not declared in this scope\n   64 |             initialized = false;\n      |             ^~~~~~~~~~~\n"
    },
    {
        "dir": "./InterchangeElementsofFirstAndLastColumnsInMatrix.cpp",
        "compilable": true,
        "unit_test_pass": true,
        "error_msg": ""
    },
    {
        "dir": "./AddTwoMatrices.cpp",
        "compilable": false,
        "unit_test_pass": false,
        "error_msg": "main.cpp: In constructor ‘MatrixAdder::MatrixAdder(sc_core::sc_module_name)’:\nmain.cpp:15:26: error: ‘class sc_core::sc_in<int>’ has no member named ‘pos’\n   15 |         sensitive << clk.pos();\n      |                          ^~~\nmain.cpp: In function ‘int sc_main(int, char**)’:\nmain.cpp:44:21: error: no match for call to ‘(sc_core::sc_in<int>) (sc_core::sc_clock&)’\n   44 |     matrix_adder.clk(clk);\n      |     ~~~~~~~~~~~~~~~~^~~~~\nIn file included from /usr/local/systemc-2.3.3/include/sysc/communication/sc_clock_ports.h:33,\n                 from /usr/local/systemc-2.3.3/include/systemc:81,\n                 from /usr/local/systemc-2.3.3/include/systemc.h:219,\n                 from main.cpp:2:\n/usr/local/systemc-2.3.3/include/sysc/communication/sc_signal_ports.h:173:10: note: candidate: ‘void sc_core::sc_in<T>::operator()(const in_if_type&) [with T = int; sc_core::sc_in<T>::in_if_type = sc_core::sc_signal_in_if<int>]’\n  173 |     void operator () ( const in_if_type& interface_ )\n      |          ^~~~~~~~\n/usr/local/systemc-2.3.3/include/sysc/communication/sc_signal_ports.h:173:42: note:   no known conversion for argument 1 from ‘sc_core::sc_clock’ to ‘const in_if_type&’ {aka ‘const sc_core::sc_signal_in_if<int>&’}\n  173 |     void operator () ( const in_if_type& interface_ )\n      |                        ~~~~~~~~~~~~~~~~~~^~~~~~~~~~\n/usr/local/systemc-2.3.3/include/sysc/communication/sc_signal_ports.h:182:10: note: candidate: ‘void sc_core::sc_in<T>::operator()(sc_core::sc_in<T>::in_port_type&) [with T = int; sc_core::sc_in<T>::in_port_type = sc_core::sc_port<sc_core::sc_signal_in_if<int>, 1, sc_core::SC_ONE_OR_MORE_BOUND>]’\n  182 |     void operator () ( in_port_type& parent_ )\n      |          ^~~~~~~~\n/usr/local/systemc-2.3.3/include/sysc/communication/sc_signal_ports.h:182:38: note:   no known conversion for argument 1 from ‘sc_core::sc_clock’ to ‘sc_core::sc_in<int>::in_port_type&’ {aka ‘sc_core::sc_port<sc_core::sc_signal_in_if<int>, 1, sc_core::SC_ONE_OR_MORE_BOUND>&’}\n  182 |     void operator () ( in_port_type& parent_ )\n      |                        ~~~~~~~~~~~~~~^~~~~~~\n/usr/local/systemc-2.3.3/include/sysc/communication/sc_signal_ports.h:191:10: note: candidate: ‘void sc_core::sc_in<T>::operator()(sc_core::sc_in<T>::inout_port_type&) [with T = int; sc_core::sc_in<T>::inout_port_type = sc_core::sc_port<sc_core::sc_signal_inout_if<int>, 1, sc_core::SC_ONE_OR_MORE_BOUND>]’\n  191 |     void operator () ( inout_port_type& parent_ )\n      |          ^~~~~~~~\n/usr/local/systemc-2.3.3/include/sysc/communication/sc_signal_ports.h:191:41: note:   no known conversion for argument 1 from ‘sc_core::sc_clock’ to ‘sc_core::sc_in<int>::inout_port_type&’ {aka ‘sc_core::sc_port<sc_core::sc_signal_inout_if<int>, 1, sc_core::SC_ONE_OR_MORE_BOUND>&’}\n  191 |     void operator () ( inout_port_type& parent_ )\n      |                        ~~~~~~~~~~~~~~~~~^~~~~~~\n"
    },
    {
        "dir": "./CheckifaGivenYearisaLeapYear.cpp",
        "compilable": true,
        "unit_test_pass": true,
        "error_msg": ""
    },
    {
        "dir": "./CalculatetheAverageofalltheElementsPresentinanArray.cpp",
        "compilable": true,
        "unit_test_pass": true,
        "error_msg": ""
    },
    {
        "dir": "./CheckWhetheraNumberCanbeExpressedasSumofTwoPrimeNumbers.cpp",
        "compilable": true,
        "unit_test_pass": true,
        "error_msg": ""
    },
    {
        "dir": "./MergeSort.cpp",
        "compilable": true,
        "unit_test_pass": true,
        "error_msg": ""
    },
    {
        "dir": "./Swaptwonumbers.cpp",
        "compilable": true,
        "unit_test_pass": true,
        "error_msg": ""
    },
    {
        "dir": "./FibonacciNumber.cpp",
        "compilable": true,
        "unit_test_pass": true,
        "error_msg": ""
    },
    {
        "dir": "./FindCommonArrayElements.cpp",
        "compilable": false,
        "unit_test_pass": false,
        "error_msg": "main.cpp: In member function ‘void FindCommonElements::process()’:\nmain.cpp:21:9: error: ‘sort’ was not declared in this scope; did you mean ‘std::sort’?\n   21 |         sort(arr1, arr1 + n1);\n      |         ^~~~\n      |         std::sort\nIn file included from /usr/include/c++/11/algorithm:74,\n                 from /usr/local/systemc-2.3.3/include/sysc/utils/sc_vector.h:35,\n                 from /usr/local/systemc-2.3.3/include/systemc:118,\n                 from /usr/local/systemc-2.3.3/include/systemc.h:219,\n                 from main.cpp:2:\n/usr/include/c++/11/pstl/glue_algorithm_defs.h:296:1: note: ‘std::sort’ declared here\n  296 | sort(_ExecutionPolicy&& __exec, _RandomAccessIterator __first, _RandomAccessIterator __last);\n      | ^~~~\nmain.cpp:32:47: error: no matching function for call to ‘sc_core::sc_report_handler::report(sc_core::sc_severity, const char [16], const char*)’\n   32 |             sc_core::sc_report_handler::report(sc_core::SC_INFO, \"common_elements\", (\"Common Element: \" + std::to_string(i)).c_str());\n      |             ~~~~~~~~~~~~~~~~~~~~~~~~~~~~~~~~~~^~~~~~~~~~~~~~~~~~~~~~~~~~~~~~~~~~~~~~~~~~~~~~~~~~~~~~~~~~~~~~~~~~~~~~~~~~~~~~~~~~~~~~~\nIn file included from /usr/local/systemc-2.3.3/include/sysc/utils/sc_report.h:289,\n                 from /usr/local/systemc-2.3.3/include/sysc/kernel/sc_kernel_ids.h:33,\n                 from /usr/local/systemc-2.3.3/include/sysc/kernel/sc_module.h:34,\n                 from /usr/local/systemc-2.3.3/include/systemc:74,\n                 from /usr/local/systemc-2.3.3/include/systemc.h:219,\n                 from main.cpp:2:\n/usr/local/systemc-2.3.3/include/sysc/utils/sc_report_handler.h:62:17: note: candidate: ‘static void sc_core::sc_report_handler::report(sc_core::sc_severity, const char*, const char*, const char*, int)’\n   62 |     static void report(sc_severity,\n      |                 ^~~~~~\n/usr/local/systemc-2.3.3/include/sysc/utils/sc_report_handler.h:62:17: note:   candidate expects 5 arguments, 3 provided\n/usr/local/systemc-2.3.3/include/sysc/utils/sc_report_handler.h:68:17: note: candidate: ‘static void sc_core::sc_report_handler::report(sc_core::sc_severity, const char*, const char*, int, const char*, int)’\n   68 |     static void report( sc_severity,\n      |                 ^~~~~~\n/usr/local/systemc-2.3.3/include/sysc/utils/sc_report_handler.h:68:17: note:   candidate expects 6 arguments, 3 provided\n/usr/local/systemc-2.3.3/include/sysc/utils/sc_report_handler.h:168:17: note: candidate: ‘static void sc_core::sc_report_handler::report(sc_core::sc_severity, int, const char*, const char*, int)’\n  168 |     static void report(sc_severity,\n      |                 ^~~~~~\n/usr/local/systemc-2.3.3/include/sysc/utils/sc_report_handler.h:168:17: note:   candidate expects 5 arguments, 3 provided\n"
    },
    {
        "dir": "./FindGCD.cpp",
        "compilable": true,
        "unit_test_pass": true,
        "error_msg": ""
    },
    {
        "dir": "./CheckEvenorOddIntegers.cpp",
        "compilable": true,
        "unit_test_pass": true,
        "error_msg": ""
    },
    {
        "dir": "./DisplayPrimeNumbersBetweenTwoIntervalsUsingFunction.cpp",
        "compilable": true,
        "unit_test_pass": false,
        "error_msg": "\n        SystemC 2.3.3-Accellera --- Mar  4 2025 16:59:36\n        Copyright (c) 1996-2018 by all Contributors,\n        ALL RIGHTS RESERVED\n"
    },
    {
        "dir": "./AddTwoComplexNumbers.cpp",
        "compilable": true,
        "unit_test_pass": true,
        "error_msg": ""
    },
    {
        "dir": "./PrintPascalsTriangle.cpp",
        "compilable": true,
        "unit_test_pass": true,
        "error_msg": ""
    },
    {
        "dir": "./Sortthe2DArrayAcrossRows.cpp",
        "compilable": true,
        "unit_test_pass": true,
        "error_msg": ""
    },
    {
        "dir": "./FindFactorialofaNumber.cpp",
        "compilable": true,
        "unit_test_pass": true,
        "error_msg": ""
    },
    {
        "dir": "./CalculateFahrenheittoCelsius.cpp",
        "compilable": true,
        "unit_test_pass": true,
        "error_msg": ""
    },
    {
        "dir": "./RotateMatrixElementsofaMatrix.cpp",
        "compilable": true,
        "unit_test_pass": false,
        "error_msg": "\n        SystemC 2.3.3-Accellera --- Mar  4 2025 16:59:36\n        Copyright (c) 1996-2018 by all Contributors,\n        ALL RIGHTS RESERVED\n"
    },
    {
        "dir": "./SortanArray_BubbleSort.cpp",
        "compilable": true,
        "unit_test_pass": true,
        "error_msg": ""
    },
    {
        "dir": "./FindtheRootsoftheQuadraticEquation.cpp",
        "compilable": false,
        "unit_test_pass": false,
        "error_msg": "main.cpp: In member function ‘void QuadraticSolver::solve()’:\nmain.cpp:51:74: error: lvalue required as unary ‘&’ operand\n   51 |             root2_imag.write(sc_bv<64>(*(reinterpret_cast<uint64_t*>(&(0 - r_imag))));\n      |                                                                       ~~~^~~~~~~~~\nmain.cpp: In function ‘int sc_main(int, char**)’:\nmain.cpp:80:82: error: lvalue required as unary ‘&’ operand\n   80 |         double r1_real = *(reinterpret_cast<double*>(&root1_real.read().to_uint64()));\n      |                                                       ~~~~~~~~~~~~~~~~~~~~~~~~~~~^~\nmain.cpp:81:82: error: lvalue required as unary ‘&’ operand\n   81 |         double r1_imag = *(reinterpret_cast<double*>(&root1_imag.read().to_uint64()));\n      |                                                       ~~~~~~~~~~~~~~~~~~~~~~~~~~~^~\nmain.cpp:82:82: error: lvalue required as unary ‘&’ operand\n   82 |         double r2_real = *(reinterpret_cast<double*>(&root2_real.read().to_uint64()));\n      |                                                       ~~~~~~~~~~~~~~~~~~~~~~~~~~~^~\nmain.cpp:83:82: error: lvalue required as unary ‘&’ operand\n   83 |         double r2_imag = *(reinterpret_cast<double*>(&root2_imag.read().to_uint64()));\n      |                                                       ~~~~~~~~~~~~~~~~~~~~~~~~~~~^~\n"
    },
    {
        "dir": "./BinarytoDecimalConversion.cpp",
        "compilable": true,
        "unit_test_pass": true,
        "error_msg": ""
    },
    {
        "dir": "./SortanArray_SelectionSort.cpp",
        "compilable": true,
        "unit_test_pass": true,
        "error_msg": ""
    },
    {
        "dir": "./FindQuotientandRemainder.cpp",
        "compilable": true,
        "unit_test_pass": true,
        "error_msg": ""
    },
    {
        "dir": "./FindtheDeterminantofaMatrix.cpp",
        "compilable": false,
        "unit_test_pass": false,
        "error_msg": "main.cpp: In member function ‘void DeterminantCalculator::process()’:\nmain.cpp:50:21: error: ‘swap’ was not declared in this scope\n   50 |                     swap(a[i], a[pivot]);\n      |                     ^~~~\nmain.cpp:50:21: note: suggested alternatives:\nIn file included from /usr/include/c++/11/unordered_map:47,\n                 from /usr/include/c++/11/functional:61,\n                 from /usr/include/c++/11/pstl/glue_algorithm_defs.h:13,\n                 from /usr/include/c++/11/algorithm:74,\n                 from /usr/local/systemc-2.3.3/include/sysc/utils/sc_vector.h:35,\n                 from /usr/local/systemc-2.3.3/include/systemc:118,\n                 from /usr/local/systemc-2.3.3/include/systemc.h:219,\n                 from main.cpp:2:\n/usr/include/c++/11/bits/unordered_map.h:2127:5: note:   ‘std::swap’\n 2127 |     swap(unordered_multimap<_Key, _Tp, _Hash, _Pred, _Alloc>& __x,\n      |     ^~~~\nIn file included from /usr/include/c++/11/bits/stl_pair.h:59,\n                 from /usr/include/c++/11/bits/stl_algobase.h:64,\n                 from /usr/include/c++/11/bits/specfun.h:45,\n                 from /usr/include/c++/11/cmath:1935,\n                 from /usr/local/systemc-2.3.3/include/systemc.h:45,\n                 from main.cpp:2:\n/usr/include/c++/11/bits/move.h:196:5: note:   ‘std::swap’\n  196 |     swap(_Tp& __a, _Tp& __b)\n      |     ^~~~\n/usr/include/c++/11/bits/move.h:196:5: note:   ‘std::swap’\nIn file included from /usr/include/c++/11/exception:153,\n                 from /usr/local/systemc-2.3.3/include/systemc.h:50,\n                 from main.cpp:2:\n/usr/include/c++/11/bits/exception_ptr.h:223:5: note:   ‘std::__exception_ptr::swap’\n  223 |     swap(exception_ptr& __lhs, exception_ptr& __rhs)\n      |     ^~~~\n"
    },
    {
        "dir": "./FindPowerWithoutUsingMultiplicationAndDivisionOperators.cpp",
        "compilable": true,
        "unit_test_pass": true,
        "error_msg": ""
    },
    {
        "dir": "./SorttheElementsofanArrayinAscendingOrder.cpp",
        "compilable": false,
        "unit_test_pass": false,
        "error_msg": "main.cpp: In member function ‘void Sorter::sort_array()’:\nmain.cpp:27:43: error: cannot convert ‘<brace-enclosed initializer list>’ to ‘int’ in assignment\n   27 |                 nums[i] = {1, 12, 6, 8, 10}[i];\n      |                                           ^\n"
    },
    {
        "dir": "./DecimaltoOctalConversion.cpp",
        "compilable": false,
        "unit_test_pass": false,
        "error_msg": "main.cpp: In constructor ‘TopModule::TopModule(sc_core::sc_module_name)’:\nmain.cpp:48:22: error: ‘sc_start_of_simulation_event’ was not declared in this scope; did you mean ‘start_of_simulation’?\n   48 |         sensitive << sc_start_of_simulation_event();\n      |                      ^~~~~~~~~~~~~~~~~~~~~~~~~~~~\n      |                      start_of_simulation\n"
    },
    {
        "dir": "./RemoveLeadingZeros.cpp",
        "compilable": false,
        "unit_test_pass": false,
        "error_msg": "main.cpp: In member function ‘void RemoveLeadingZeros::process()’:\nmain.cpp:27:53: error: request for member ‘range’ in ‘\"000000000000\"’, which is of non-class type ‘const char [13]’\n   27 |             result.range(11, 12-i) = \"000000000000\".range(11, 12-i);\n      |                                                     ^~~~~\n"
    },
    {
        "dir": "./NumberofUniqueTripletsWhoseXORisZero.cpp",
        "compilable": true,
        "unit_test_pass": true,
        "error_msg": ""
    },
    {
        "dir": "./FindSimpleInterest.cpp",
        "compilable": false,
        "unit_test_pass": false,
        "error_msg": "main.cpp: In member function ‘void SimpleInterestCalculator::calculate_interest()’:\nmain.cpp:22:34: error: no matching function for call to ‘sc_core::sc_report_handler::report(sc_core::sc_severity, const char [16], const char*)’\n   22 |         sc_report_handler::report(sc_core::SC_INFO, \"SIMPLE_INTEREST\", (\"Simple Interest = \" + std::to_string(SI)).c_str());\n      |         ~~~~~~~~~~~~~~~~~~~~~~~~~^~~~~~~~~~~~~~~~~~~~~~~~~~~~~~~~~~~~~~~~~~~~~~~~~~~~~~~~~~~~~~~~~~~~~~~~~~~~~~~~~~~~~~~~~~\nIn file included from /usr/local/systemc-2.3.3/include/sysc/utils/sc_report.h:289,\n                 from /usr/local/systemc-2.3.3/include/sysc/kernel/sc_kernel_ids.h:33,\n                 from /usr/local/systemc-2.3.3/include/sysc/kernel/sc_module.h:34,\n                 from /usr/local/systemc-2.3.3/include/systemc:74,\n                 from /usr/local/systemc-2.3.3/include/systemc.h:219,\n                 from main.cpp:2:\n/usr/local/systemc-2.3.3/include/sysc/utils/sc_report_handler.h:62:17: note: candidate: ‘static void sc_core::sc_report_handler::report(sc_core::sc_severity, const char*, const char*, const char*, int)’\n   62 |     static void report(sc_severity,\n      |                 ^~~~~~\n/usr/local/systemc-2.3.3/include/sysc/utils/sc_report_handler.h:62:17: note:   candidate expects 5 arguments, 3 provided\n/usr/local/systemc-2.3.3/include/sysc/utils/sc_report_handler.h:68:17: note: candidate: ‘static void sc_core::sc_report_handler::report(sc_core::sc_severity, const char*, const char*, int, const char*, int)’\n   68 |     static void report( sc_severity,\n      |                 ^~~~~~\n/usr/local/systemc-2.3.3/include/sysc/utils/sc_report_handler.h:68:17: note:   candidate expects 6 arguments, 3 provided\n/usr/local/systemc-2.3.3/include/sysc/utils/sc_report_handler.h:168:17: note: candidate: ‘static void sc_core::sc_report_handler::report(sc_core::sc_severity, int, const char*, const char*, int)’\n  168 |     static void report(sc_severity,\n      |                 ^~~~~~\n/usr/local/systemc-2.3.3/include/sysc/utils/sc_report_handler.h:168:17: note:   candidate expects 5 arguments, 3 provided\n"
    },
    {
        "dir": "./FindtheNormalandTraceofaMatrix.cpp",
        "compilable": true,
        "unit_test_pass": true,
        "error_msg": ""
    },
    {
        "dir": "./CalculatethePowerofaNumber.cpp",
        "compilable": false,
        "unit_test_pass": false,
        "error_msg": "main.cpp: In member function ‘void PowerCalculator::calculate_power()’:\nmain.cpp:10:16: error: ‘sc_fixed’ is not a member of ‘sc_dt’; did you mean ‘sc_signed’?\n   10 |         sc_dt::sc_fixed<16, 8> x(6.1);  // Fixed-point representation for x\n      |                ^~~~~~~~\n      |                sc_signed\nmain.cpp:10:32: error: ‘x’ was not declared in this scope\n   10 |         sc_dt::sc_fixed<16, 8> x(6.1);  // Fixed-point representation for x\n      |                                ^\nmain.cpp:11:16: error: ‘sc_fixed’ is not a member of ‘sc_dt’; did you mean ‘sc_signed’?\n   11 |         sc_dt::sc_fixed<16, 8> y(4.8);  // Fixed-point representation for y\n      |                ^~~~~~~~\n      |                sc_signed\nmain.cpp:11:32: error: ‘y’ was not declared in this scope; did you mean ‘yn’?\n   11 |         sc_dt::sc_fixed<16, 8> y(4.8);  // Fixed-point representation for y\n      |                                ^\n      |                                yn\nmain.cpp:12:16: error: ‘sc_fixed’ is not a member of ‘sc_dt’; did you mean ‘sc_signed’?\n   12 |         sc_dt::sc_fixed<32, 16> result; // Larger fixed-point type to store result\n      |                ^~~~~~~~\n      |                sc_signed\nmain.cpp:12:33: error: ‘result’ was not declared in this scope\n   12 |         sc_dt::sc_fixed<32, 16> result; // Larger fixed-point type to store result\n      |                                 ^~~~~~\n"
    },
    {
        "dir": "./InterchangeElementsofFirstAndLastRowsinMatrix.cpp",
        "compilable": false,
        "unit_test_pass": false,
        "error_msg": "main.cpp: In member function ‘void MatrixManipulator::printMatrix()’:\nmain.cpp:32:74: error: ‘sc_string_concat’ was not declared in this scope\n   32 |                     sc_report_handler::report(sc_core::SC_INFO, \"PRINT\", sc_string_concat(\"Element[\", i, \"][\", j, \"] = \", matrix[i][j]));\n      |                                                                          ^~~~~~~~~~~~~~~~\nmain.cpp:34:42: error: no matching function for call to ‘sc_core::sc_report_handler::report(sc_core::sc_severity, const char [6], const char [1])’\n   34 |                 sc_report_handler::report(sc_core::SC_INFO, \"PRINT\", \"\");\n      |                 ~~~~~~~~~~~~~~~~~~~~~~~~~^~~~~~~~~~~~~~~~~~~~~~~~~~~~~~~\nIn file included from /usr/local/systemc-2.3.3/include/sysc/utils/sc_report.h:289,\n                 from /usr/local/systemc-2.3.3/include/sysc/kernel/sc_kernel_ids.h:33,\n                 from /usr/local/systemc-2.3.3/include/sysc/kernel/sc_module.h:34,\n                 from /usr/local/systemc-2.3.3/include/systemc:74,\n                 from /usr/local/systemc-2.3.3/include/systemc.h:219,\n                 from main.cpp:2:\n/usr/local/systemc-2.3.3/include/sysc/utils/sc_report_handler.h:62:17: note: candidate: ‘static void sc_core::sc_report_handler::report(sc_core::sc_severity, const char*, const char*, const char*, int)’\n   62 |     static void report(sc_severity,\n      |                 ^~~~~~\n/usr/local/systemc-2.3.3/include/sysc/utils/sc_report_handler.h:62:17: note:   candidate expects 5 arguments, 3 provided\n/usr/local/systemc-2.3.3/include/sysc/utils/sc_report_handler.h:68:17: note: candidate: ‘static void sc_core::sc_report_handler::report(sc_core::sc_severity, const char*, const char*, int, const char*, int)’\n   68 |     static void report( sc_severity,\n      |                 ^~~~~~\n/usr/local/systemc-2.3.3/include/sysc/utils/sc_report_handler.h:68:17: note:   candidate expects 6 arguments, 3 provided\n/usr/local/systemc-2.3.3/include/sysc/utils/sc_report_handler.h:168:17: note: candidate: ‘static void sc_core::sc_report_handler::report(sc_core::sc_severity, int, const char*, const char*, int)’\n  168 |     static void report(sc_severity,\n      |                 ^~~~~~\n/usr/local/systemc-2.3.3/include/sysc/utils/sc_report_handler.h:168:17: note:   candidate expects 5 arguments, 3 provided\n"
    },
    {
        "dir": "./AreaAndPerimeterofRectangle.cpp",
        "compilable": true,
        "unit_test_pass": true,
        "error_msg": ""
    },
    {
        "dir": "./DisplayArmstrongNumbersBetween1to1000.cpp",
        "compilable": true,
        "unit_test_pass": true,
        "error_msg": ""
    },
    {
        "dir": "./FindLCM.cpp",
        "compilable": true,
        "unit_test_pass": true,
        "error_msg": ""
    },
    {
        "dir": "./MakeaSimpleCalculator.cpp",
        "compilable": false,
        "unit_test_pass": false,
        "error_msg": "main.cpp: In member function ‘void SimpleCalculator::calculate()’:\nmain.cpp:33:31: error: ‘DBL_MAX’ was not declared in this scope\n   33 |                     result = -DBL_MAX;\n      |                               ^~~~~~~\nmain.cpp:3:1: note: ‘DBL_MAX’ is defined in header ‘<cfloat>’; did you forget to ‘#include <cfloat>’?\n    2 | #include <systemc.h>\n  +++ |+#include <cfloat>\n    3 | \nmain.cpp:38:27: error: ‘DBL_MAX’ was not declared in this scope\n   38 |                 result = -DBL_MAX;\n      |                           ^~~~~~~\nmain.cpp:38:27: note: ‘DBL_MAX’ is defined in header ‘<cfloat>’; did you forget to ‘#include <cfloat>’?\n"
    },
    {
        "dir": "./CheckWhetherTwoMatricesAreEqualorNot.cpp",
        "compilable": true,
        "unit_test_pass": true,
        "error_msg": ""
    },
    {
        "dir": "./DecimaltoBinaryConversion.cpp",
        "compilable": true,
        "unit_test_pass": true,
        "error_msg": ""
    },
    {
        "dir": "./CheckWhetheraNumberisaPalindromeorNot.cpp",
        "compilable": true,
        "unit_test_pass": false,
        "error_msg": "\n        SystemC 2.3.3-Accellera --- Mar  4 2025 16:59:36\n        Copyright (c) 1996-2018 by all Contributors,\n        ALL RIGHTS RESERVED\n"
    },
    {
        "dir": "./AddTwoNumbers.cpp",
        "compilable": true,
        "unit_test_pass": false,
        "error_msg": "\n        SystemC 2.3.3-Accellera --- Mar  4 2025 16:59:36\n        Copyright (c) 1996-2018 by all Contributors,\n        ALL RIGHTS RESERVED\n"
    },
    {
        "dir": "./ArrayRotation.cpp",
        "compilable": true,
        "unit_test_pass": true,
        "error_msg": ""
    },
    {
        "dir": "./FindCompoundInterest.cpp",
        "compilable": false,
        "unit_test_pass": false,
        "error_msg": "main.cpp: In member function ‘void CompoundInterestCalculator::calculate()’:\nmain.cpp:19:28: error: ‘message’ is not a member of ‘sc_core::sc_report_handler’\n   19 |         sc_report_handler::message(sc_core::SC_INFO, \"COMPOUND_INTEREST\",\n      |                            ^~~~~~~\n"
    },
    {
        "dir": "./CheckiftwoArraysareEqualornot.cpp",
        "compilable": true,
        "unit_test_pass": false,
        "error_msg": "\n        SystemC 2.3.3-Accellera --- Mar  4 2025 16:59:36\n        Copyright (c) 1996-2018 by all Contributors,\n        ALL RIGHTS RESERVED\n"
    },
    {
        "dir": "./HexadecimaltoDecimalConversion.cpp",
        "compilable": true,
        "unit_test_pass": false,
        "error_msg": "\n        SystemC 2.3.3-Accellera --- Mar  4 2025 16:59:36\n        Copyright (c) 1996-2018 by all Contributors,\n        ALL RIGHTS RESERVED\n"
    },
    {
        "dir": "./CheckArmstrongNumber.cpp",
        "compilable": true,
        "unit_test_pass": true,
        "error_msg": ""
    },
    {
        "dir": "./FindtheMaximumandMinimuminanArray.cpp",
        "compilable": true,
        "unit_test_pass": false,
        "error_msg": "\n        SystemC 2.3.3-Accellera --- Mar  4 2025 16:59:36\n        Copyright (c) 1996-2018 by all Contributors,\n        ALL RIGHTS RESERVED\n"
    },
    {
        "dir": "./ComputetheSumofDiagonalsofaMatrix.cpp",
        "compilable": true,
        "unit_test_pass": true,
        "error_msg": ""
    },
    {
        "dir": "./DisplayFactorsofaNaturalNumber.cpp",
        "compilable": true,
        "unit_test_pass": false,
        "error_msg": "\n        SystemC 2.3.3-Accellera --- Mar  4 2025 16:59:36\n        Copyright (c) 1996-2018 by all Contributors,\n        ALL RIGHTS RESERVED\n"
    },
    {
        "dir": "./SearchanElementinanArray_LinearSearch.cpp",
        "compilable": true,
        "unit_test_pass": true,
        "error_msg": ""
    },
    {
        "dir": "./ReverseaNumber.cpp",
        "compilable": true,
        "unit_test_pass": true,
        "error_msg": ""
    },
    {
        "dir": "./MultiplyTwoMatrices.cpp",
        "compilable": true,
        "unit_test_pass": true,
        "error_msg": ""
    },
    {
        "dir": "./MergeTwoArrays.cpp",
        "compilable": true,
        "unit_test_pass": false,
        "error_msg": "\n        SystemC 2.3.3-Accellera --- Mar  4 2025 16:59:36\n        Copyright (c) 1996-2018 by all Contributors,\n        ALL RIGHTS RESERVED\n"
    },
    {
        "dir": "./RemoveDuplicateElementsFromanArray.cpp",
        "compilable": false,
        "unit_test_pass": false,
        "error_msg": "main.cpp: In constructor ‘RemoveDuplicatesModule::RemoveDuplicatesModule(sc_core::sc_module_name)’:\nmain.cpp:13:26: error: ‘class sc_core::sc_in<sc_dt::sc_uint<32> >’ has no member named ‘pos’\n   13 |         sensitive << clk.pos();\n      |                          ^~~\n"
    },
    {
        "dir": "./RemoveAllOccurrencesofanElementinanArray.cpp",
        "compilable": false,
        "unit_test_pass": false,
        "error_msg": "main.cpp: In function ‘int sc_main(int, char**)’:\nmain.cpp:74:35: error: no match for call to ‘(sc_core::sc_fifo<sc_dt::sc_int<32> >) (sc_core::sc_fifo<sc_dt::sc_int<32> >&)’\n   74 |     remove_occurrences_inst.result(result);\n      |     ~~~~~~~~~~~~~~~~~~~~~~~~~~~~~~^~~~~~~~\nmain.cpp:84:20: error: ‘class sc_core::sc_fifo<sc_dt::sc_int<32> >’ has no member named ‘empty’\n   84 |     while (!result.empty()) {\n      |                    ^~~~~\n"
    },
    {
        "dir": "./MultiplyTwoFloating-PointNumbers.cpp",
        "compilable": true,
        "unit_test_pass": true,
        "error_msg": ""
    },
    {
        "dir": "./BinarytoOctalConversion.cpp",
        "compilable": true,
        "unit_test_pass": true,
        "error_msg": ""
    },
    {
        "dir": "./AddTwoBinaryStrings.cpp",
        "compilable": false,
        "unit_test_pass": false,
        "error_msg": "main.cpp: In member function ‘void BinaryAdder::add()’:\nmain.cpp:23:29: error: cannot convert ‘sc_dt::sc_bitref<sc_dt::sc_bv_base>’ to ‘bool’ in initialization\n   23 |             bool bit_a = a[i];\n      |                             ^\nmain.cpp:24:29: error: cannot convert ‘sc_dt::sc_bitref<sc_dt::sc_bv_base>’ to ‘bool’ in initialization\n   24 |             bool bit_b = b[i];\n      |                             ^\n"
    },
    {
        "dir": "./FindLargestAmong3Numbers.cpp",
        "compilable": true,
        "unit_test_pass": true,
        "error_msg": ""
    },
    {
        "dir": "./FindtheTransposeofaMatrix.cpp",
        "compilable": true,
        "unit_test_pass": true,
        "error_msg": ""
    }
]